[2025-03-10T03:52:22.168+0000] {processor.py:186} INFO - Started process (PID=117952) to work on /home/Ashreem/airflow/dags/stage_dag.py
[2025-03-10T03:52:22.170+0000] {processor.py:914} INFO - Processing file /home/Ashreem/airflow/dags/stage_dag.py for tasks to queue
[2025-03-10T03:52:22.174+0000] {logging_mixin.py:190} INFO - [2025-03-10T03:52:22.174+0000] {dagbag.py:588} INFO - Filling up the DagBag from /home/Ashreem/airflow/dags/stage_dag.py
[2025-03-10T03:52:22.196+0000] {logging_mixin.py:190} INFO - [2025-03-10T03:52:22.191+0000] {dagbag.py:484} ERROR - Failed to bag_dag: /home/Ashreem/airflow/dags/stage_dag.py
Traceback (most recent call last):
  File "/home/Ashreem/airflow-env/lib/python3.12/site-packages/airflow/timetables/_cron.py", line 102, in validate
    croniter(self._expression)
  File "/home/Ashreem/airflow-env/lib/python3.12/site-packages/croniter/croniter.py", line 268, in __init__
    self.expanded, self.nth_weekday_of_month = self.expand(
                                               ^^^^^^^^^^^^
  File "/home/Ashreem/airflow-env/lib/python3.12/site-packages/croniter/croniter.py", line 1113, in expand
    return cls._expand(
           ^^^^^^^^^^^^
  File "/home/Ashreem/airflow-env/lib/python3.12/site-packages/croniter/croniter.py", line 852, in _expand
    raise CroniterBadCronError("Exactly 5, 6 or 7 columns has to be specified for iterator expression.")
croniter.croniter.CroniterBadCronError: Exactly 5, 6 or 7 columns has to be specified for iterator expression.

During handling of the above exception, another exception occurred:

Traceback (most recent call last):
  File "/home/Ashreem/airflow-env/lib/python3.12/site-packages/airflow/models/dagbag.py", line 479, in _process_modules
    dag.validate()
  File "/home/Ashreem/airflow-env/lib/python3.12/site-packages/airflow/models/dag.py", line 845, in validate
    self.timetable.validate()
  File "/home/Ashreem/airflow-env/lib/python3.12/site-packages/airflow/timetables/_cron.py", line 104, in validate
    raise AirflowTimetableInvalid(str(e))
airflow.exceptions.AirflowTimetableInvalid: Exactly 5, 6 or 7 columns has to be specified for iterator expression.
[2025-03-10T03:52:22.197+0000] {processor.py:927} WARNING - No viable dags retrieved from /home/Ashreem/airflow/dags/stage_dag.py
[2025-03-10T03:52:22.230+0000] {processor.py:208} INFO - Processing /home/Ashreem/airflow/dags/stage_dag.py took 0.074 seconds
[2025-03-10T03:52:40.145+0000] {processor.py:186} INFO - Started process (PID=117956) to work on /home/Ashreem/airflow/dags/stage_dag.py
[2025-03-10T03:52:40.147+0000] {processor.py:914} INFO - Processing file /home/Ashreem/airflow/dags/stage_dag.py for tasks to queue
[2025-03-10T03:52:40.151+0000] {logging_mixin.py:190} INFO - [2025-03-10T03:52:40.151+0000] {dagbag.py:588} INFO - Filling up the DagBag from /home/Ashreem/airflow/dags/stage_dag.py
[2025-03-10T03:52:40.172+0000] {logging_mixin.py:190} INFO - [2025-03-10T03:52:40.169+0000] {dagbag.py:484} ERROR - Failed to bag_dag: /home/Ashreem/airflow/dags/stage_dag.py
Traceback (most recent call last):
  File "/home/Ashreem/airflow-env/lib/python3.12/site-packages/airflow/timetables/_cron.py", line 102, in validate
    croniter(self._expression)
  File "/home/Ashreem/airflow-env/lib/python3.12/site-packages/croniter/croniter.py", line 268, in __init__
    self.expanded, self.nth_weekday_of_month = self.expand(
                                               ^^^^^^^^^^^^
  File "/home/Ashreem/airflow-env/lib/python3.12/site-packages/croniter/croniter.py", line 1113, in expand
    return cls._expand(
           ^^^^^^^^^^^^
  File "/home/Ashreem/airflow-env/lib/python3.12/site-packages/croniter/croniter.py", line 852, in _expand
    raise CroniterBadCronError("Exactly 5, 6 or 7 columns has to be specified for iterator expression.")
croniter.croniter.CroniterBadCronError: Exactly 5, 6 or 7 columns has to be specified for iterator expression.

During handling of the above exception, another exception occurred:

Traceback (most recent call last):
  File "/home/Ashreem/airflow-env/lib/python3.12/site-packages/airflow/models/dagbag.py", line 479, in _process_modules
    dag.validate()
  File "/home/Ashreem/airflow-env/lib/python3.12/site-packages/airflow/models/dag.py", line 845, in validate
    self.timetable.validate()
  File "/home/Ashreem/airflow-env/lib/python3.12/site-packages/airflow/timetables/_cron.py", line 104, in validate
    raise AirflowTimetableInvalid(str(e))
airflow.exceptions.AirflowTimetableInvalid: Exactly 5, 6 or 7 columns has to be specified for iterator expression.
[2025-03-10T03:52:40.172+0000] {processor.py:927} WARNING - No viable dags retrieved from /home/Ashreem/airflow/dags/stage_dag.py
[2025-03-10T03:52:40.205+0000] {processor.py:208} INFO - Processing /home/Ashreem/airflow/dags/stage_dag.py took 0.070 seconds
[2025-03-10T03:52:41.751+0000] {processor.py:186} INFO - Started process (PID=117958) to work on /home/Ashreem/airflow/dags/stage_dag.py
[2025-03-10T03:52:41.752+0000] {processor.py:914} INFO - Processing file /home/Ashreem/airflow/dags/stage_dag.py for tasks to queue
[2025-03-10T03:52:41.756+0000] {logging_mixin.py:190} INFO - [2025-03-10T03:52:41.756+0000] {dagbag.py:588} INFO - Filling up the DagBag from /home/Ashreem/airflow/dags/stage_dag.py
[2025-03-10T03:52:41.780+0000] {logging_mixin.py:190} INFO - [2025-03-10T03:52:41.777+0000] {dagbag.py:484} ERROR - Failed to bag_dag: /home/Ashreem/airflow/dags/stage_dag.py
Traceback (most recent call last):
  File "/home/Ashreem/airflow-env/lib/python3.12/site-packages/airflow/timetables/_cron.py", line 102, in validate
    croniter(self._expression)
  File "/home/Ashreem/airflow-env/lib/python3.12/site-packages/croniter/croniter.py", line 268, in __init__
    self.expanded, self.nth_weekday_of_month = self.expand(
                                               ^^^^^^^^^^^^
  File "/home/Ashreem/airflow-env/lib/python3.12/site-packages/croniter/croniter.py", line 1113, in expand
    return cls._expand(
           ^^^^^^^^^^^^
  File "/home/Ashreem/airflow-env/lib/python3.12/site-packages/croniter/croniter.py", line 852, in _expand
    raise CroniterBadCronError("Exactly 5, 6 or 7 columns has to be specified for iterator expression.")
croniter.croniter.CroniterBadCronError: Exactly 5, 6 or 7 columns has to be specified for iterator expression.

During handling of the above exception, another exception occurred:

Traceback (most recent call last):
  File "/home/Ashreem/airflow-env/lib/python3.12/site-packages/airflow/models/dagbag.py", line 479, in _process_modules
    dag.validate()
  File "/home/Ashreem/airflow-env/lib/python3.12/site-packages/airflow/models/dag.py", line 845, in validate
    self.timetable.validate()
  File "/home/Ashreem/airflow-env/lib/python3.12/site-packages/airflow/timetables/_cron.py", line 104, in validate
    raise AirflowTimetableInvalid(str(e))
airflow.exceptions.AirflowTimetableInvalid: Exactly 5, 6 or 7 columns has to be specified for iterator expression.
[2025-03-10T03:52:41.781+0000] {processor.py:927} WARNING - No viable dags retrieved from /home/Ashreem/airflow/dags/stage_dag.py
[2025-03-10T03:52:41.826+0000] {processor.py:208} INFO - Processing /home/Ashreem/airflow/dags/stage_dag.py took 0.083 seconds
[2025-03-10T03:53:08.600+0000] {processor.py:186} INFO - Started process (PID=117968) to work on /home/Ashreem/airflow/dags/stage_dag.py
[2025-03-10T03:53:08.601+0000] {processor.py:914} INFO - Processing file /home/Ashreem/airflow/dags/stage_dag.py for tasks to queue
[2025-03-10T03:53:08.604+0000] {logging_mixin.py:190} INFO - [2025-03-10T03:53:08.604+0000] {dagbag.py:588} INFO - Filling up the DagBag from /home/Ashreem/airflow/dags/stage_dag.py
[2025-03-10T03:53:08.625+0000] {logging_mixin.py:190} INFO - [2025-03-10T03:53:08.623+0000] {dagbag.py:484} ERROR - Failed to bag_dag: /home/Ashreem/airflow/dags/stage_dag.py
Traceback (most recent call last):
  File "/home/Ashreem/airflow-env/lib/python3.12/site-packages/airflow/timetables/_cron.py", line 102, in validate
    croniter(self._expression)
  File "/home/Ashreem/airflow-env/lib/python3.12/site-packages/croniter/croniter.py", line 268, in __init__
    self.expanded, self.nth_weekday_of_month = self.expand(
                                               ^^^^^^^^^^^^
  File "/home/Ashreem/airflow-env/lib/python3.12/site-packages/croniter/croniter.py", line 1113, in expand
    return cls._expand(
           ^^^^^^^^^^^^
  File "/home/Ashreem/airflow-env/lib/python3.12/site-packages/croniter/croniter.py", line 852, in _expand
    raise CroniterBadCronError("Exactly 5, 6 or 7 columns has to be specified for iterator expression.")
croniter.croniter.CroniterBadCronError: Exactly 5, 6 or 7 columns has to be specified for iterator expression.

During handling of the above exception, another exception occurred:

Traceback (most recent call last):
  File "/home/Ashreem/airflow-env/lib/python3.12/site-packages/airflow/models/dagbag.py", line 479, in _process_modules
    dag.validate()
  File "/home/Ashreem/airflow-env/lib/python3.12/site-packages/airflow/models/dag.py", line 845, in validate
    self.timetable.validate()
  File "/home/Ashreem/airflow-env/lib/python3.12/site-packages/airflow/timetables/_cron.py", line 104, in validate
    raise AirflowTimetableInvalid(str(e))
airflow.exceptions.AirflowTimetableInvalid: Exactly 5, 6 or 7 columns has to be specified for iterator expression.
[2025-03-10T03:53:08.626+0000] {processor.py:927} WARNING - No viable dags retrieved from /home/Ashreem/airflow/dags/stage_dag.py
[2025-03-10T03:53:08.656+0000] {processor.py:208} INFO - Processing /home/Ashreem/airflow/dags/stage_dag.py took 0.064 seconds
[2025-03-10T03:53:39.290+0000] {processor.py:186} INFO - Started process (PID=117977) to work on /home/Ashreem/airflow/dags/stage_dag.py
[2025-03-10T03:53:39.299+0000] {processor.py:914} INFO - Processing file /home/Ashreem/airflow/dags/stage_dag.py for tasks to queue
[2025-03-10T03:53:39.302+0000] {logging_mixin.py:190} INFO - [2025-03-10T03:53:39.302+0000] {dagbag.py:588} INFO - Filling up the DagBag from /home/Ashreem/airflow/dags/stage_dag.py
[2025-03-10T03:53:39.320+0000] {logging_mixin.py:190} INFO - [2025-03-10T03:53:39.318+0000] {dagbag.py:484} ERROR - Failed to bag_dag: /home/Ashreem/airflow/dags/stage_dag.py
Traceback (most recent call last):
  File "/home/Ashreem/airflow-env/lib/python3.12/site-packages/airflow/timetables/_cron.py", line 102, in validate
    croniter(self._expression)
  File "/home/Ashreem/airflow-env/lib/python3.12/site-packages/croniter/croniter.py", line 268, in __init__
    self.expanded, self.nth_weekday_of_month = self.expand(
                                               ^^^^^^^^^^^^
  File "/home/Ashreem/airflow-env/lib/python3.12/site-packages/croniter/croniter.py", line 1113, in expand
    return cls._expand(
           ^^^^^^^^^^^^
  File "/home/Ashreem/airflow-env/lib/python3.12/site-packages/croniter/croniter.py", line 852, in _expand
    raise CroniterBadCronError("Exactly 5, 6 or 7 columns has to be specified for iterator expression.")
croniter.croniter.CroniterBadCronError: Exactly 5, 6 or 7 columns has to be specified for iterator expression.

During handling of the above exception, another exception occurred:

Traceback (most recent call last):
  File "/home/Ashreem/airflow-env/lib/python3.12/site-packages/airflow/models/dagbag.py", line 479, in _process_modules
    dag.validate()
  File "/home/Ashreem/airflow-env/lib/python3.12/site-packages/airflow/models/dag.py", line 845, in validate
    self.timetable.validate()
  File "/home/Ashreem/airflow-env/lib/python3.12/site-packages/airflow/timetables/_cron.py", line 104, in validate
    raise AirflowTimetableInvalid(str(e))
airflow.exceptions.AirflowTimetableInvalid: Exactly 5, 6 or 7 columns has to be specified for iterator expression.
[2025-03-10T03:53:39.321+0000] {processor.py:927} WARNING - No viable dags retrieved from /home/Ashreem/airflow/dags/stage_dag.py
[2025-03-10T03:53:39.351+0000] {processor.py:208} INFO - Processing /home/Ashreem/airflow/dags/stage_dag.py took 0.069 seconds
[2025-03-10T03:54:09.972+0000] {processor.py:186} INFO - Started process (PID=117987) to work on /home/Ashreem/airflow/dags/stage_dag.py
[2025-03-10T03:54:09.973+0000] {processor.py:914} INFO - Processing file /home/Ashreem/airflow/dags/stage_dag.py for tasks to queue
[2025-03-10T03:54:09.977+0000] {logging_mixin.py:190} INFO - [2025-03-10T03:54:09.976+0000] {dagbag.py:588} INFO - Filling up the DagBag from /home/Ashreem/airflow/dags/stage_dag.py
[2025-03-10T03:54:09.996+0000] {logging_mixin.py:190} INFO - [2025-03-10T03:54:09.993+0000] {dagbag.py:484} ERROR - Failed to bag_dag: /home/Ashreem/airflow/dags/stage_dag.py
Traceback (most recent call last):
  File "/home/Ashreem/airflow-env/lib/python3.12/site-packages/airflow/timetables/_cron.py", line 102, in validate
    croniter(self._expression)
  File "/home/Ashreem/airflow-env/lib/python3.12/site-packages/croniter/croniter.py", line 268, in __init__
    self.expanded, self.nth_weekday_of_month = self.expand(
                                               ^^^^^^^^^^^^
  File "/home/Ashreem/airflow-env/lib/python3.12/site-packages/croniter/croniter.py", line 1113, in expand
    return cls._expand(
           ^^^^^^^^^^^^
  File "/home/Ashreem/airflow-env/lib/python3.12/site-packages/croniter/croniter.py", line 852, in _expand
    raise CroniterBadCronError("Exactly 5, 6 or 7 columns has to be specified for iterator expression.")
croniter.croniter.CroniterBadCronError: Exactly 5, 6 or 7 columns has to be specified for iterator expression.

During handling of the above exception, another exception occurred:

Traceback (most recent call last):
  File "/home/Ashreem/airflow-env/lib/python3.12/site-packages/airflow/models/dagbag.py", line 479, in _process_modules
    dag.validate()
  File "/home/Ashreem/airflow-env/lib/python3.12/site-packages/airflow/models/dag.py", line 845, in validate
    self.timetable.validate()
  File "/home/Ashreem/airflow-env/lib/python3.12/site-packages/airflow/timetables/_cron.py", line 104, in validate
    raise AirflowTimetableInvalid(str(e))
airflow.exceptions.AirflowTimetableInvalid: Exactly 5, 6 or 7 columns has to be specified for iterator expression.
[2025-03-10T03:54:09.996+0000] {processor.py:927} WARNING - No viable dags retrieved from /home/Ashreem/airflow/dags/stage_dag.py
[2025-03-10T03:54:10.031+0000] {processor.py:208} INFO - Processing /home/Ashreem/airflow/dags/stage_dag.py took 0.066 seconds
[2025-03-10T03:54:40.657+0000] {processor.py:186} INFO - Started process (PID=117999) to work on /home/Ashreem/airflow/dags/stage_dag.py
[2025-03-10T03:54:40.659+0000] {processor.py:914} INFO - Processing file /home/Ashreem/airflow/dags/stage_dag.py for tasks to queue
[2025-03-10T03:54:40.662+0000] {logging_mixin.py:190} INFO - [2025-03-10T03:54:40.661+0000] {dagbag.py:588} INFO - Filling up the DagBag from /home/Ashreem/airflow/dags/stage_dag.py
[2025-03-10T03:54:40.684+0000] {logging_mixin.py:190} INFO - [2025-03-10T03:54:40.681+0000] {dagbag.py:484} ERROR - Failed to bag_dag: /home/Ashreem/airflow/dags/stage_dag.py
Traceback (most recent call last):
  File "/home/Ashreem/airflow-env/lib/python3.12/site-packages/airflow/timetables/_cron.py", line 102, in validate
    croniter(self._expression)
  File "/home/Ashreem/airflow-env/lib/python3.12/site-packages/croniter/croniter.py", line 268, in __init__
    self.expanded, self.nth_weekday_of_month = self.expand(
                                               ^^^^^^^^^^^^
  File "/home/Ashreem/airflow-env/lib/python3.12/site-packages/croniter/croniter.py", line 1113, in expand
    return cls._expand(
           ^^^^^^^^^^^^
  File "/home/Ashreem/airflow-env/lib/python3.12/site-packages/croniter/croniter.py", line 852, in _expand
    raise CroniterBadCronError("Exactly 5, 6 or 7 columns has to be specified for iterator expression.")
croniter.croniter.CroniterBadCronError: Exactly 5, 6 or 7 columns has to be specified for iterator expression.

During handling of the above exception, another exception occurred:

Traceback (most recent call last):
  File "/home/Ashreem/airflow-env/lib/python3.12/site-packages/airflow/models/dagbag.py", line 479, in _process_modules
    dag.validate()
  File "/home/Ashreem/airflow-env/lib/python3.12/site-packages/airflow/models/dag.py", line 845, in validate
    self.timetable.validate()
  File "/home/Ashreem/airflow-env/lib/python3.12/site-packages/airflow/timetables/_cron.py", line 104, in validate
    raise AirflowTimetableInvalid(str(e))
airflow.exceptions.AirflowTimetableInvalid: Exactly 5, 6 or 7 columns has to be specified for iterator expression.
[2025-03-10T03:54:40.685+0000] {processor.py:927} WARNING - No viable dags retrieved from /home/Ashreem/airflow/dags/stage_dag.py
[2025-03-10T03:54:40.717+0000] {processor.py:208} INFO - Processing /home/Ashreem/airflow/dags/stage_dag.py took 0.068 seconds
[2025-03-10T03:55:11.352+0000] {processor.py:186} INFO - Started process (PID=118012) to work on /home/Ashreem/airflow/dags/stage_dag.py
[2025-03-10T03:55:11.354+0000] {processor.py:914} INFO - Processing file /home/Ashreem/airflow/dags/stage_dag.py for tasks to queue
[2025-03-10T03:55:11.357+0000] {logging_mixin.py:190} INFO - [2025-03-10T03:55:11.357+0000] {dagbag.py:588} INFO - Filling up the DagBag from /home/Ashreem/airflow/dags/stage_dag.py
[2025-03-10T03:55:11.378+0000] {logging_mixin.py:190} INFO - [2025-03-10T03:55:11.373+0000] {dagbag.py:484} ERROR - Failed to bag_dag: /home/Ashreem/airflow/dags/stage_dag.py
Traceback (most recent call last):
  File "/home/Ashreem/airflow-env/lib/python3.12/site-packages/airflow/timetables/_cron.py", line 102, in validate
    croniter(self._expression)
  File "/home/Ashreem/airflow-env/lib/python3.12/site-packages/croniter/croniter.py", line 268, in __init__
    self.expanded, self.nth_weekday_of_month = self.expand(
                                               ^^^^^^^^^^^^
  File "/home/Ashreem/airflow-env/lib/python3.12/site-packages/croniter/croniter.py", line 1113, in expand
    return cls._expand(
           ^^^^^^^^^^^^
  File "/home/Ashreem/airflow-env/lib/python3.12/site-packages/croniter/croniter.py", line 852, in _expand
    raise CroniterBadCronError("Exactly 5, 6 or 7 columns has to be specified for iterator expression.")
croniter.croniter.CroniterBadCronError: Exactly 5, 6 or 7 columns has to be specified for iterator expression.

During handling of the above exception, another exception occurred:

Traceback (most recent call last):
  File "/home/Ashreem/airflow-env/lib/python3.12/site-packages/airflow/models/dagbag.py", line 479, in _process_modules
    dag.validate()
  File "/home/Ashreem/airflow-env/lib/python3.12/site-packages/airflow/models/dag.py", line 845, in validate
    self.timetable.validate()
  File "/home/Ashreem/airflow-env/lib/python3.12/site-packages/airflow/timetables/_cron.py", line 104, in validate
    raise AirflowTimetableInvalid(str(e))
airflow.exceptions.AirflowTimetableInvalid: Exactly 5, 6 or 7 columns has to be specified for iterator expression.
[2025-03-10T03:55:11.379+0000] {processor.py:927} WARNING - No viable dags retrieved from /home/Ashreem/airflow/dags/stage_dag.py
[2025-03-10T03:55:11.412+0000] {processor.py:208} INFO - Processing /home/Ashreem/airflow/dags/stage_dag.py took 0.067 seconds
[2025-03-10T03:55:16.500+0000] {processor.py:186} INFO - Started process (PID=118013) to work on /home/Ashreem/airflow/dags/stage_dag.py
[2025-03-10T03:55:16.502+0000] {processor.py:914} INFO - Processing file /home/Ashreem/airflow/dags/stage_dag.py for tasks to queue
[2025-03-10T03:55:16.505+0000] {logging_mixin.py:190} INFO - [2025-03-10T03:55:16.504+0000] {dagbag.py:588} INFO - Filling up the DagBag from /home/Ashreem/airflow/dags/stage_dag.py
[2025-03-10T03:55:16.524+0000] {logging_mixin.py:190} INFO - [2025-03-10T03:55:16.522+0000] {dagbag.py:484} ERROR - Failed to bag_dag: /home/Ashreem/airflow/dags/stage_dag.py
Traceback (most recent call last):
  File "/home/Ashreem/airflow-env/lib/python3.12/site-packages/airflow/timetables/_cron.py", line 102, in validate
    croniter(self._expression)
  File "/home/Ashreem/airflow-env/lib/python3.12/site-packages/croniter/croniter.py", line 268, in __init__
    self.expanded, self.nth_weekday_of_month = self.expand(
                                               ^^^^^^^^^^^^
  File "/home/Ashreem/airflow-env/lib/python3.12/site-packages/croniter/croniter.py", line 1113, in expand
    return cls._expand(
           ^^^^^^^^^^^^
  File "/home/Ashreem/airflow-env/lib/python3.12/site-packages/croniter/croniter.py", line 852, in _expand
    raise CroniterBadCronError("Exactly 5, 6 or 7 columns has to be specified for iterator expression.")
croniter.croniter.CroniterBadCronError: Exactly 5, 6 or 7 columns has to be specified for iterator expression.

During handling of the above exception, another exception occurred:

Traceback (most recent call last):
  File "/home/Ashreem/airflow-env/lib/python3.12/site-packages/airflow/models/dagbag.py", line 479, in _process_modules
    dag.validate()
  File "/home/Ashreem/airflow-env/lib/python3.12/site-packages/airflow/models/dag.py", line 845, in validate
    self.timetable.validate()
  File "/home/Ashreem/airflow-env/lib/python3.12/site-packages/airflow/timetables/_cron.py", line 104, in validate
    raise AirflowTimetableInvalid(str(e))
airflow.exceptions.AirflowTimetableInvalid: Exactly 5, 6 or 7 columns has to be specified for iterator expression.
[2025-03-10T03:55:16.525+0000] {processor.py:927} WARNING - No viable dags retrieved from /home/Ashreem/airflow/dags/stage_dag.py
[2025-03-10T03:55:16.562+0000] {processor.py:208} INFO - Processing /home/Ashreem/airflow/dags/stage_dag.py took 0.070 seconds
[2025-03-10T03:55:40.837+0000] {processor.py:186} INFO - Started process (PID=118023) to work on /home/Ashreem/airflow/dags/stage_dag.py
[2025-03-10T03:55:40.838+0000] {processor.py:914} INFO - Processing file /home/Ashreem/airflow/dags/stage_dag.py for tasks to queue
[2025-03-10T03:55:40.841+0000] {logging_mixin.py:190} INFO - [2025-03-10T03:55:40.841+0000] {dagbag.py:588} INFO - Filling up the DagBag from /home/Ashreem/airflow/dags/stage_dag.py
[2025-03-10T03:55:40.850+0000] {logging_mixin.py:190} INFO - [2025-03-10T03:55:40.846+0000] {dagbag.py:387} ERROR - Failed to import: /home/Ashreem/airflow/dags/stage_dag.py
Traceback (most recent call last):
  File "/home/Ashreem/airflow-env/lib/python3.12/site-packages/airflow/models/dagbag.py", line 383, in parse
    loader.exec_module(new_module)
  File "<frozen importlib._bootstrap_external>", line 995, in exec_module
  File "<frozen importlib._bootstrap>", line 488, in _call_with_frames_removed
  File "/home/Ashreem/airflow/dags/stage_dag.py", line 111, in <module>
    load_target()
    ^^^^^^^^^^^
NameError: name 'load_target' is not defined. Did you mean: 'load_stage'?
[2025-03-10T03:55:40.853+0000] {processor.py:927} WARNING - No viable dags retrieved from /home/Ashreem/airflow/dags/stage_dag.py
[2025-03-10T03:55:40.890+0000] {processor.py:208} INFO - Processing /home/Ashreem/airflow/dags/stage_dag.py took 0.062 seconds
[2025-03-10T03:56:01.687+0000] {processor.py:186} INFO - Started process (PID=118031) to work on /home/Ashreem/airflow/dags/stage_dag.py
[2025-03-10T03:56:01.689+0000] {processor.py:914} INFO - Processing file /home/Ashreem/airflow/dags/stage_dag.py for tasks to queue
[2025-03-10T03:56:01.693+0000] {logging_mixin.py:190} INFO - [2025-03-10T03:56:01.692+0000] {dagbag.py:588} INFO - Filling up the DagBag from /home/Ashreem/airflow/dags/stage_dag.py
[2025-03-10T03:56:01.701+0000] {logging_mixin.py:190} INFO - [2025-03-10T03:56:01.698+0000] {dagbag.py:387} ERROR - Failed to import: /home/Ashreem/airflow/dags/stage_dag.py
Traceback (most recent call last):
  File "/home/Ashreem/airflow-env/lib/python3.12/site-packages/airflow/models/dagbag.py", line 383, in parse
    loader.exec_module(new_module)
  File "<frozen importlib._bootstrap_external>", line 995, in exec_module
  File "<frozen importlib._bootstrap>", line 488, in _call_with_frames_removed
  File "/home/Ashreem/airflow/dags/stage_dag.py", line 111, in <module>
    load_target()
    ^^^^^^^^^^^
NameError: name 'load_target' is not defined. Did you mean: 'load_stage'?
[2025-03-10T03:56:01.704+0000] {processor.py:927} WARNING - No viable dags retrieved from /home/Ashreem/airflow/dags/stage_dag.py
[2025-03-10T03:56:01.742+0000] {processor.py:208} INFO - Processing /home/Ashreem/airflow/dags/stage_dag.py took 0.064 seconds
[2025-03-10T03:56:13.748+0000] {processor.py:186} INFO - Started process (PID=118034) to work on /home/Ashreem/airflow/dags/stage_dag.py
[2025-03-10T03:56:13.753+0000] {processor.py:914} INFO - Processing file /home/Ashreem/airflow/dags/stage_dag.py for tasks to queue
[2025-03-10T03:56:13.757+0000] {logging_mixin.py:190} INFO - [2025-03-10T03:56:13.756+0000] {dagbag.py:588} INFO - Filling up the DagBag from /home/Ashreem/airflow/dags/stage_dag.py
[2025-03-10T03:56:13.767+0000] {logging_mixin.py:190} INFO - [2025-03-10T03:56:13.763+0000] {dagbag.py:387} ERROR - Failed to import: /home/Ashreem/airflow/dags/stage_dag.py
Traceback (most recent call last):
  File "/home/Ashreem/airflow-env/lib/python3.12/site-packages/airflow/models/dagbag.py", line 383, in parse
    loader.exec_module(new_module)
  File "<frozen importlib._bootstrap_external>", line 995, in exec_module
  File "<frozen importlib._bootstrap>", line 488, in _call_with_frames_removed
  File "/home/Ashreem/airflow/dags/stage_dag.py", line 111, in <module>
    load_target()
    ^^^^^^^^^^^
NameError: name 'load_target' is not defined. Did you mean: 'load_stage'?
[2025-03-10T03:56:13.770+0000] {processor.py:927} WARNING - No viable dags retrieved from /home/Ashreem/airflow/dags/stage_dag.py
[2025-03-10T03:56:13.808+0000] {processor.py:208} INFO - Processing /home/Ashreem/airflow/dags/stage_dag.py took 0.067 seconds
[2025-03-10T03:56:28.078+0000] {processor.py:186} INFO - Started process (PID=118042) to work on /home/Ashreem/airflow/dags/stage_dag.py
[2025-03-10T03:56:28.079+0000] {processor.py:914} INFO - Processing file /home/Ashreem/airflow/dags/stage_dag.py for tasks to queue
[2025-03-10T03:56:28.082+0000] {logging_mixin.py:190} INFO - [2025-03-10T03:56:28.082+0000] {dagbag.py:588} INFO - Filling up the DagBag from /home/Ashreem/airflow/dags/stage_dag.py
[2025-03-10T03:56:28.092+0000] {logging_mixin.py:190} INFO - [2025-03-10T03:56:28.087+0000] {dagbag.py:387} ERROR - Failed to import: /home/Ashreem/airflow/dags/stage_dag.py
Traceback (most recent call last):
  File "/home/Ashreem/airflow-env/lib/python3.12/site-packages/airflow/models/dagbag.py", line 383, in parse
    loader.exec_module(new_module)
  File "<frozen importlib._bootstrap_external>", line 995, in exec_module
  File "<frozen importlib._bootstrap>", line 488, in _call_with_frames_removed
  File "/home/Ashreem/airflow/dags/stage_dag.py", line 111, in <module>
    load_target()
    ^^^^^^^^^^^
NameError: name 'load_target' is not defined. Did you mean: 'load_stage'?
[2025-03-10T03:56:28.094+0000] {processor.py:927} WARNING - No viable dags retrieved from /home/Ashreem/airflow/dags/stage_dag.py
[2025-03-10T03:56:28.127+0000] {processor.py:208} INFO - Processing /home/Ashreem/airflow/dags/stage_dag.py took 0.057 seconds
[2025-03-10T03:56:39.360+0000] {processor.py:186} INFO - Started process (PID=118044) to work on /home/Ashreem/airflow/dags/stage_dag.py
[2025-03-10T03:56:39.361+0000] {processor.py:914} INFO - Processing file /home/Ashreem/airflow/dags/stage_dag.py for tasks to queue
[2025-03-10T03:56:39.364+0000] {logging_mixin.py:190} INFO - [2025-03-10T03:56:39.364+0000] {dagbag.py:588} INFO - Filling up the DagBag from /home/Ashreem/airflow/dags/stage_dag.py
[2025-03-10T03:56:39.373+0000] {logging_mixin.py:190} INFO - [2025-03-10T03:56:39.370+0000] {dagbag.py:387} ERROR - Failed to import: /home/Ashreem/airflow/dags/stage_dag.py
Traceback (most recent call last):
  File "/home/Ashreem/airflow-env/lib/python3.12/site-packages/airflow/models/dagbag.py", line 383, in parse
    loader.exec_module(new_module)
  File "<frozen importlib._bootstrap_external>", line 995, in exec_module
  File "<frozen importlib._bootstrap>", line 488, in _call_with_frames_removed
  File "/home/Ashreem/airflow/dags/stage_dag.py", line 111, in <module>
    load_target()
    ^^^^^^^^^^^
NameError: name 'load_target' is not defined. Did you mean: 'load_stage'?
[2025-03-10T03:56:39.380+0000] {processor.py:927} WARNING - No viable dags retrieved from /home/Ashreem/airflow/dags/stage_dag.py
[2025-03-10T03:56:39.414+0000] {processor.py:208} INFO - Processing /home/Ashreem/airflow/dags/stage_dag.py took 0.062 seconds
[2025-03-10T03:56:54.755+0000] {processor.py:186} INFO - Started process (PID=118047) to work on /home/Ashreem/airflow/dags/stage_dag.py
[2025-03-10T03:56:54.756+0000] {processor.py:914} INFO - Processing file /home/Ashreem/airflow/dags/stage_dag.py for tasks to queue
[2025-03-10T03:56:54.759+0000] {logging_mixin.py:190} INFO - [2025-03-10T03:56:54.758+0000] {dagbag.py:588} INFO - Filling up the DagBag from /home/Ashreem/airflow/dags/stage_dag.py
[2025-03-10T03:56:54.767+0000] {logging_mixin.py:190} INFO - [2025-03-10T03:56:54.764+0000] {dagbag.py:387} ERROR - Failed to import: /home/Ashreem/airflow/dags/stage_dag.py
Traceback (most recent call last):
  File "/home/Ashreem/airflow-env/lib/python3.12/site-packages/airflow/models/dagbag.py", line 383, in parse
    loader.exec_module(new_module)
  File "<frozen importlib._bootstrap_external>", line 995, in exec_module
  File "<frozen importlib._bootstrap>", line 488, in _call_with_frames_removed
  File "/home/Ashreem/airflow/dags/stage_dag.py", line 111, in <module>
    load_target()
    ^^^^^^^^^^^
NameError: name 'load_target' is not defined. Did you mean: 'load_stage'?
[2025-03-10T03:56:54.770+0000] {processor.py:927} WARNING - No viable dags retrieved from /home/Ashreem/airflow/dags/stage_dag.py
[2025-03-10T03:56:54.802+0000] {processor.py:208} INFO - Processing /home/Ashreem/airflow/dags/stage_dag.py took 0.056 seconds
[2025-03-10T03:57:05.876+0000] {processor.py:186} INFO - Started process (PID=118050) to work on /home/Ashreem/airflow/dags/stage_dag.py
[2025-03-10T03:57:05.877+0000] {processor.py:914} INFO - Processing file /home/Ashreem/airflow/dags/stage_dag.py for tasks to queue
[2025-03-10T03:57:05.880+0000] {logging_mixin.py:190} INFO - [2025-03-10T03:57:05.880+0000] {dagbag.py:588} INFO - Filling up the DagBag from /home/Ashreem/airflow/dags/stage_dag.py
[2025-03-10T03:57:05.888+0000] {logging_mixin.py:190} INFO - [2025-03-10T03:57:05.885+0000] {dagbag.py:387} ERROR - Failed to import: /home/Ashreem/airflow/dags/stage_dag.py
Traceback (most recent call last):
  File "/home/Ashreem/airflow-env/lib/python3.12/site-packages/airflow/models/dagbag.py", line 383, in parse
    loader.exec_module(new_module)
  File "<frozen importlib._bootstrap_external>", line 995, in exec_module
  File "<frozen importlib._bootstrap>", line 488, in _call_with_frames_removed
  File "/home/Ashreem/airflow/dags/stage_dag.py", line 111, in <module>
    load_target()
    ^^^^^^^^^^^
NameError: name 'load_target' is not defined. Did you mean: 'load_stage'?
[2025-03-10T03:57:05.891+0000] {processor.py:927} WARNING - No viable dags retrieved from /home/Ashreem/airflow/dags/stage_dag.py
[2025-03-10T03:57:05.922+0000] {processor.py:208} INFO - Processing /home/Ashreem/airflow/dags/stage_dag.py took 0.053 seconds
[2025-03-10T03:57:12.586+0000] {processor.py:186} INFO - Started process (PID=118053) to work on /home/Ashreem/airflow/dags/stage_dag.py
[2025-03-10T03:57:12.587+0000] {processor.py:914} INFO - Processing file /home/Ashreem/airflow/dags/stage_dag.py for tasks to queue
[2025-03-10T03:57:12.590+0000] {logging_mixin.py:190} INFO - [2025-03-10T03:57:12.589+0000] {dagbag.py:588} INFO - Filling up the DagBag from /home/Ashreem/airflow/dags/stage_dag.py
[2025-03-10T03:57:12.609+0000] {logging_mixin.py:190} INFO - [2025-03-10T03:57:12.607+0000] {dagbag.py:484} ERROR - Failed to bag_dag: /home/Ashreem/airflow/dags/stage_dag.py
Traceback (most recent call last):
  File "/home/Ashreem/airflow-env/lib/python3.12/site-packages/airflow/timetables/_cron.py", line 102, in validate
    croniter(self._expression)
  File "/home/Ashreem/airflow-env/lib/python3.12/site-packages/croniter/croniter.py", line 268, in __init__
    self.expanded, self.nth_weekday_of_month = self.expand(
                                               ^^^^^^^^^^^^
  File "/home/Ashreem/airflow-env/lib/python3.12/site-packages/croniter/croniter.py", line 1113, in expand
    return cls._expand(
           ^^^^^^^^^^^^
  File "/home/Ashreem/airflow-env/lib/python3.12/site-packages/croniter/croniter.py", line 852, in _expand
    raise CroniterBadCronError("Exactly 5, 6 or 7 columns has to be specified for iterator expression.")
croniter.croniter.CroniterBadCronError: Exactly 5, 6 or 7 columns has to be specified for iterator expression.

During handling of the above exception, another exception occurred:

Traceback (most recent call last):
  File "/home/Ashreem/airflow-env/lib/python3.12/site-packages/airflow/models/dagbag.py", line 479, in _process_modules
    dag.validate()
  File "/home/Ashreem/airflow-env/lib/python3.12/site-packages/airflow/models/dag.py", line 845, in validate
    self.timetable.validate()
  File "/home/Ashreem/airflow-env/lib/python3.12/site-packages/airflow/timetables/_cron.py", line 104, in validate
    raise AirflowTimetableInvalid(str(e))
airflow.exceptions.AirflowTimetableInvalid: Exactly 5, 6 or 7 columns has to be specified for iterator expression.
[2025-03-10T03:57:12.609+0000] {processor.py:927} WARNING - No viable dags retrieved from /home/Ashreem/airflow/dags/stage_dag.py
[2025-03-10T03:57:12.644+0000] {processor.py:208} INFO - Processing /home/Ashreem/airflow/dags/stage_dag.py took 0.065 seconds
[2025-03-10T03:57:42.821+0000] {processor.py:186} INFO - Started process (PID=118061) to work on /home/Ashreem/airflow/dags/stage_dag.py
[2025-03-10T03:57:42.822+0000] {processor.py:914} INFO - Processing file /home/Ashreem/airflow/dags/stage_dag.py for tasks to queue
[2025-03-10T03:57:42.826+0000] {logging_mixin.py:190} INFO - [2025-03-10T03:57:42.825+0000] {dagbag.py:588} INFO - Filling up the DagBag from /home/Ashreem/airflow/dags/stage_dag.py
[2025-03-10T03:57:42.843+0000] {logging_mixin.py:190} INFO - [2025-03-10T03:57:42.840+0000] {dagbag.py:484} ERROR - Failed to bag_dag: /home/Ashreem/airflow/dags/stage_dag.py
Traceback (most recent call last):
  File "/home/Ashreem/airflow-env/lib/python3.12/site-packages/airflow/timetables/_cron.py", line 102, in validate
    croniter(self._expression)
  File "/home/Ashreem/airflow-env/lib/python3.12/site-packages/croniter/croniter.py", line 268, in __init__
    self.expanded, self.nth_weekday_of_month = self.expand(
                                               ^^^^^^^^^^^^
  File "/home/Ashreem/airflow-env/lib/python3.12/site-packages/croniter/croniter.py", line 1113, in expand
    return cls._expand(
           ^^^^^^^^^^^^
  File "/home/Ashreem/airflow-env/lib/python3.12/site-packages/croniter/croniter.py", line 852, in _expand
    raise CroniterBadCronError("Exactly 5, 6 or 7 columns has to be specified for iterator expression.")
croniter.croniter.CroniterBadCronError: Exactly 5, 6 or 7 columns has to be specified for iterator expression.

During handling of the above exception, another exception occurred:

Traceback (most recent call last):
  File "/home/Ashreem/airflow-env/lib/python3.12/site-packages/airflow/models/dagbag.py", line 479, in _process_modules
    dag.validate()
  File "/home/Ashreem/airflow-env/lib/python3.12/site-packages/airflow/models/dag.py", line 845, in validate
    self.timetable.validate()
  File "/home/Ashreem/airflow-env/lib/python3.12/site-packages/airflow/timetables/_cron.py", line 104, in validate
    raise AirflowTimetableInvalid(str(e))
airflow.exceptions.AirflowTimetableInvalid: Exactly 5, 6 or 7 columns has to be specified for iterator expression.
[2025-03-10T03:57:42.843+0000] {processor.py:927} WARNING - No viable dags retrieved from /home/Ashreem/airflow/dags/stage_dag.py
[2025-03-10T03:57:42.875+0000] {processor.py:208} INFO - Processing /home/Ashreem/airflow/dags/stage_dag.py took 0.063 seconds
[2025-03-10T03:58:13.105+0000] {processor.py:186} INFO - Started process (PID=118068) to work on /home/Ashreem/airflow/dags/stage_dag.py
[2025-03-10T03:58:13.106+0000] {processor.py:914} INFO - Processing file /home/Ashreem/airflow/dags/stage_dag.py for tasks to queue
[2025-03-10T03:58:13.110+0000] {logging_mixin.py:190} INFO - [2025-03-10T03:58:13.109+0000] {dagbag.py:588} INFO - Filling up the DagBag from /home/Ashreem/airflow/dags/stage_dag.py
[2025-03-10T03:58:13.128+0000] {logging_mixin.py:190} INFO - [2025-03-10T03:58:13.126+0000] {dagbag.py:484} ERROR - Failed to bag_dag: /home/Ashreem/airflow/dags/stage_dag.py
Traceback (most recent call last):
  File "/home/Ashreem/airflow-env/lib/python3.12/site-packages/airflow/timetables/_cron.py", line 102, in validate
    croniter(self._expression)
  File "/home/Ashreem/airflow-env/lib/python3.12/site-packages/croniter/croniter.py", line 268, in __init__
    self.expanded, self.nth_weekday_of_month = self.expand(
                                               ^^^^^^^^^^^^
  File "/home/Ashreem/airflow-env/lib/python3.12/site-packages/croniter/croniter.py", line 1113, in expand
    return cls._expand(
           ^^^^^^^^^^^^
  File "/home/Ashreem/airflow-env/lib/python3.12/site-packages/croniter/croniter.py", line 852, in _expand
    raise CroniterBadCronError("Exactly 5, 6 or 7 columns has to be specified for iterator expression.")
croniter.croniter.CroniterBadCronError: Exactly 5, 6 or 7 columns has to be specified for iterator expression.

During handling of the above exception, another exception occurred:

Traceback (most recent call last):
  File "/home/Ashreem/airflow-env/lib/python3.12/site-packages/airflow/models/dagbag.py", line 479, in _process_modules
    dag.validate()
  File "/home/Ashreem/airflow-env/lib/python3.12/site-packages/airflow/models/dag.py", line 845, in validate
    self.timetable.validate()
  File "/home/Ashreem/airflow-env/lib/python3.12/site-packages/airflow/timetables/_cron.py", line 104, in validate
    raise AirflowTimetableInvalid(str(e))
airflow.exceptions.AirflowTimetableInvalid: Exactly 5, 6 or 7 columns has to be specified for iterator expression.
[2025-03-10T03:58:13.129+0000] {processor.py:927} WARNING - No viable dags retrieved from /home/Ashreem/airflow/dags/stage_dag.py
[2025-03-10T03:58:13.163+0000] {processor.py:208} INFO - Processing /home/Ashreem/airflow/dags/stage_dag.py took 0.066 seconds
[2025-03-10T03:58:43.503+0000] {processor.py:186} INFO - Started process (PID=118081) to work on /home/Ashreem/airflow/dags/stage_dag.py
[2025-03-10T03:58:43.504+0000] {processor.py:914} INFO - Processing file /home/Ashreem/airflow/dags/stage_dag.py for tasks to queue
[2025-03-10T03:58:43.507+0000] {logging_mixin.py:190} INFO - [2025-03-10T03:58:43.507+0000] {dagbag.py:588} INFO - Filling up the DagBag from /home/Ashreem/airflow/dags/stage_dag.py
[2025-03-10T03:58:43.525+0000] {logging_mixin.py:190} INFO - [2025-03-10T03:58:43.522+0000] {dagbag.py:484} ERROR - Failed to bag_dag: /home/Ashreem/airflow/dags/stage_dag.py
Traceback (most recent call last):
  File "/home/Ashreem/airflow-env/lib/python3.12/site-packages/airflow/timetables/_cron.py", line 102, in validate
    croniter(self._expression)
  File "/home/Ashreem/airflow-env/lib/python3.12/site-packages/croniter/croniter.py", line 268, in __init__
    self.expanded, self.nth_weekday_of_month = self.expand(
                                               ^^^^^^^^^^^^
  File "/home/Ashreem/airflow-env/lib/python3.12/site-packages/croniter/croniter.py", line 1113, in expand
    return cls._expand(
           ^^^^^^^^^^^^
  File "/home/Ashreem/airflow-env/lib/python3.12/site-packages/croniter/croniter.py", line 852, in _expand
    raise CroniterBadCronError("Exactly 5, 6 or 7 columns has to be specified for iterator expression.")
croniter.croniter.CroniterBadCronError: Exactly 5, 6 or 7 columns has to be specified for iterator expression.

During handling of the above exception, another exception occurred:

Traceback (most recent call last):
  File "/home/Ashreem/airflow-env/lib/python3.12/site-packages/airflow/models/dagbag.py", line 479, in _process_modules
    dag.validate()
  File "/home/Ashreem/airflow-env/lib/python3.12/site-packages/airflow/models/dag.py", line 845, in validate
    self.timetable.validate()
  File "/home/Ashreem/airflow-env/lib/python3.12/site-packages/airflow/timetables/_cron.py", line 104, in validate
    raise AirflowTimetableInvalid(str(e))
airflow.exceptions.AirflowTimetableInvalid: Exactly 5, 6 or 7 columns has to be specified for iterator expression.
[2025-03-10T03:58:43.525+0000] {processor.py:927} WARNING - No viable dags retrieved from /home/Ashreem/airflow/dags/stage_dag.py
[2025-03-10T03:58:43.559+0000] {processor.py:208} INFO - Processing /home/Ashreem/airflow/dags/stage_dag.py took 0.065 seconds
[2025-03-10T03:59:13.900+0000] {processor.py:186} INFO - Started process (PID=118098) to work on /home/Ashreem/airflow/dags/stage_dag.py
[2025-03-10T03:59:13.901+0000] {processor.py:914} INFO - Processing file /home/Ashreem/airflow/dags/stage_dag.py for tasks to queue
[2025-03-10T03:59:13.904+0000] {logging_mixin.py:190} INFO - [2025-03-10T03:59:13.903+0000] {dagbag.py:588} INFO - Filling up the DagBag from /home/Ashreem/airflow/dags/stage_dag.py
[2025-03-10T03:59:13.921+0000] {logging_mixin.py:190} INFO - [2025-03-10T03:59:13.919+0000] {dagbag.py:484} ERROR - Failed to bag_dag: /home/Ashreem/airflow/dags/stage_dag.py
Traceback (most recent call last):
  File "/home/Ashreem/airflow-env/lib/python3.12/site-packages/airflow/timetables/_cron.py", line 102, in validate
    croniter(self._expression)
  File "/home/Ashreem/airflow-env/lib/python3.12/site-packages/croniter/croniter.py", line 268, in __init__
    self.expanded, self.nth_weekday_of_month = self.expand(
                                               ^^^^^^^^^^^^
  File "/home/Ashreem/airflow-env/lib/python3.12/site-packages/croniter/croniter.py", line 1113, in expand
    return cls._expand(
           ^^^^^^^^^^^^
  File "/home/Ashreem/airflow-env/lib/python3.12/site-packages/croniter/croniter.py", line 852, in _expand
    raise CroniterBadCronError("Exactly 5, 6 or 7 columns has to be specified for iterator expression.")
croniter.croniter.CroniterBadCronError: Exactly 5, 6 or 7 columns has to be specified for iterator expression.

During handling of the above exception, another exception occurred:

Traceback (most recent call last):
  File "/home/Ashreem/airflow-env/lib/python3.12/site-packages/airflow/models/dagbag.py", line 479, in _process_modules
    dag.validate()
  File "/home/Ashreem/airflow-env/lib/python3.12/site-packages/airflow/models/dag.py", line 845, in validate
    self.timetable.validate()
  File "/home/Ashreem/airflow-env/lib/python3.12/site-packages/airflow/timetables/_cron.py", line 104, in validate
    raise AirflowTimetableInvalid(str(e))
airflow.exceptions.AirflowTimetableInvalid: Exactly 5, 6 or 7 columns has to be specified for iterator expression.
[2025-03-10T03:59:13.922+0000] {processor.py:927} WARNING - No viable dags retrieved from /home/Ashreem/airflow/dags/stage_dag.py
[2025-03-10T03:59:13.953+0000] {processor.py:208} INFO - Processing /home/Ashreem/airflow/dags/stage_dag.py took 0.060 seconds
[2025-03-10T03:59:44.103+0000] {processor.py:186} INFO - Started process (PID=118111) to work on /home/Ashreem/airflow/dags/stage_dag.py
[2025-03-10T03:59:44.105+0000] {processor.py:914} INFO - Processing file /home/Ashreem/airflow/dags/stage_dag.py for tasks to queue
[2025-03-10T03:59:44.108+0000] {logging_mixin.py:190} INFO - [2025-03-10T03:59:44.108+0000] {dagbag.py:588} INFO - Filling up the DagBag from /home/Ashreem/airflow/dags/stage_dag.py
[2025-03-10T03:59:44.130+0000] {logging_mixin.py:190} INFO - [2025-03-10T03:59:44.127+0000] {dagbag.py:484} ERROR - Failed to bag_dag: /home/Ashreem/airflow/dags/stage_dag.py
Traceback (most recent call last):
  File "/home/Ashreem/airflow-env/lib/python3.12/site-packages/airflow/timetables/_cron.py", line 102, in validate
    croniter(self._expression)
  File "/home/Ashreem/airflow-env/lib/python3.12/site-packages/croniter/croniter.py", line 268, in __init__
    self.expanded, self.nth_weekday_of_month = self.expand(
                                               ^^^^^^^^^^^^
  File "/home/Ashreem/airflow-env/lib/python3.12/site-packages/croniter/croniter.py", line 1113, in expand
    return cls._expand(
           ^^^^^^^^^^^^
  File "/home/Ashreem/airflow-env/lib/python3.12/site-packages/croniter/croniter.py", line 852, in _expand
    raise CroniterBadCronError("Exactly 5, 6 or 7 columns has to be specified for iterator expression.")
croniter.croniter.CroniterBadCronError: Exactly 5, 6 or 7 columns has to be specified for iterator expression.

During handling of the above exception, another exception occurred:

Traceback (most recent call last):
  File "/home/Ashreem/airflow-env/lib/python3.12/site-packages/airflow/models/dagbag.py", line 479, in _process_modules
    dag.validate()
  File "/home/Ashreem/airflow-env/lib/python3.12/site-packages/airflow/models/dag.py", line 845, in validate
    self.timetable.validate()
  File "/home/Ashreem/airflow-env/lib/python3.12/site-packages/airflow/timetables/_cron.py", line 104, in validate
    raise AirflowTimetableInvalid(str(e))
airflow.exceptions.AirflowTimetableInvalid: Exactly 5, 6 or 7 columns has to be specified for iterator expression.
[2025-03-10T03:59:44.131+0000] {processor.py:927} WARNING - No viable dags retrieved from /home/Ashreem/airflow/dags/stage_dag.py
[2025-03-10T03:59:44.162+0000] {processor.py:208} INFO - Processing /home/Ashreem/airflow/dags/stage_dag.py took 0.066 seconds
[2025-03-10T04:00:14.408+0000] {processor.py:186} INFO - Started process (PID=118122) to work on /home/Ashreem/airflow/dags/stage_dag.py
[2025-03-10T04:00:14.409+0000] {processor.py:914} INFO - Processing file /home/Ashreem/airflow/dags/stage_dag.py for tasks to queue
[2025-03-10T04:00:14.410+0000] {logging_mixin.py:190} INFO - [2025-03-10T04:00:14.410+0000] {dagbag.py:588} INFO - Filling up the DagBag from /home/Ashreem/airflow/dags/stage_dag.py
[2025-03-10T04:00:14.427+0000] {logging_mixin.py:190} INFO - [2025-03-10T04:00:14.424+0000] {dagbag.py:484} ERROR - Failed to bag_dag: /home/Ashreem/airflow/dags/stage_dag.py
Traceback (most recent call last):
  File "/home/Ashreem/airflow-env/lib/python3.12/site-packages/airflow/timetables/_cron.py", line 102, in validate
    croniter(self._expression)
  File "/home/Ashreem/airflow-env/lib/python3.12/site-packages/croniter/croniter.py", line 268, in __init__
    self.expanded, self.nth_weekday_of_month = self.expand(
                                               ^^^^^^^^^^^^
  File "/home/Ashreem/airflow-env/lib/python3.12/site-packages/croniter/croniter.py", line 1113, in expand
    return cls._expand(
           ^^^^^^^^^^^^
  File "/home/Ashreem/airflow-env/lib/python3.12/site-packages/croniter/croniter.py", line 852, in _expand
    raise CroniterBadCronError("Exactly 5, 6 or 7 columns has to be specified for iterator expression.")
croniter.croniter.CroniterBadCronError: Exactly 5, 6 or 7 columns has to be specified for iterator expression.

During handling of the above exception, another exception occurred:

Traceback (most recent call last):
  File "/home/Ashreem/airflow-env/lib/python3.12/site-packages/airflow/models/dagbag.py", line 479, in _process_modules
    dag.validate()
  File "/home/Ashreem/airflow-env/lib/python3.12/site-packages/airflow/models/dag.py", line 845, in validate
    self.timetable.validate()
  File "/home/Ashreem/airflow-env/lib/python3.12/site-packages/airflow/timetables/_cron.py", line 104, in validate
    raise AirflowTimetableInvalid(str(e))
airflow.exceptions.AirflowTimetableInvalid: Exactly 5, 6 or 7 columns has to be specified for iterator expression.
[2025-03-10T04:00:14.428+0000] {processor.py:927} WARNING - No viable dags retrieved from /home/Ashreem/airflow/dags/stage_dag.py
[2025-03-10T04:00:14.464+0000] {processor.py:208} INFO - Processing /home/Ashreem/airflow/dags/stage_dag.py took 0.064 seconds
[2025-03-10T04:00:44.800+0000] {processor.py:186} INFO - Started process (PID=118136) to work on /home/Ashreem/airflow/dags/stage_dag.py
[2025-03-10T04:00:44.801+0000] {processor.py:914} INFO - Processing file /home/Ashreem/airflow/dags/stage_dag.py for tasks to queue
[2025-03-10T04:00:44.803+0000] {logging_mixin.py:190} INFO - [2025-03-10T04:00:44.802+0000] {dagbag.py:588} INFO - Filling up the DagBag from /home/Ashreem/airflow/dags/stage_dag.py
[2025-03-10T04:00:44.822+0000] {logging_mixin.py:190} INFO - [2025-03-10T04:00:44.820+0000] {dagbag.py:484} ERROR - Failed to bag_dag: /home/Ashreem/airflow/dags/stage_dag.py
Traceback (most recent call last):
  File "/home/Ashreem/airflow-env/lib/python3.12/site-packages/airflow/timetables/_cron.py", line 102, in validate
    croniter(self._expression)
  File "/home/Ashreem/airflow-env/lib/python3.12/site-packages/croniter/croniter.py", line 268, in __init__
    self.expanded, self.nth_weekday_of_month = self.expand(
                                               ^^^^^^^^^^^^
  File "/home/Ashreem/airflow-env/lib/python3.12/site-packages/croniter/croniter.py", line 1113, in expand
    return cls._expand(
           ^^^^^^^^^^^^
  File "/home/Ashreem/airflow-env/lib/python3.12/site-packages/croniter/croniter.py", line 852, in _expand
    raise CroniterBadCronError("Exactly 5, 6 or 7 columns has to be specified for iterator expression.")
croniter.croniter.CroniterBadCronError: Exactly 5, 6 or 7 columns has to be specified for iterator expression.

During handling of the above exception, another exception occurred:

Traceback (most recent call last):
  File "/home/Ashreem/airflow-env/lib/python3.12/site-packages/airflow/models/dagbag.py", line 479, in _process_modules
    dag.validate()
  File "/home/Ashreem/airflow-env/lib/python3.12/site-packages/airflow/models/dag.py", line 845, in validate
    self.timetable.validate()
  File "/home/Ashreem/airflow-env/lib/python3.12/site-packages/airflow/timetables/_cron.py", line 104, in validate
    raise AirflowTimetableInvalid(str(e))
airflow.exceptions.AirflowTimetableInvalid: Exactly 5, 6 or 7 columns has to be specified for iterator expression.
[2025-03-10T04:00:44.823+0000] {processor.py:927} WARNING - No viable dags retrieved from /home/Ashreem/airflow/dags/stage_dag.py
[2025-03-10T04:00:44.860+0000] {processor.py:208} INFO - Processing /home/Ashreem/airflow/dags/stage_dag.py took 0.068 seconds
[2025-03-10T04:01:14.963+0000] {processor.py:186} INFO - Started process (PID=118148) to work on /home/Ashreem/airflow/dags/stage_dag.py
[2025-03-10T04:01:14.964+0000] {processor.py:914} INFO - Processing file /home/Ashreem/airflow/dags/stage_dag.py for tasks to queue
[2025-03-10T04:01:14.966+0000] {logging_mixin.py:190} INFO - [2025-03-10T04:01:14.965+0000] {dagbag.py:588} INFO - Filling up the DagBag from /home/Ashreem/airflow/dags/stage_dag.py
[2025-03-10T04:01:14.984+0000] {logging_mixin.py:190} INFO - [2025-03-10T04:01:14.981+0000] {dagbag.py:484} ERROR - Failed to bag_dag: /home/Ashreem/airflow/dags/stage_dag.py
Traceback (most recent call last):
  File "/home/Ashreem/airflow-env/lib/python3.12/site-packages/airflow/timetables/_cron.py", line 102, in validate
    croniter(self._expression)
  File "/home/Ashreem/airflow-env/lib/python3.12/site-packages/croniter/croniter.py", line 268, in __init__
    self.expanded, self.nth_weekday_of_month = self.expand(
                                               ^^^^^^^^^^^^
  File "/home/Ashreem/airflow-env/lib/python3.12/site-packages/croniter/croniter.py", line 1113, in expand
    return cls._expand(
           ^^^^^^^^^^^^
  File "/home/Ashreem/airflow-env/lib/python3.12/site-packages/croniter/croniter.py", line 852, in _expand
    raise CroniterBadCronError("Exactly 5, 6 or 7 columns has to be specified for iterator expression.")
croniter.croniter.CroniterBadCronError: Exactly 5, 6 or 7 columns has to be specified for iterator expression.

During handling of the above exception, another exception occurred:

Traceback (most recent call last):
  File "/home/Ashreem/airflow-env/lib/python3.12/site-packages/airflow/models/dagbag.py", line 479, in _process_modules
    dag.validate()
  File "/home/Ashreem/airflow-env/lib/python3.12/site-packages/airflow/models/dag.py", line 845, in validate
    self.timetable.validate()
  File "/home/Ashreem/airflow-env/lib/python3.12/site-packages/airflow/timetables/_cron.py", line 104, in validate
    raise AirflowTimetableInvalid(str(e))
airflow.exceptions.AirflowTimetableInvalid: Exactly 5, 6 or 7 columns has to be specified for iterator expression.
[2025-03-10T04:01:14.984+0000] {processor.py:927} WARNING - No viable dags retrieved from /home/Ashreem/airflow/dags/stage_dag.py
[2025-03-10T04:01:15.020+0000] {processor.py:208} INFO - Processing /home/Ashreem/airflow/dags/stage_dag.py took 0.064 seconds
[2025-03-10T04:01:45.332+0000] {processor.py:186} INFO - Started process (PID=118155) to work on /home/Ashreem/airflow/dags/stage_dag.py
[2025-03-10T04:01:45.333+0000] {processor.py:914} INFO - Processing file /home/Ashreem/airflow/dags/stage_dag.py for tasks to queue
[2025-03-10T04:01:45.335+0000] {logging_mixin.py:190} INFO - [2025-03-10T04:01:45.334+0000] {dagbag.py:588} INFO - Filling up the DagBag from /home/Ashreem/airflow/dags/stage_dag.py
[2025-03-10T04:01:45.356+0000] {logging_mixin.py:190} INFO - [2025-03-10T04:01:45.353+0000] {dagbag.py:484} ERROR - Failed to bag_dag: /home/Ashreem/airflow/dags/stage_dag.py
Traceback (most recent call last):
  File "/home/Ashreem/airflow-env/lib/python3.12/site-packages/airflow/timetables/_cron.py", line 102, in validate
    croniter(self._expression)
  File "/home/Ashreem/airflow-env/lib/python3.12/site-packages/croniter/croniter.py", line 268, in __init__
    self.expanded, self.nth_weekday_of_month = self.expand(
                                               ^^^^^^^^^^^^
  File "/home/Ashreem/airflow-env/lib/python3.12/site-packages/croniter/croniter.py", line 1113, in expand
    return cls._expand(
           ^^^^^^^^^^^^
  File "/home/Ashreem/airflow-env/lib/python3.12/site-packages/croniter/croniter.py", line 852, in _expand
    raise CroniterBadCronError("Exactly 5, 6 or 7 columns has to be specified for iterator expression.")
croniter.croniter.CroniterBadCronError: Exactly 5, 6 or 7 columns has to be specified for iterator expression.

During handling of the above exception, another exception occurred:

Traceback (most recent call last):
  File "/home/Ashreem/airflow-env/lib/python3.12/site-packages/airflow/models/dagbag.py", line 479, in _process_modules
    dag.validate()
  File "/home/Ashreem/airflow-env/lib/python3.12/site-packages/airflow/models/dag.py", line 845, in validate
    self.timetable.validate()
  File "/home/Ashreem/airflow-env/lib/python3.12/site-packages/airflow/timetables/_cron.py", line 104, in validate
    raise AirflowTimetableInvalid(str(e))
airflow.exceptions.AirflowTimetableInvalid: Exactly 5, 6 or 7 columns has to be specified for iterator expression.
[2025-03-10T04:01:45.356+0000] {processor.py:927} WARNING - No viable dags retrieved from /home/Ashreem/airflow/dags/stage_dag.py
[2025-03-10T04:01:45.391+0000] {processor.py:208} INFO - Processing /home/Ashreem/airflow/dags/stage_dag.py took 0.067 seconds
[2025-03-10T04:02:15.690+0000] {processor.py:186} INFO - Started process (PID=118162) to work on /home/Ashreem/airflow/dags/stage_dag.py
[2025-03-10T04:02:15.691+0000] {processor.py:914} INFO - Processing file /home/Ashreem/airflow/dags/stage_dag.py for tasks to queue
[2025-03-10T04:02:15.693+0000] {logging_mixin.py:190} INFO - [2025-03-10T04:02:15.692+0000] {dagbag.py:588} INFO - Filling up the DagBag from /home/Ashreem/airflow/dags/stage_dag.py
[2025-03-10T04:02:15.711+0000] {logging_mixin.py:190} INFO - [2025-03-10T04:02:15.707+0000] {dagbag.py:484} ERROR - Failed to bag_dag: /home/Ashreem/airflow/dags/stage_dag.py
Traceback (most recent call last):
  File "/home/Ashreem/airflow-env/lib/python3.12/site-packages/airflow/timetables/_cron.py", line 102, in validate
    croniter(self._expression)
  File "/home/Ashreem/airflow-env/lib/python3.12/site-packages/croniter/croniter.py", line 268, in __init__
    self.expanded, self.nth_weekday_of_month = self.expand(
                                               ^^^^^^^^^^^^
  File "/home/Ashreem/airflow-env/lib/python3.12/site-packages/croniter/croniter.py", line 1113, in expand
    return cls._expand(
           ^^^^^^^^^^^^
  File "/home/Ashreem/airflow-env/lib/python3.12/site-packages/croniter/croniter.py", line 852, in _expand
    raise CroniterBadCronError("Exactly 5, 6 or 7 columns has to be specified for iterator expression.")
croniter.croniter.CroniterBadCronError: Exactly 5, 6 or 7 columns has to be specified for iterator expression.

During handling of the above exception, another exception occurred:

Traceback (most recent call last):
  File "/home/Ashreem/airflow-env/lib/python3.12/site-packages/airflow/models/dagbag.py", line 479, in _process_modules
    dag.validate()
  File "/home/Ashreem/airflow-env/lib/python3.12/site-packages/airflow/models/dag.py", line 845, in validate
    self.timetable.validate()
  File "/home/Ashreem/airflow-env/lib/python3.12/site-packages/airflow/timetables/_cron.py", line 104, in validate
    raise AirflowTimetableInvalid(str(e))
airflow.exceptions.AirflowTimetableInvalid: Exactly 5, 6 or 7 columns has to be specified for iterator expression.
[2025-03-10T04:02:15.712+0000] {processor.py:927} WARNING - No viable dags retrieved from /home/Ashreem/airflow/dags/stage_dag.py
[2025-03-10T04:02:15.747+0000] {processor.py:208} INFO - Processing /home/Ashreem/airflow/dags/stage_dag.py took 0.065 seconds
[2025-03-10T04:02:46.053+0000] {processor.py:186} INFO - Started process (PID=118169) to work on /home/Ashreem/airflow/dags/stage_dag.py
[2025-03-10T04:02:46.054+0000] {processor.py:914} INFO - Processing file /home/Ashreem/airflow/dags/stage_dag.py for tasks to queue
[2025-03-10T04:02:46.056+0000] {logging_mixin.py:190} INFO - [2025-03-10T04:02:46.055+0000] {dagbag.py:588} INFO - Filling up the DagBag from /home/Ashreem/airflow/dags/stage_dag.py
[2025-03-10T04:02:46.074+0000] {logging_mixin.py:190} INFO - [2025-03-10T04:02:46.072+0000] {dagbag.py:484} ERROR - Failed to bag_dag: /home/Ashreem/airflow/dags/stage_dag.py
Traceback (most recent call last):
  File "/home/Ashreem/airflow-env/lib/python3.12/site-packages/airflow/timetables/_cron.py", line 102, in validate
    croniter(self._expression)
  File "/home/Ashreem/airflow-env/lib/python3.12/site-packages/croniter/croniter.py", line 268, in __init__
    self.expanded, self.nth_weekday_of_month = self.expand(
                                               ^^^^^^^^^^^^
  File "/home/Ashreem/airflow-env/lib/python3.12/site-packages/croniter/croniter.py", line 1113, in expand
    return cls._expand(
           ^^^^^^^^^^^^
  File "/home/Ashreem/airflow-env/lib/python3.12/site-packages/croniter/croniter.py", line 852, in _expand
    raise CroniterBadCronError("Exactly 5, 6 or 7 columns has to be specified for iterator expression.")
croniter.croniter.CroniterBadCronError: Exactly 5, 6 or 7 columns has to be specified for iterator expression.

During handling of the above exception, another exception occurred:

Traceback (most recent call last):
  File "/home/Ashreem/airflow-env/lib/python3.12/site-packages/airflow/models/dagbag.py", line 479, in _process_modules
    dag.validate()
  File "/home/Ashreem/airflow-env/lib/python3.12/site-packages/airflow/models/dag.py", line 845, in validate
    self.timetable.validate()
  File "/home/Ashreem/airflow-env/lib/python3.12/site-packages/airflow/timetables/_cron.py", line 104, in validate
    raise AirflowTimetableInvalid(str(e))
airflow.exceptions.AirflowTimetableInvalid: Exactly 5, 6 or 7 columns has to be specified for iterator expression.
[2025-03-10T04:02:46.075+0000] {processor.py:927} WARNING - No viable dags retrieved from /home/Ashreem/airflow/dags/stage_dag.py
[2025-03-10T04:02:46.109+0000] {processor.py:208} INFO - Processing /home/Ashreem/airflow/dags/stage_dag.py took 0.065 seconds
[2025-03-10T04:03:16.425+0000] {processor.py:186} INFO - Started process (PID=118175) to work on /home/Ashreem/airflow/dags/stage_dag.py
[2025-03-10T04:03:16.426+0000] {processor.py:914} INFO - Processing file /home/Ashreem/airflow/dags/stage_dag.py for tasks to queue
[2025-03-10T04:03:16.428+0000] {logging_mixin.py:190} INFO - [2025-03-10T04:03:16.427+0000] {dagbag.py:588} INFO - Filling up the DagBag from /home/Ashreem/airflow/dags/stage_dag.py
[2025-03-10T04:03:16.456+0000] {logging_mixin.py:190} INFO - [2025-03-10T04:03:16.446+0000] {dagbag.py:484} ERROR - Failed to bag_dag: /home/Ashreem/airflow/dags/stage_dag.py
Traceback (most recent call last):
  File "/home/Ashreem/airflow-env/lib/python3.12/site-packages/airflow/timetables/_cron.py", line 102, in validate
    croniter(self._expression)
  File "/home/Ashreem/airflow-env/lib/python3.12/site-packages/croniter/croniter.py", line 268, in __init__
    self.expanded, self.nth_weekday_of_month = self.expand(
                                               ^^^^^^^^^^^^
  File "/home/Ashreem/airflow-env/lib/python3.12/site-packages/croniter/croniter.py", line 1113, in expand
    return cls._expand(
           ^^^^^^^^^^^^
  File "/home/Ashreem/airflow-env/lib/python3.12/site-packages/croniter/croniter.py", line 852, in _expand
    raise CroniterBadCronError("Exactly 5, 6 or 7 columns has to be specified for iterator expression.")
croniter.croniter.CroniterBadCronError: Exactly 5, 6 or 7 columns has to be specified for iterator expression.

During handling of the above exception, another exception occurred:

Traceback (most recent call last):
  File "/home/Ashreem/airflow-env/lib/python3.12/site-packages/airflow/models/dagbag.py", line 479, in _process_modules
    dag.validate()
  File "/home/Ashreem/airflow-env/lib/python3.12/site-packages/airflow/models/dag.py", line 845, in validate
    self.timetable.validate()
  File "/home/Ashreem/airflow-env/lib/python3.12/site-packages/airflow/timetables/_cron.py", line 104, in validate
    raise AirflowTimetableInvalid(str(e))
airflow.exceptions.AirflowTimetableInvalid: Exactly 5, 6 or 7 columns has to be specified for iterator expression.
[2025-03-10T04:03:16.456+0000] {processor.py:927} WARNING - No viable dags retrieved from /home/Ashreem/airflow/dags/stage_dag.py
[2025-03-10T04:03:16.492+0000] {processor.py:208} INFO - Processing /home/Ashreem/airflow/dags/stage_dag.py took 0.075 seconds
[2025-03-10T04:03:37.706+0000] {processor.py:186} INFO - Started process (PID=118181) to work on /home/Ashreem/airflow/dags/stage_dag.py
[2025-03-10T04:03:37.708+0000] {processor.py:914} INFO - Processing file /home/Ashreem/airflow/dags/stage_dag.py for tasks to queue
[2025-03-10T04:03:37.710+0000] {logging_mixin.py:190} INFO - [2025-03-10T04:03:37.709+0000] {dagbag.py:588} INFO - Filling up the DagBag from /home/Ashreem/airflow/dags/stage_dag.py
[2025-03-10T04:03:37.736+0000] {processor.py:925} INFO - DAG(s) 'source_to_stage' retrieved from /home/Ashreem/airflow/dags/stage_dag.py
[2025-03-10T04:03:37.897+0000] {logging_mixin.py:190} INFO - [2025-03-10T04:03:37.896+0000] {dag.py:3239} INFO - Sync 1 DAGs
[2025-03-10T04:03:37.914+0000] {logging_mixin.py:190} INFO - [2025-03-10T04:03:37.914+0000] {dag.py:4180} INFO - Setting next_dagrun for source_to_stage to None, run_after=None
[2025-03-10T04:03:37.973+0000] {processor.py:208} INFO - Processing /home/Ashreem/airflow/dags/stage_dag.py took 0.275 seconds
[2025-03-10T04:04:08.649+0000] {processor.py:186} INFO - Started process (PID=118197) to work on /home/Ashreem/airflow/dags/stage_dag.py
[2025-03-10T04:04:08.650+0000] {processor.py:914} INFO - Processing file /home/Ashreem/airflow/dags/stage_dag.py for tasks to queue
[2025-03-10T04:04:08.651+0000] {logging_mixin.py:190} INFO - [2025-03-10T04:04:08.651+0000] {dagbag.py:588} INFO - Filling up the DagBag from /home/Ashreem/airflow/dags/stage_dag.py
[2025-03-10T04:04:08.672+0000] {processor.py:925} INFO - DAG(s) 'source_to_stage' retrieved from /home/Ashreem/airflow/dags/stage_dag.py
[2025-03-10T04:04:08.720+0000] {logging_mixin.py:190} INFO - [2025-03-10T04:04:08.720+0000] {dag.py:3239} INFO - Sync 1 DAGs
[2025-03-10T04:04:08.736+0000] {logging_mixin.py:190} INFO - [2025-03-10T04:04:08.736+0000] {dag.py:4180} INFO - Setting next_dagrun for source_to_stage to None, run_after=None
[2025-03-10T04:04:08.766+0000] {processor.py:208} INFO - Processing /home/Ashreem/airflow/dags/stage_dag.py took 0.125 seconds
[2025-03-10T04:04:39.476+0000] {processor.py:186} INFO - Started process (PID=118209) to work on /home/Ashreem/airflow/dags/stage_dag.py
[2025-03-10T04:04:39.478+0000] {processor.py:914} INFO - Processing file /home/Ashreem/airflow/dags/stage_dag.py for tasks to queue
[2025-03-10T04:04:39.484+0000] {logging_mixin.py:190} INFO - [2025-03-10T04:04:39.483+0000] {dagbag.py:588} INFO - Filling up the DagBag from /home/Ashreem/airflow/dags/stage_dag.py
[2025-03-10T04:04:39.504+0000] {processor.py:925} INFO - DAG(s) 'source_to_stage' retrieved from /home/Ashreem/airflow/dags/stage_dag.py
[2025-03-10T04:04:39.550+0000] {logging_mixin.py:190} INFO - [2025-03-10T04:04:39.550+0000] {dag.py:3239} INFO - Sync 1 DAGs
[2025-03-10T04:04:39.566+0000] {logging_mixin.py:190} INFO - [2025-03-10T04:04:39.566+0000] {dag.py:4180} INFO - Setting next_dagrun for source_to_stage to None, run_after=None
[2025-03-10T04:04:39.600+0000] {processor.py:208} INFO - Processing /home/Ashreem/airflow/dags/stage_dag.py took 0.133 seconds
[2025-03-10T04:05:10.264+0000] {processor.py:186} INFO - Started process (PID=118224) to work on /home/Ashreem/airflow/dags/stage_dag.py
[2025-03-10T04:05:10.265+0000] {processor.py:914} INFO - Processing file /home/Ashreem/airflow/dags/stage_dag.py for tasks to queue
[2025-03-10T04:05:10.266+0000] {logging_mixin.py:190} INFO - [2025-03-10T04:05:10.266+0000] {dagbag.py:588} INFO - Filling up the DagBag from /home/Ashreem/airflow/dags/stage_dag.py
[2025-03-10T04:05:10.287+0000] {processor.py:925} INFO - DAG(s) 'source_to_stage' retrieved from /home/Ashreem/airflow/dags/stage_dag.py
[2025-03-10T04:05:10.337+0000] {logging_mixin.py:190} INFO - [2025-03-10T04:05:10.336+0000] {dag.py:3239} INFO - Sync 1 DAGs
[2025-03-10T04:05:10.353+0000] {logging_mixin.py:190} INFO - [2025-03-10T04:05:10.353+0000] {dag.py:4180} INFO - Setting next_dagrun for source_to_stage to None, run_after=None
[2025-03-10T04:05:10.389+0000] {processor.py:208} INFO - Processing /home/Ashreem/airflow/dags/stage_dag.py took 0.133 seconds
[2025-03-10T04:05:41.045+0000] {processor.py:186} INFO - Started process (PID=118236) to work on /home/Ashreem/airflow/dags/stage_dag.py
[2025-03-10T04:05:41.047+0000] {processor.py:914} INFO - Processing file /home/Ashreem/airflow/dags/stage_dag.py for tasks to queue
[2025-03-10T04:05:41.049+0000] {logging_mixin.py:190} INFO - [2025-03-10T04:05:41.049+0000] {dagbag.py:588} INFO - Filling up the DagBag from /home/Ashreem/airflow/dags/stage_dag.py
[2025-03-10T04:05:41.074+0000] {processor.py:925} INFO - DAG(s) 'source_to_stage' retrieved from /home/Ashreem/airflow/dags/stage_dag.py
[2025-03-10T04:05:41.126+0000] {logging_mixin.py:190} INFO - [2025-03-10T04:05:41.126+0000] {dag.py:3239} INFO - Sync 1 DAGs
[2025-03-10T04:05:41.146+0000] {logging_mixin.py:190} INFO - [2025-03-10T04:05:41.146+0000] {dag.py:4180} INFO - Setting next_dagrun for source_to_stage to None, run_after=None
[2025-03-10T04:05:41.181+0000] {processor.py:208} INFO - Processing /home/Ashreem/airflow/dags/stage_dag.py took 0.146 seconds
[2025-03-10T04:06:11.383+0000] {processor.py:186} INFO - Started process (PID=118243) to work on /home/Ashreem/airflow/dags/stage_dag.py
[2025-03-10T04:06:11.384+0000] {processor.py:914} INFO - Processing file /home/Ashreem/airflow/dags/stage_dag.py for tasks to queue
[2025-03-10T04:06:11.385+0000] {logging_mixin.py:190} INFO - [2025-03-10T04:06:11.385+0000] {dagbag.py:588} INFO - Filling up the DagBag from /home/Ashreem/airflow/dags/stage_dag.py
[2025-03-10T04:06:11.405+0000] {processor.py:925} INFO - DAG(s) 'source_to_stage' retrieved from /home/Ashreem/airflow/dags/stage_dag.py
[2025-03-10T04:06:11.458+0000] {logging_mixin.py:190} INFO - [2025-03-10T04:06:11.457+0000] {dag.py:3239} INFO - Sync 1 DAGs
[2025-03-10T04:06:11.480+0000] {logging_mixin.py:190} INFO - [2025-03-10T04:06:11.479+0000] {dag.py:4180} INFO - Setting next_dagrun for source_to_stage to None, run_after=None
[2025-03-10T04:06:11.519+0000] {processor.py:208} INFO - Processing /home/Ashreem/airflow/dags/stage_dag.py took 0.149 seconds
[2025-03-10T04:06:42.022+0000] {processor.py:186} INFO - Started process (PID=118252) to work on /home/Ashreem/airflow/dags/stage_dag.py
[2025-03-10T04:06:42.023+0000] {processor.py:914} INFO - Processing file /home/Ashreem/airflow/dags/stage_dag.py for tasks to queue
[2025-03-10T04:06:42.025+0000] {logging_mixin.py:190} INFO - [2025-03-10T04:06:42.024+0000] {dagbag.py:588} INFO - Filling up the DagBag from /home/Ashreem/airflow/dags/stage_dag.py
[2025-03-10T04:06:42.046+0000] {processor.py:925} INFO - DAG(s) 'source_to_stage' retrieved from /home/Ashreem/airflow/dags/stage_dag.py
[2025-03-10T04:06:42.098+0000] {logging_mixin.py:190} INFO - [2025-03-10T04:06:42.098+0000] {dag.py:3239} INFO - Sync 1 DAGs
[2025-03-10T04:06:42.115+0000] {logging_mixin.py:190} INFO - [2025-03-10T04:06:42.115+0000] {dag.py:4180} INFO - Setting next_dagrun for source_to_stage to None, run_after=None
[2025-03-10T04:06:42.151+0000] {processor.py:208} INFO - Processing /home/Ashreem/airflow/dags/stage_dag.py took 0.137 seconds
[2025-03-10T04:09:00.253+0000] {processor.py:186} INFO - Started process (PID=118387) to work on /home/Ashreem/airflow/dags/stage_dag.py
[2025-03-10T04:09:00.255+0000] {processor.py:914} INFO - Processing file /home/Ashreem/airflow/dags/stage_dag.py for tasks to queue
[2025-03-10T04:09:00.260+0000] {logging_mixin.py:190} INFO - [2025-03-10T04:09:00.259+0000] {dagbag.py:588} INFO - Filling up the DagBag from /home/Ashreem/airflow/dags/stage_dag.py
[2025-03-10T04:09:00.288+0000] {processor.py:925} INFO - DAG(s) 'source_to_stage' retrieved from /home/Ashreem/airflow/dags/stage_dag.py
[2025-03-10T04:09:00.339+0000] {logging_mixin.py:190} INFO - [2025-03-10T04:09:00.338+0000] {dag.py:3239} INFO - Sync 1 DAGs
[2025-03-10T04:09:00.353+0000] {logging_mixin.py:190} INFO - [2025-03-10T04:09:00.353+0000] {dag.py:4180} INFO - Setting next_dagrun for source_to_stage to None, run_after=None
[2025-03-10T04:09:00.390+0000] {processor.py:208} INFO - Processing /home/Ashreem/airflow/dags/stage_dag.py took 0.144 seconds
[2025-03-10T04:09:30.526+0000] {processor.py:186} INFO - Started process (PID=118393) to work on /home/Ashreem/airflow/dags/stage_dag.py
[2025-03-10T04:09:30.528+0000] {processor.py:914} INFO - Processing file /home/Ashreem/airflow/dags/stage_dag.py for tasks to queue
[2025-03-10T04:09:30.531+0000] {logging_mixin.py:190} INFO - [2025-03-10T04:09:30.530+0000] {dagbag.py:588} INFO - Filling up the DagBag from /home/Ashreem/airflow/dags/stage_dag.py
[2025-03-10T04:09:30.551+0000] {processor.py:925} INFO - DAG(s) 'source_to_stage' retrieved from /home/Ashreem/airflow/dags/stage_dag.py
[2025-03-10T04:09:30.602+0000] {logging_mixin.py:190} INFO - [2025-03-10T04:09:30.601+0000] {dag.py:3239} INFO - Sync 1 DAGs
[2025-03-10T04:09:30.619+0000] {logging_mixin.py:190} INFO - [2025-03-10T04:09:30.619+0000] {dag.py:4180} INFO - Setting next_dagrun for source_to_stage to None, run_after=None
[2025-03-10T04:09:30.652+0000] {processor.py:208} INFO - Processing /home/Ashreem/airflow/dags/stage_dag.py took 0.133 seconds
[2025-03-10T04:10:01.306+0000] {processor.py:186} INFO - Started process (PID=118399) to work on /home/Ashreem/airflow/dags/stage_dag.py
[2025-03-10T04:10:01.307+0000] {processor.py:914} INFO - Processing file /home/Ashreem/airflow/dags/stage_dag.py for tasks to queue
[2025-03-10T04:10:01.311+0000] {logging_mixin.py:190} INFO - [2025-03-10T04:10:01.310+0000] {dagbag.py:588} INFO - Filling up the DagBag from /home/Ashreem/airflow/dags/stage_dag.py
[2025-03-10T04:10:01.330+0000] {processor.py:925} INFO - DAG(s) 'source_to_stage' retrieved from /home/Ashreem/airflow/dags/stage_dag.py
[2025-03-10T04:10:01.381+0000] {logging_mixin.py:190} INFO - [2025-03-10T04:10:01.380+0000] {dag.py:3239} INFO - Sync 1 DAGs
[2025-03-10T04:10:01.397+0000] {logging_mixin.py:190} INFO - [2025-03-10T04:10:01.396+0000] {dag.py:4180} INFO - Setting next_dagrun for source_to_stage to None, run_after=None
[2025-03-10T04:10:01.432+0000] {processor.py:208} INFO - Processing /home/Ashreem/airflow/dags/stage_dag.py took 0.135 seconds
[2025-03-10T04:10:31.799+0000] {processor.py:186} INFO - Started process (PID=118422) to work on /home/Ashreem/airflow/dags/stage_dag.py
[2025-03-10T04:10:31.800+0000] {processor.py:914} INFO - Processing file /home/Ashreem/airflow/dags/stage_dag.py for tasks to queue
[2025-03-10T04:10:31.803+0000] {logging_mixin.py:190} INFO - [2025-03-10T04:10:31.803+0000] {dagbag.py:588} INFO - Filling up the DagBag from /home/Ashreem/airflow/dags/stage_dag.py
[2025-03-10T04:10:31.828+0000] {processor.py:925} INFO - DAG(s) 'source_to_stage' retrieved from /home/Ashreem/airflow/dags/stage_dag.py
[2025-03-10T04:10:31.876+0000] {logging_mixin.py:190} INFO - [2025-03-10T04:10:31.876+0000] {dag.py:3239} INFO - Sync 1 DAGs
[2025-03-10T04:10:31.892+0000] {logging_mixin.py:190} INFO - [2025-03-10T04:10:31.891+0000] {dag.py:4180} INFO - Setting next_dagrun for source_to_stage to None, run_after=None
[2025-03-10T04:10:31.944+0000] {processor.py:208} INFO - Processing /home/Ashreem/airflow/dags/stage_dag.py took 0.152 seconds
[2025-03-10T04:11:02.143+0000] {processor.py:186} INFO - Started process (PID=118432) to work on /home/Ashreem/airflow/dags/stage_dag.py
[2025-03-10T04:11:02.145+0000] {processor.py:914} INFO - Processing file /home/Ashreem/airflow/dags/stage_dag.py for tasks to queue
[2025-03-10T04:11:02.147+0000] {logging_mixin.py:190} INFO - [2025-03-10T04:11:02.147+0000] {dagbag.py:588} INFO - Filling up the DagBag from /home/Ashreem/airflow/dags/stage_dag.py
[2025-03-10T04:11:02.170+0000] {processor.py:925} INFO - DAG(s) 'source_to_stage' retrieved from /home/Ashreem/airflow/dags/stage_dag.py
[2025-03-10T04:11:02.215+0000] {logging_mixin.py:190} INFO - [2025-03-10T04:11:02.215+0000] {dag.py:3239} INFO - Sync 1 DAGs
[2025-03-10T04:11:02.467+0000] {logging_mixin.py:190} INFO - [2025-03-10T04:11:02.466+0000] {dag.py:4180} INFO - Setting next_dagrun for source_to_stage to None, run_after=None
[2025-03-10T04:11:02.549+0000] {processor.py:208} INFO - Processing /home/Ashreem/airflow/dags/stage_dag.py took 0.415 seconds
[2025-03-10T04:11:32.787+0000] {processor.py:186} INFO - Started process (PID=118439) to work on /home/Ashreem/airflow/dags/stage_dag.py
[2025-03-10T04:11:32.788+0000] {processor.py:914} INFO - Processing file /home/Ashreem/airflow/dags/stage_dag.py for tasks to queue
[2025-03-10T04:11:32.791+0000] {logging_mixin.py:190} INFO - [2025-03-10T04:11:32.791+0000] {dagbag.py:588} INFO - Filling up the DagBag from /home/Ashreem/airflow/dags/stage_dag.py
[2025-03-10T04:11:32.815+0000] {processor.py:925} INFO - DAG(s) 'source_to_stage' retrieved from /home/Ashreem/airflow/dags/stage_dag.py
[2025-03-10T04:11:32.865+0000] {logging_mixin.py:190} INFO - [2025-03-10T04:11:32.865+0000] {dag.py:3239} INFO - Sync 1 DAGs
[2025-03-10T04:11:33.105+0000] {logging_mixin.py:190} INFO - [2025-03-10T04:11:33.104+0000] {dag.py:4180} INFO - Setting next_dagrun for source_to_stage to None, run_after=None
[2025-03-10T04:11:33.134+0000] {processor.py:208} INFO - Processing /home/Ashreem/airflow/dags/stage_dag.py took 0.355 seconds
[2025-03-10T04:12:03.320+0000] {processor.py:186} INFO - Started process (PID=118447) to work on /home/Ashreem/airflow/dags/stage_dag.py
[2025-03-10T04:12:03.321+0000] {processor.py:914} INFO - Processing file /home/Ashreem/airflow/dags/stage_dag.py for tasks to queue
[2025-03-10T04:12:03.324+0000] {logging_mixin.py:190} INFO - [2025-03-10T04:12:03.323+0000] {dagbag.py:588} INFO - Filling up the DagBag from /home/Ashreem/airflow/dags/stage_dag.py
[2025-03-10T04:12:03.344+0000] {processor.py:925} INFO - DAG(s) 'source_to_stage' retrieved from /home/Ashreem/airflow/dags/stage_dag.py
[2025-03-10T04:12:03.405+0000] {logging_mixin.py:190} INFO - [2025-03-10T04:12:03.404+0000] {dag.py:3239} INFO - Sync 1 DAGs
[2025-03-10T04:12:03.423+0000] {logging_mixin.py:190} INFO - [2025-03-10T04:12:03.423+0000] {dag.py:4180} INFO - Setting next_dagrun for source_to_stage to None, run_after=None
[2025-03-10T04:12:03.460+0000] {processor.py:208} INFO - Processing /home/Ashreem/airflow/dags/stage_dag.py took 0.150 seconds
[2025-03-10T04:12:33.669+0000] {processor.py:186} INFO - Started process (PID=118453) to work on /home/Ashreem/airflow/dags/stage_dag.py
[2025-03-10T04:12:33.670+0000] {processor.py:914} INFO - Processing file /home/Ashreem/airflow/dags/stage_dag.py for tasks to queue
[2025-03-10T04:12:33.673+0000] {logging_mixin.py:190} INFO - [2025-03-10T04:12:33.673+0000] {dagbag.py:588} INFO - Filling up the DagBag from /home/Ashreem/airflow/dags/stage_dag.py
[2025-03-10T04:12:33.698+0000] {processor.py:925} INFO - DAG(s) 'source_to_stage' retrieved from /home/Ashreem/airflow/dags/stage_dag.py
[2025-03-10T04:12:33.750+0000] {logging_mixin.py:190} INFO - [2025-03-10T04:12:33.750+0000] {dag.py:3239} INFO - Sync 1 DAGs
[2025-03-10T04:12:33.767+0000] {logging_mixin.py:190} INFO - [2025-03-10T04:12:33.766+0000] {dag.py:4180} INFO - Setting next_dagrun for source_to_stage to None, run_after=None
[2025-03-10T04:12:33.798+0000] {processor.py:208} INFO - Processing /home/Ashreem/airflow/dags/stage_dag.py took 0.137 seconds
[2025-03-10T04:13:05.113+0000] {processor.py:186} INFO - Started process (PID=118460) to work on /home/Ashreem/airflow/dags/stage_dag.py
[2025-03-10T04:13:05.115+0000] {processor.py:914} INFO - Processing file /home/Ashreem/airflow/dags/stage_dag.py for tasks to queue
[2025-03-10T04:13:05.118+0000] {logging_mixin.py:190} INFO - [2025-03-10T04:13:05.118+0000] {dagbag.py:588} INFO - Filling up the DagBag from /home/Ashreem/airflow/dags/stage_dag.py
[2025-03-10T04:13:05.141+0000] {processor.py:925} INFO - DAG(s) 'source_to_stage' retrieved from /home/Ashreem/airflow/dags/stage_dag.py
[2025-03-10T04:13:05.192+0000] {logging_mixin.py:190} INFO - [2025-03-10T04:13:05.191+0000] {dag.py:3239} INFO - Sync 1 DAGs
[2025-03-10T04:13:05.206+0000] {logging_mixin.py:190} INFO - [2025-03-10T04:13:05.206+0000] {dag.py:4180} INFO - Setting next_dagrun for source_to_stage to None, run_after=None
[2025-03-10T04:13:05.238+0000] {processor.py:208} INFO - Processing /home/Ashreem/airflow/dags/stage_dag.py took 0.133 seconds
[2025-03-10T04:13:35.749+0000] {processor.py:186} INFO - Started process (PID=118466) to work on /home/Ashreem/airflow/dags/stage_dag.py
[2025-03-10T04:13:35.751+0000] {processor.py:914} INFO - Processing file /home/Ashreem/airflow/dags/stage_dag.py for tasks to queue
[2025-03-10T04:13:35.757+0000] {logging_mixin.py:190} INFO - [2025-03-10T04:13:35.756+0000] {dagbag.py:588} INFO - Filling up the DagBag from /home/Ashreem/airflow/dags/stage_dag.py
[2025-03-10T04:13:35.779+0000] {processor.py:925} INFO - DAG(s) 'source_to_stage' retrieved from /home/Ashreem/airflow/dags/stage_dag.py
[2025-03-10T04:13:35.833+0000] {logging_mixin.py:190} INFO - [2025-03-10T04:13:35.832+0000] {dag.py:3239} INFO - Sync 1 DAGs
[2025-03-10T04:13:35.849+0000] {logging_mixin.py:190} INFO - [2025-03-10T04:13:35.849+0000] {dag.py:4180} INFO - Setting next_dagrun for source_to_stage to None, run_after=None
[2025-03-10T04:13:35.888+0000] {processor.py:208} INFO - Processing /home/Ashreem/airflow/dags/stage_dag.py took 0.147 seconds
[2025-03-10T04:14:06.390+0000] {processor.py:186} INFO - Started process (PID=118483) to work on /home/Ashreem/airflow/dags/stage_dag.py
[2025-03-10T04:14:06.391+0000] {processor.py:914} INFO - Processing file /home/Ashreem/airflow/dags/stage_dag.py for tasks to queue
[2025-03-10T04:14:06.394+0000] {logging_mixin.py:190} INFO - [2025-03-10T04:14:06.394+0000] {dagbag.py:588} INFO - Filling up the DagBag from /home/Ashreem/airflow/dags/stage_dag.py
[2025-03-10T04:14:06.415+0000] {processor.py:925} INFO - DAG(s) 'source_to_stage' retrieved from /home/Ashreem/airflow/dags/stage_dag.py
[2025-03-10T04:14:06.465+0000] {logging_mixin.py:190} INFO - [2025-03-10T04:14:06.464+0000] {dag.py:3239} INFO - Sync 1 DAGs
[2025-03-10T04:14:06.755+0000] {logging_mixin.py:190} INFO - [2025-03-10T04:14:06.755+0000] {dag.py:4180} INFO - Setting next_dagrun for source_to_stage to None, run_after=None
[2025-03-10T04:14:06.785+0000] {processor.py:208} INFO - Processing /home/Ashreem/airflow/dags/stage_dag.py took 0.403 seconds
[2025-03-10T04:14:37.380+0000] {processor.py:186} INFO - Started process (PID=118489) to work on /home/Ashreem/airflow/dags/stage_dag.py
[2025-03-10T04:14:37.382+0000] {processor.py:914} INFO - Processing file /home/Ashreem/airflow/dags/stage_dag.py for tasks to queue
[2025-03-10T04:14:37.385+0000] {logging_mixin.py:190} INFO - [2025-03-10T04:14:37.385+0000] {dagbag.py:588} INFO - Filling up the DagBag from /home/Ashreem/airflow/dags/stage_dag.py
[2025-03-10T04:14:37.406+0000] {processor.py:925} INFO - DAG(s) 'source_to_stage' retrieved from /home/Ashreem/airflow/dags/stage_dag.py
[2025-03-10T04:14:37.459+0000] {logging_mixin.py:190} INFO - [2025-03-10T04:14:37.458+0000] {dag.py:3239} INFO - Sync 1 DAGs
[2025-03-10T04:14:37.475+0000] {logging_mixin.py:190} INFO - [2025-03-10T04:14:37.474+0000] {dag.py:4180} INFO - Setting next_dagrun for source_to_stage to None, run_after=None
[2025-03-10T04:14:37.508+0000] {processor.py:208} INFO - Processing /home/Ashreem/airflow/dags/stage_dag.py took 0.137 seconds
[2025-03-10T04:15:07.668+0000] {processor.py:186} INFO - Started process (PID=118500) to work on /home/Ashreem/airflow/dags/stage_dag.py
[2025-03-10T04:15:07.669+0000] {processor.py:914} INFO - Processing file /home/Ashreem/airflow/dags/stage_dag.py for tasks to queue
[2025-03-10T04:15:07.673+0000] {logging_mixin.py:190} INFO - [2025-03-10T04:15:07.672+0000] {dagbag.py:588} INFO - Filling up the DagBag from /home/Ashreem/airflow/dags/stage_dag.py
[2025-03-10T04:15:07.692+0000] {processor.py:925} INFO - DAG(s) 'source_to_stage' retrieved from /home/Ashreem/airflow/dags/stage_dag.py
[2025-03-10T04:15:07.744+0000] {logging_mixin.py:190} INFO - [2025-03-10T04:15:07.744+0000] {dag.py:3239} INFO - Sync 1 DAGs
[2025-03-10T04:15:07.761+0000] {logging_mixin.py:190} INFO - [2025-03-10T04:15:07.761+0000] {dag.py:4180} INFO - Setting next_dagrun for source_to_stage to None, run_after=None
[2025-03-10T04:15:07.795+0000] {processor.py:208} INFO - Processing /home/Ashreem/airflow/dags/stage_dag.py took 0.136 seconds
[2025-03-10T04:15:37.956+0000] {processor.py:186} INFO - Started process (PID=118511) to work on /home/Ashreem/airflow/dags/stage_dag.py
[2025-03-10T04:15:37.958+0000] {processor.py:914} INFO - Processing file /home/Ashreem/airflow/dags/stage_dag.py for tasks to queue
[2025-03-10T04:15:37.961+0000] {logging_mixin.py:190} INFO - [2025-03-10T04:15:37.961+0000] {dagbag.py:588} INFO - Filling up the DagBag from /home/Ashreem/airflow/dags/stage_dag.py
[2025-03-10T04:15:37.982+0000] {processor.py:925} INFO - DAG(s) 'source_to_stage' retrieved from /home/Ashreem/airflow/dags/stage_dag.py
[2025-03-10T04:15:38.042+0000] {logging_mixin.py:190} INFO - [2025-03-10T04:15:38.041+0000] {dag.py:3239} INFO - Sync 1 DAGs
[2025-03-10T04:15:38.059+0000] {logging_mixin.py:190} INFO - [2025-03-10T04:15:38.058+0000] {dag.py:4180} INFO - Setting next_dagrun for source_to_stage to None, run_after=None
[2025-03-10T04:15:38.093+0000] {processor.py:208} INFO - Processing /home/Ashreem/airflow/dags/stage_dag.py took 0.145 seconds
[2025-03-10T04:16:08.250+0000] {processor.py:186} INFO - Started process (PID=118518) to work on /home/Ashreem/airflow/dags/stage_dag.py
[2025-03-10T04:16:08.251+0000] {processor.py:914} INFO - Processing file /home/Ashreem/airflow/dags/stage_dag.py for tasks to queue
[2025-03-10T04:16:08.254+0000] {logging_mixin.py:190} INFO - [2025-03-10T04:16:08.253+0000] {dagbag.py:588} INFO - Filling up the DagBag from /home/Ashreem/airflow/dags/stage_dag.py
[2025-03-10T04:16:08.278+0000] {processor.py:925} INFO - DAG(s) 'source_to_stage' retrieved from /home/Ashreem/airflow/dags/stage_dag.py
[2025-03-10T04:16:08.339+0000] {logging_mixin.py:190} INFO - [2025-03-10T04:16:08.338+0000] {dag.py:3239} INFO - Sync 1 DAGs
[2025-03-10T04:16:08.356+0000] {logging_mixin.py:190} INFO - [2025-03-10T04:16:08.356+0000] {dag.py:4180} INFO - Setting next_dagrun for source_to_stage to None, run_after=None
[2025-03-10T04:16:08.389+0000] {processor.py:208} INFO - Processing /home/Ashreem/airflow/dags/stage_dag.py took 0.147 seconds
[2025-03-10T04:16:39.738+0000] {processor.py:186} INFO - Started process (PID=118525) to work on /home/Ashreem/airflow/dags/stage_dag.py
[2025-03-10T04:16:39.739+0000] {processor.py:914} INFO - Processing file /home/Ashreem/airflow/dags/stage_dag.py for tasks to queue
[2025-03-10T04:16:39.742+0000] {logging_mixin.py:190} INFO - [2025-03-10T04:16:39.742+0000] {dagbag.py:588} INFO - Filling up the DagBag from /home/Ashreem/airflow/dags/stage_dag.py
[2025-03-10T04:16:39.762+0000] {processor.py:925} INFO - DAG(s) 'source_to_stage' retrieved from /home/Ashreem/airflow/dags/stage_dag.py
[2025-03-10T04:16:39.807+0000] {logging_mixin.py:190} INFO - [2025-03-10T04:16:39.807+0000] {dag.py:3239} INFO - Sync 1 DAGs
[2025-03-10T04:16:39.822+0000] {logging_mixin.py:190} INFO - [2025-03-10T04:16:39.822+0000] {dag.py:4180} INFO - Setting next_dagrun for source_to_stage to None, run_after=None
[2025-03-10T04:16:40.114+0000] {processor.py:208} INFO - Processing /home/Ashreem/airflow/dags/stage_dag.py took 0.384 seconds
[2025-03-10T04:17:10.329+0000] {processor.py:186} INFO - Started process (PID=118537) to work on /home/Ashreem/airflow/dags/stage_dag.py
[2025-03-10T04:17:10.331+0000] {processor.py:914} INFO - Processing file /home/Ashreem/airflow/dags/stage_dag.py for tasks to queue
[2025-03-10T04:17:10.335+0000] {logging_mixin.py:190} INFO - [2025-03-10T04:17:10.334+0000] {dagbag.py:588} INFO - Filling up the DagBag from /home/Ashreem/airflow/dags/stage_dag.py
[2025-03-10T04:17:10.357+0000] {processor.py:925} INFO - DAG(s) 'source_to_stage' retrieved from /home/Ashreem/airflow/dags/stage_dag.py
[2025-03-10T04:17:10.414+0000] {logging_mixin.py:190} INFO - [2025-03-10T04:17:10.413+0000] {dag.py:3239} INFO - Sync 1 DAGs
[2025-03-10T04:17:10.659+0000] {logging_mixin.py:190} INFO - [2025-03-10T04:17:10.659+0000] {dag.py:4180} INFO - Setting next_dagrun for source_to_stage to None, run_after=None
[2025-03-10T04:17:10.696+0000] {processor.py:208} INFO - Processing /home/Ashreem/airflow/dags/stage_dag.py took 0.378 seconds
[2025-03-10T04:17:40.876+0000] {processor.py:186} INFO - Started process (PID=118543) to work on /home/Ashreem/airflow/dags/stage_dag.py
[2025-03-10T04:17:40.877+0000] {processor.py:914} INFO - Processing file /home/Ashreem/airflow/dags/stage_dag.py for tasks to queue
[2025-03-10T04:17:40.880+0000] {logging_mixin.py:190} INFO - [2025-03-10T04:17:40.879+0000] {dagbag.py:588} INFO - Filling up the DagBag from /home/Ashreem/airflow/dags/stage_dag.py
[2025-03-10T04:17:40.899+0000] {processor.py:925} INFO - DAG(s) 'source_to_stage' retrieved from /home/Ashreem/airflow/dags/stage_dag.py
[2025-03-10T04:17:41.174+0000] {logging_mixin.py:190} INFO - [2025-03-10T04:17:41.173+0000] {dag.py:3239} INFO - Sync 1 DAGs
[2025-03-10T04:17:41.188+0000] {logging_mixin.py:190} INFO - [2025-03-10T04:17:41.188+0000] {dag.py:4180} INFO - Setting next_dagrun for source_to_stage to None, run_after=None
[2025-03-10T04:17:41.219+0000] {processor.py:208} INFO - Processing /home/Ashreem/airflow/dags/stage_dag.py took 0.351 seconds
[2025-03-10T04:18:12.311+0000] {processor.py:186} INFO - Started process (PID=118550) to work on /home/Ashreem/airflow/dags/stage_dag.py
[2025-03-10T04:18:12.313+0000] {processor.py:914} INFO - Processing file /home/Ashreem/airflow/dags/stage_dag.py for tasks to queue
[2025-03-10T04:18:12.317+0000] {logging_mixin.py:190} INFO - [2025-03-10T04:18:12.316+0000] {dagbag.py:588} INFO - Filling up the DagBag from /home/Ashreem/airflow/dags/stage_dag.py
[2025-03-10T04:18:12.344+0000] {processor.py:925} INFO - DAG(s) 'source_to_stage' retrieved from /home/Ashreem/airflow/dags/stage_dag.py
[2025-03-10T04:18:12.403+0000] {logging_mixin.py:190} INFO - [2025-03-10T04:18:12.402+0000] {dag.py:3239} INFO - Sync 1 DAGs
[2025-03-10T04:18:12.418+0000] {logging_mixin.py:190} INFO - [2025-03-10T04:18:12.418+0000] {dag.py:4180} INFO - Setting next_dagrun for source_to_stage to None, run_after=None
[2025-03-10T04:18:12.453+0000] {processor.py:208} INFO - Processing /home/Ashreem/airflow/dags/stage_dag.py took 0.154 seconds
[2025-03-10T04:18:42.643+0000] {processor.py:186} INFO - Started process (PID=118558) to work on /home/Ashreem/airflow/dags/stage_dag.py
[2025-03-10T04:18:42.645+0000] {processor.py:914} INFO - Processing file /home/Ashreem/airflow/dags/stage_dag.py for tasks to queue
[2025-03-10T04:18:42.648+0000] {logging_mixin.py:190} INFO - [2025-03-10T04:18:42.648+0000] {dagbag.py:588} INFO - Filling up the DagBag from /home/Ashreem/airflow/dags/stage_dag.py
[2025-03-10T04:18:42.668+0000] {processor.py:925} INFO - DAG(s) 'source_to_stage' retrieved from /home/Ashreem/airflow/dags/stage_dag.py
[2025-03-10T04:18:42.717+0000] {logging_mixin.py:190} INFO - [2025-03-10T04:18:42.717+0000] {dag.py:3239} INFO - Sync 1 DAGs
[2025-03-10T04:18:42.732+0000] {logging_mixin.py:190} INFO - [2025-03-10T04:18:42.732+0000] {dag.py:4180} INFO - Setting next_dagrun for source_to_stage to None, run_after=None
[2025-03-10T04:18:42.767+0000] {processor.py:208} INFO - Processing /home/Ashreem/airflow/dags/stage_dag.py took 0.132 seconds
[2025-03-10T04:19:13.225+0000] {processor.py:186} INFO - Started process (PID=118570) to work on /home/Ashreem/airflow/dags/stage_dag.py
[2025-03-10T04:19:13.227+0000] {processor.py:914} INFO - Processing file /home/Ashreem/airflow/dags/stage_dag.py for tasks to queue
[2025-03-10T04:19:13.232+0000] {logging_mixin.py:190} INFO - [2025-03-10T04:19:13.231+0000] {dagbag.py:588} INFO - Filling up the DagBag from /home/Ashreem/airflow/dags/stage_dag.py
[2025-03-10T04:19:13.260+0000] {processor.py:925} INFO - DAG(s) 'source_to_stage' retrieved from /home/Ashreem/airflow/dags/stage_dag.py
[2025-03-10T04:19:13.316+0000] {logging_mixin.py:190} INFO - [2025-03-10T04:19:13.315+0000] {dag.py:3239} INFO - Sync 1 DAGs
[2025-03-10T04:19:13.331+0000] {logging_mixin.py:190} INFO - [2025-03-10T04:19:13.331+0000] {dag.py:4180} INFO - Setting next_dagrun for source_to_stage to None, run_after=None
[2025-03-10T04:19:13.370+0000] {processor.py:208} INFO - Processing /home/Ashreem/airflow/dags/stage_dag.py took 0.156 seconds
[2025-03-10T04:19:43.812+0000] {processor.py:186} INFO - Started process (PID=118580) to work on /home/Ashreem/airflow/dags/stage_dag.py
[2025-03-10T04:19:43.813+0000] {processor.py:914} INFO - Processing file /home/Ashreem/airflow/dags/stage_dag.py for tasks to queue
[2025-03-10T04:19:43.816+0000] {logging_mixin.py:190} INFO - [2025-03-10T04:19:43.816+0000] {dagbag.py:588} INFO - Filling up the DagBag from /home/Ashreem/airflow/dags/stage_dag.py
[2025-03-10T04:19:43.839+0000] {processor.py:925} INFO - DAG(s) 'source_to_stage' retrieved from /home/Ashreem/airflow/dags/stage_dag.py
[2025-03-10T04:19:43.893+0000] {logging_mixin.py:190} INFO - [2025-03-10T04:19:43.892+0000] {dag.py:3239} INFO - Sync 1 DAGs
[2025-03-10T04:19:44.147+0000] {logging_mixin.py:190} INFO - [2025-03-10T04:19:44.147+0000] {dag.py:4180} INFO - Setting next_dagrun for source_to_stage to None, run_after=None
[2025-03-10T04:19:44.183+0000] {processor.py:208} INFO - Processing /home/Ashreem/airflow/dags/stage_dag.py took 0.380 seconds
[2025-03-10T04:20:14.399+0000] {processor.py:186} INFO - Started process (PID=118599) to work on /home/Ashreem/airflow/dags/stage_dag.py
[2025-03-10T04:20:14.400+0000] {processor.py:914} INFO - Processing file /home/Ashreem/airflow/dags/stage_dag.py for tasks to queue
[2025-03-10T04:20:14.403+0000] {logging_mixin.py:190} INFO - [2025-03-10T04:20:14.403+0000] {dagbag.py:588} INFO - Filling up the DagBag from /home/Ashreem/airflow/dags/stage_dag.py
[2025-03-10T04:20:14.424+0000] {processor.py:925} INFO - DAG(s) 'source_to_stage' retrieved from /home/Ashreem/airflow/dags/stage_dag.py
[2025-03-10T04:20:14.474+0000] {logging_mixin.py:190} INFO - [2025-03-10T04:20:14.473+0000] {dag.py:3239} INFO - Sync 1 DAGs
[2025-03-10T04:20:14.724+0000] {logging_mixin.py:190} INFO - [2025-03-10T04:20:14.724+0000] {dag.py:4180} INFO - Setting next_dagrun for source_to_stage to None, run_after=None
[2025-03-10T04:20:14.756+0000] {processor.py:208} INFO - Processing /home/Ashreem/airflow/dags/stage_dag.py took 0.365 seconds
[2025-03-10T04:20:45.092+0000] {processor.py:186} INFO - Started process (PID=118609) to work on /home/Ashreem/airflow/dags/stage_dag.py
[2025-03-10T04:20:45.094+0000] {processor.py:914} INFO - Processing file /home/Ashreem/airflow/dags/stage_dag.py for tasks to queue
[2025-03-10T04:20:45.097+0000] {logging_mixin.py:190} INFO - [2025-03-10T04:20:45.096+0000] {dagbag.py:588} INFO - Filling up the DagBag from /home/Ashreem/airflow/dags/stage_dag.py
[2025-03-10T04:20:45.121+0000] {processor.py:925} INFO - DAG(s) 'source_to_stage' retrieved from /home/Ashreem/airflow/dags/stage_dag.py
[2025-03-10T04:20:45.522+0000] {logging_mixin.py:190} INFO - [2025-03-10T04:20:45.522+0000] {dag.py:3239} INFO - Sync 1 DAGs
[2025-03-10T04:20:45.534+0000] {logging_mixin.py:190} INFO - [2025-03-10T04:20:45.534+0000] {dag.py:4180} INFO - Setting next_dagrun for source_to_stage to None, run_after=None
[2025-03-10T04:20:45.568+0000] {processor.py:208} INFO - Processing /home/Ashreem/airflow/dags/stage_dag.py took 0.485 seconds
[2025-03-10T04:21:15.673+0000] {processor.py:186} INFO - Started process (PID=118618) to work on /home/Ashreem/airflow/dags/stage_dag.py
[2025-03-10T04:21:15.675+0000] {processor.py:914} INFO - Processing file /home/Ashreem/airflow/dags/stage_dag.py for tasks to queue
[2025-03-10T04:21:15.678+0000] {logging_mixin.py:190} INFO - [2025-03-10T04:21:15.678+0000] {dagbag.py:588} INFO - Filling up the DagBag from /home/Ashreem/airflow/dags/stage_dag.py
[2025-03-10T04:21:15.957+0000] {processor.py:925} INFO - DAG(s) 'source_to_stage' retrieved from /home/Ashreem/airflow/dags/stage_dag.py
[2025-03-10T04:21:16.008+0000] {logging_mixin.py:190} INFO - [2025-03-10T04:21:16.008+0000] {dag.py:3239} INFO - Sync 1 DAGs
[2025-03-10T04:21:16.020+0000] {logging_mixin.py:190} INFO - [2025-03-10T04:21:16.020+0000] {dag.py:4180} INFO - Setting next_dagrun for source_to_stage to None, run_after=None
[2025-03-10T04:21:16.050+0000] {processor.py:208} INFO - Processing /home/Ashreem/airflow/dags/stage_dag.py took 0.387 seconds
[2025-03-10T04:23:08.214+0000] {processor.py:186} INFO - Started process (PID=118748) to work on /home/Ashreem/airflow/dags/stage_dag.py
[2025-03-10T04:23:08.215+0000] {processor.py:914} INFO - Processing file /home/Ashreem/airflow/dags/stage_dag.py for tasks to queue
[2025-03-10T04:23:08.219+0000] {logging_mixin.py:190} INFO - [2025-03-10T04:23:08.218+0000] {dagbag.py:588} INFO - Filling up the DagBag from /home/Ashreem/airflow/dags/stage_dag.py
[2025-03-10T04:23:08.241+0000] {processor.py:925} INFO - DAG(s) 'source_to_stage' retrieved from /home/Ashreem/airflow/dags/stage_dag.py
[2025-03-10T04:23:08.296+0000] {logging_mixin.py:190} INFO - [2025-03-10T04:23:08.295+0000] {dag.py:3239} INFO - Sync 1 DAGs
[2025-03-10T04:23:08.312+0000] {logging_mixin.py:190} INFO - [2025-03-10T04:23:08.312+0000] {dag.py:4180} INFO - Setting next_dagrun for source_to_stage to None, run_after=None
[2025-03-10T04:23:08.344+0000] {processor.py:208} INFO - Processing /home/Ashreem/airflow/dags/stage_dag.py took 0.139 seconds
[2025-03-10T04:23:38.524+0000] {processor.py:186} INFO - Started process (PID=118760) to work on /home/Ashreem/airflow/dags/stage_dag.py
[2025-03-10T04:23:38.525+0000] {processor.py:914} INFO - Processing file /home/Ashreem/airflow/dags/stage_dag.py for tasks to queue
[2025-03-10T04:23:38.529+0000] {logging_mixin.py:190} INFO - [2025-03-10T04:23:38.528+0000] {dagbag.py:588} INFO - Filling up the DagBag from /home/Ashreem/airflow/dags/stage_dag.py
[2025-03-10T04:23:38.552+0000] {processor.py:925} INFO - DAG(s) 'source_to_stage' retrieved from /home/Ashreem/airflow/dags/stage_dag.py
[2025-03-10T04:23:38.602+0000] {logging_mixin.py:190} INFO - [2025-03-10T04:23:38.601+0000] {dag.py:3239} INFO - Sync 1 DAGs
[2025-03-10T04:23:38.620+0000] {logging_mixin.py:190} INFO - [2025-03-10T04:23:38.620+0000] {dag.py:4180} INFO - Setting next_dagrun for source_to_stage to None, run_after=None
[2025-03-10T04:23:38.658+0000] {processor.py:208} INFO - Processing /home/Ashreem/airflow/dags/stage_dag.py took 0.141 seconds
[2025-03-10T04:24:09.101+0000] {processor.py:186} INFO - Started process (PID=118775) to work on /home/Ashreem/airflow/dags/stage_dag.py
[2025-03-10T04:24:09.104+0000] {processor.py:914} INFO - Processing file /home/Ashreem/airflow/dags/stage_dag.py for tasks to queue
[2025-03-10T04:24:09.107+0000] {logging_mixin.py:190} INFO - [2025-03-10T04:24:09.107+0000] {dagbag.py:588} INFO - Filling up the DagBag from /home/Ashreem/airflow/dags/stage_dag.py
[2025-03-10T04:24:09.131+0000] {processor.py:925} INFO - DAG(s) 'source_to_stage' retrieved from /home/Ashreem/airflow/dags/stage_dag.py
[2025-03-10T04:24:09.183+0000] {logging_mixin.py:190} INFO - [2025-03-10T04:24:09.182+0000] {dag.py:3239} INFO - Sync 1 DAGs
[2025-03-10T04:24:09.199+0000] {logging_mixin.py:190} INFO - [2025-03-10T04:24:09.199+0000] {dag.py:4180} INFO - Setting next_dagrun for source_to_stage to None, run_after=None
[2025-03-10T04:24:09.238+0000] {processor.py:208} INFO - Processing /home/Ashreem/airflow/dags/stage_dag.py took 0.144 seconds
[2025-03-10T04:24:39.554+0000] {processor.py:186} INFO - Started process (PID=118787) to work on /home/Ashreem/airflow/dags/stage_dag.py
[2025-03-10T04:24:39.555+0000] {processor.py:914} INFO - Processing file /home/Ashreem/airflow/dags/stage_dag.py for tasks to queue
[2025-03-10T04:24:39.558+0000] {logging_mixin.py:190} INFO - [2025-03-10T04:24:39.557+0000] {dagbag.py:588} INFO - Filling up the DagBag from /home/Ashreem/airflow/dags/stage_dag.py
[2025-03-10T04:24:39.584+0000] {processor.py:925} INFO - DAG(s) 'source_to_stage' retrieved from /home/Ashreem/airflow/dags/stage_dag.py
[2025-03-10T04:24:39.630+0000] {logging_mixin.py:190} INFO - [2025-03-10T04:24:39.630+0000] {dag.py:3239} INFO - Sync 1 DAGs
[2025-03-10T04:24:39.645+0000] {logging_mixin.py:190} INFO - [2025-03-10T04:24:39.645+0000] {dag.py:4180} INFO - Setting next_dagrun for source_to_stage to None, run_after=None
[2025-03-10T04:24:39.684+0000] {processor.py:208} INFO - Processing /home/Ashreem/airflow/dags/stage_dag.py took 0.141 seconds
[2025-03-10T04:25:11.409+0000] {processor.py:186} INFO - Started process (PID=118797) to work on /home/Ashreem/airflow/dags/stage_dag.py
[2025-03-10T04:25:11.410+0000] {processor.py:914} INFO - Processing file /home/Ashreem/airflow/dags/stage_dag.py for tasks to queue
[2025-03-10T04:25:11.413+0000] {logging_mixin.py:190} INFO - [2025-03-10T04:25:11.413+0000] {dagbag.py:588} INFO - Filling up the DagBag from /home/Ashreem/airflow/dags/stage_dag.py
[2025-03-10T04:25:11.432+0000] {processor.py:925} INFO - DAG(s) 'source_to_stage' retrieved from /home/Ashreem/airflow/dags/stage_dag.py
[2025-03-10T04:25:11.484+0000] {logging_mixin.py:190} INFO - [2025-03-10T04:25:11.483+0000] {dag.py:3239} INFO - Sync 1 DAGs
[2025-03-10T04:25:11.500+0000] {logging_mixin.py:190} INFO - [2025-03-10T04:25:11.499+0000] {dag.py:4180} INFO - Setting next_dagrun for source_to_stage to None, run_after=None
[2025-03-10T04:25:11.534+0000] {processor.py:208} INFO - Processing /home/Ashreem/airflow/dags/stage_dag.py took 0.133 seconds
[2025-03-10T04:26:21.551+0000] {processor.py:186} INFO - Started process (PID=118873) to work on /home/Ashreem/airflow/dags/stage_dag.py
[2025-03-10T04:26:21.554+0000] {processor.py:914} INFO - Processing file /home/Ashreem/airflow/dags/stage_dag.py for tasks to queue
[2025-03-10T04:26:21.557+0000] {logging_mixin.py:190} INFO - [2025-03-10T04:26:21.557+0000] {dagbag.py:588} INFO - Filling up the DagBag from /home/Ashreem/airflow/dags/stage_dag.py
[2025-03-10T04:26:21.578+0000] {processor.py:925} INFO - DAG(s) 'source_to_stage' retrieved from /home/Ashreem/airflow/dags/stage_dag.py
[2025-03-10T04:26:21.629+0000] {logging_mixin.py:190} INFO - [2025-03-10T04:26:21.629+0000] {dag.py:3239} INFO - Sync 1 DAGs
[2025-03-10T04:26:21.646+0000] {logging_mixin.py:190} INFO - [2025-03-10T04:26:21.646+0000] {dag.py:4180} INFO - Setting next_dagrun for source_to_stage to None, run_after=None
[2025-03-10T04:26:21.682+0000] {processor.py:208} INFO - Processing /home/Ashreem/airflow/dags/stage_dag.py took 0.140 seconds
[2025-03-10T04:26:51.864+0000] {processor.py:186} INFO - Started process (PID=118879) to work on /home/Ashreem/airflow/dags/stage_dag.py
[2025-03-10T04:26:51.865+0000] {processor.py:914} INFO - Processing file /home/Ashreem/airflow/dags/stage_dag.py for tasks to queue
[2025-03-10T04:26:51.868+0000] {logging_mixin.py:190} INFO - [2025-03-10T04:26:51.868+0000] {dagbag.py:588} INFO - Filling up the DagBag from /home/Ashreem/airflow/dags/stage_dag.py
[2025-03-10T04:26:51.889+0000] {processor.py:925} INFO - DAG(s) 'source_to_stage' retrieved from /home/Ashreem/airflow/dags/stage_dag.py
[2025-03-10T04:26:51.938+0000] {logging_mixin.py:190} INFO - [2025-03-10T04:26:51.937+0000] {dag.py:3239} INFO - Sync 1 DAGs
[2025-03-10T04:26:51.955+0000] {logging_mixin.py:190} INFO - [2025-03-10T04:26:51.955+0000] {dag.py:4180} INFO - Setting next_dagrun for source_to_stage to None, run_after=None
[2025-03-10T04:26:51.990+0000] {processor.py:208} INFO - Processing /home/Ashreem/airflow/dags/stage_dag.py took 0.134 seconds
[2025-03-10T04:27:22.177+0000] {processor.py:186} INFO - Started process (PID=118885) to work on /home/Ashreem/airflow/dags/stage_dag.py
[2025-03-10T04:27:22.180+0000] {processor.py:914} INFO - Processing file /home/Ashreem/airflow/dags/stage_dag.py for tasks to queue
[2025-03-10T04:27:22.184+0000] {logging_mixin.py:190} INFO - [2025-03-10T04:27:22.183+0000] {dagbag.py:588} INFO - Filling up the DagBag from /home/Ashreem/airflow/dags/stage_dag.py
[2025-03-10T04:27:22.207+0000] {processor.py:925} INFO - DAG(s) 'source_to_stage' retrieved from /home/Ashreem/airflow/dags/stage_dag.py
[2025-03-10T04:27:22.267+0000] {logging_mixin.py:190} INFO - [2025-03-10T04:27:22.267+0000] {dag.py:3239} INFO - Sync 1 DAGs
[2025-03-10T04:27:22.283+0000] {logging_mixin.py:190} INFO - [2025-03-10T04:27:22.283+0000] {dag.py:4180} INFO - Setting next_dagrun for source_to_stage to None, run_after=None
[2025-03-10T04:27:22.319+0000] {processor.py:208} INFO - Processing /home/Ashreem/airflow/dags/stage_dag.py took 0.152 seconds
[2025-03-10T04:27:52.471+0000] {processor.py:186} INFO - Started process (PID=118895) to work on /home/Ashreem/airflow/dags/stage_dag.py
[2025-03-10T04:27:52.472+0000] {processor.py:914} INFO - Processing file /home/Ashreem/airflow/dags/stage_dag.py for tasks to queue
[2025-03-10T04:27:52.475+0000] {logging_mixin.py:190} INFO - [2025-03-10T04:27:52.474+0000] {dagbag.py:588} INFO - Filling up the DagBag from /home/Ashreem/airflow/dags/stage_dag.py
[2025-03-10T04:27:52.495+0000] {processor.py:925} INFO - DAG(s) 'source_to_stage' retrieved from /home/Ashreem/airflow/dags/stage_dag.py
[2025-03-10T04:27:52.543+0000] {logging_mixin.py:190} INFO - [2025-03-10T04:27:52.543+0000] {dag.py:3239} INFO - Sync 1 DAGs
[2025-03-10T04:27:52.558+0000] {logging_mixin.py:190} INFO - [2025-03-10T04:27:52.558+0000] {dag.py:4180} INFO - Setting next_dagrun for source_to_stage to None, run_after=None
[2025-03-10T04:27:52.592+0000] {processor.py:208} INFO - Processing /home/Ashreem/airflow/dags/stage_dag.py took 0.130 seconds
[2025-03-10T04:28:22.757+0000] {processor.py:186} INFO - Started process (PID=118902) to work on /home/Ashreem/airflow/dags/stage_dag.py
[2025-03-10T04:28:22.759+0000] {processor.py:914} INFO - Processing file /home/Ashreem/airflow/dags/stage_dag.py for tasks to queue
[2025-03-10T04:28:22.762+0000] {logging_mixin.py:190} INFO - [2025-03-10T04:28:22.761+0000] {dagbag.py:588} INFO - Filling up the DagBag from /home/Ashreem/airflow/dags/stage_dag.py
[2025-03-10T04:28:22.783+0000] {processor.py:925} INFO - DAG(s) 'source_to_stage' retrieved from /home/Ashreem/airflow/dags/stage_dag.py
[2025-03-10T04:28:22.832+0000] {logging_mixin.py:190} INFO - [2025-03-10T04:28:22.831+0000] {dag.py:3239} INFO - Sync 1 DAGs
[2025-03-10T04:28:22.848+0000] {logging_mixin.py:190} INFO - [2025-03-10T04:28:22.848+0000] {dag.py:4180} INFO - Setting next_dagrun for source_to_stage to None, run_after=None
[2025-03-10T04:28:22.884+0000] {processor.py:208} INFO - Processing /home/Ashreem/airflow/dags/stage_dag.py took 0.135 seconds
[2025-03-10T04:28:53.046+0000] {processor.py:186} INFO - Started process (PID=118914) to work on /home/Ashreem/airflow/dags/stage_dag.py
[2025-03-10T04:28:53.048+0000] {processor.py:914} INFO - Processing file /home/Ashreem/airflow/dags/stage_dag.py for tasks to queue
[2025-03-10T04:28:53.051+0000] {logging_mixin.py:190} INFO - [2025-03-10T04:28:53.050+0000] {dagbag.py:588} INFO - Filling up the DagBag from /home/Ashreem/airflow/dags/stage_dag.py
[2025-03-10T04:28:53.071+0000] {processor.py:925} INFO - DAG(s) 'source_to_stage' retrieved from /home/Ashreem/airflow/dags/stage_dag.py
[2025-03-10T04:28:53.127+0000] {logging_mixin.py:190} INFO - [2025-03-10T04:28:53.127+0000] {dag.py:3239} INFO - Sync 1 DAGs
[2025-03-10T04:28:53.144+0000] {logging_mixin.py:190} INFO - [2025-03-10T04:28:53.144+0000] {dag.py:4180} INFO - Setting next_dagrun for source_to_stage to None, run_after=None
[2025-03-10T04:28:53.180+0000] {processor.py:208} INFO - Processing /home/Ashreem/airflow/dags/stage_dag.py took 0.141 seconds
[2025-03-10T04:29:23.333+0000] {processor.py:186} INFO - Started process (PID=118920) to work on /home/Ashreem/airflow/dags/stage_dag.py
[2025-03-10T04:29:23.338+0000] {processor.py:914} INFO - Processing file /home/Ashreem/airflow/dags/stage_dag.py for tasks to queue
[2025-03-10T04:29:23.341+0000] {logging_mixin.py:190} INFO - [2025-03-10T04:29:23.340+0000] {dagbag.py:588} INFO - Filling up the DagBag from /home/Ashreem/airflow/dags/stage_dag.py
[2025-03-10T04:29:23.363+0000] {processor.py:925} INFO - DAG(s) 'source_to_stage' retrieved from /home/Ashreem/airflow/dags/stage_dag.py
[2025-03-10T04:29:23.415+0000] {logging_mixin.py:190} INFO - [2025-03-10T04:29:23.414+0000] {dag.py:3239} INFO - Sync 1 DAGs
[2025-03-10T04:29:23.430+0000] {logging_mixin.py:190} INFO - [2025-03-10T04:29:23.430+0000] {dag.py:4180} INFO - Setting next_dagrun for source_to_stage to None, run_after=None
[2025-03-10T04:29:23.467+0000] {processor.py:208} INFO - Processing /home/Ashreem/airflow/dags/stage_dag.py took 0.143 seconds
[2025-03-10T04:29:53.620+0000] {processor.py:186} INFO - Started process (PID=118926) to work on /home/Ashreem/airflow/dags/stage_dag.py
[2025-03-10T04:29:53.621+0000] {processor.py:914} INFO - Processing file /home/Ashreem/airflow/dags/stage_dag.py for tasks to queue
[2025-03-10T04:29:53.625+0000] {logging_mixin.py:190} INFO - [2025-03-10T04:29:53.624+0000] {dagbag.py:588} INFO - Filling up the DagBag from /home/Ashreem/airflow/dags/stage_dag.py
[2025-03-10T04:29:53.648+0000] {processor.py:925} INFO - DAG(s) 'source_to_stage' retrieved from /home/Ashreem/airflow/dags/stage_dag.py
[2025-03-10T04:29:53.700+0000] {logging_mixin.py:190} INFO - [2025-03-10T04:29:53.700+0000] {dag.py:3239} INFO - Sync 1 DAGs
[2025-03-10T04:29:53.716+0000] {logging_mixin.py:190} INFO - [2025-03-10T04:29:53.716+0000] {dag.py:4180} INFO - Setting next_dagrun for source_to_stage to None, run_after=None
[2025-03-10T04:29:53.750+0000] {processor.py:208} INFO - Processing /home/Ashreem/airflow/dags/stage_dag.py took 0.138 seconds
[2025-03-10T04:30:23.910+0000] {processor.py:186} INFO - Started process (PID=118938) to work on /home/Ashreem/airflow/dags/stage_dag.py
[2025-03-10T04:30:23.912+0000] {processor.py:914} INFO - Processing file /home/Ashreem/airflow/dags/stage_dag.py for tasks to queue
[2025-03-10T04:30:23.915+0000] {logging_mixin.py:190} INFO - [2025-03-10T04:30:23.915+0000] {dagbag.py:588} INFO - Filling up the DagBag from /home/Ashreem/airflow/dags/stage_dag.py
[2025-03-10T04:30:23.943+0000] {processor.py:925} INFO - DAG(s) 'source_to_stage' retrieved from /home/Ashreem/airflow/dags/stage_dag.py
[2025-03-10T04:30:24.019+0000] {logging_mixin.py:190} INFO - [2025-03-10T04:30:24.018+0000] {dag.py:3239} INFO - Sync 1 DAGs
[2025-03-10T04:30:24.039+0000] {logging_mixin.py:190} INFO - [2025-03-10T04:30:24.039+0000] {dag.py:4180} INFO - Setting next_dagrun for source_to_stage to None, run_after=None
[2025-03-10T04:30:24.074+0000] {processor.py:208} INFO - Processing /home/Ashreem/airflow/dags/stage_dag.py took 0.173 seconds
[2025-03-10T04:30:54.198+0000] {processor.py:186} INFO - Started process (PID=118944) to work on /home/Ashreem/airflow/dags/stage_dag.py
[2025-03-10T04:30:54.199+0000] {processor.py:914} INFO - Processing file /home/Ashreem/airflow/dags/stage_dag.py for tasks to queue
[2025-03-10T04:30:54.203+0000] {logging_mixin.py:190} INFO - [2025-03-10T04:30:54.202+0000] {dagbag.py:588} INFO - Filling up the DagBag from /home/Ashreem/airflow/dags/stage_dag.py
[2025-03-10T04:30:54.227+0000] {processor.py:925} INFO - DAG(s) 'source_to_stage' retrieved from /home/Ashreem/airflow/dags/stage_dag.py
[2025-03-10T04:30:54.284+0000] {logging_mixin.py:190} INFO - [2025-03-10T04:30:54.284+0000] {dag.py:3239} INFO - Sync 1 DAGs
[2025-03-10T04:30:54.300+0000] {logging_mixin.py:190} INFO - [2025-03-10T04:30:54.299+0000] {dag.py:4180} INFO - Setting next_dagrun for source_to_stage to None, run_after=None
[2025-03-10T04:30:54.335+0000] {processor.py:208} INFO - Processing /home/Ashreem/airflow/dags/stage_dag.py took 0.146 seconds
[2025-03-10T04:31:24.491+0000] {processor.py:186} INFO - Started process (PID=118951) to work on /home/Ashreem/airflow/dags/stage_dag.py
[2025-03-10T04:31:24.492+0000] {processor.py:914} INFO - Processing file /home/Ashreem/airflow/dags/stage_dag.py for tasks to queue
[2025-03-10T04:31:24.495+0000] {logging_mixin.py:190} INFO - [2025-03-10T04:31:24.495+0000] {dagbag.py:588} INFO - Filling up the DagBag from /home/Ashreem/airflow/dags/stage_dag.py
[2025-03-10T04:31:24.514+0000] {processor.py:925} INFO - DAG(s) 'source_to_stage' retrieved from /home/Ashreem/airflow/dags/stage_dag.py
[2025-03-10T04:31:24.684+0000] {logging_mixin.py:190} INFO - [2025-03-10T04:31:24.683+0000] {dag.py:3239} INFO - Sync 1 DAGs
[2025-03-10T04:31:24.697+0000] {logging_mixin.py:190} INFO - [2025-03-10T04:31:24.696+0000] {dag.py:4180} INFO - Setting next_dagrun for source_to_stage to None, run_after=None
[2025-03-10T04:31:24.727+0000] {processor.py:208} INFO - Processing /home/Ashreem/airflow/dags/stage_dag.py took 0.245 seconds
[2025-03-10T04:31:54.876+0000] {processor.py:186} INFO - Started process (PID=118962) to work on /home/Ashreem/airflow/dags/stage_dag.py
[2025-03-10T04:31:54.877+0000] {processor.py:914} INFO - Processing file /home/Ashreem/airflow/dags/stage_dag.py for tasks to queue
[2025-03-10T04:31:54.880+0000] {logging_mixin.py:190} INFO - [2025-03-10T04:31:54.879+0000] {dagbag.py:588} INFO - Filling up the DagBag from /home/Ashreem/airflow/dags/stage_dag.py
[2025-03-10T04:31:54.904+0000] {processor.py:925} INFO - DAG(s) 'source_to_stage' retrieved from /home/Ashreem/airflow/dags/stage_dag.py
[2025-03-10T04:31:55.079+0000] {logging_mixin.py:190} INFO - [2025-03-10T04:31:55.078+0000] {dag.py:3239} INFO - Sync 1 DAGs
[2025-03-10T04:31:55.093+0000] {logging_mixin.py:190} INFO - [2025-03-10T04:31:55.093+0000] {dag.py:4180} INFO - Setting next_dagrun for source_to_stage to None, run_after=None
[2025-03-10T04:31:55.139+0000] {processor.py:208} INFO - Processing /home/Ashreem/airflow/dags/stage_dag.py took 0.271 seconds
[2025-03-10T04:33:00.281+0000] {processor.py:186} INFO - Started process (PID=119131) to work on /home/Ashreem/airflow/dags/stage_dag.py
[2025-03-10T04:33:00.283+0000] {processor.py:914} INFO - Processing file /home/Ashreem/airflow/dags/stage_dag.py for tasks to queue
[2025-03-10T04:33:00.286+0000] {logging_mixin.py:190} INFO - [2025-03-10T04:33:00.286+0000] {dagbag.py:588} INFO - Filling up the DagBag from /home/Ashreem/airflow/dags/stage_dag.py
[2025-03-10T04:33:00.308+0000] {processor.py:925} INFO - DAG(s) 'source_to_stage' retrieved from /home/Ashreem/airflow/dags/stage_dag.py
[2025-03-10T04:33:00.361+0000] {logging_mixin.py:190} INFO - [2025-03-10T04:33:00.360+0000] {dag.py:3239} INFO - Sync 1 DAGs
[2025-03-10T04:33:00.377+0000] {logging_mixin.py:190} INFO - [2025-03-10T04:33:00.377+0000] {dag.py:4180} INFO - Setting next_dagrun for source_to_stage to None, run_after=None
[2025-03-10T04:33:00.421+0000] {processor.py:208} INFO - Processing /home/Ashreem/airflow/dags/stage_dag.py took 0.149 seconds
[2025-03-10T04:33:30.552+0000] {processor.py:186} INFO - Started process (PID=119293) to work on /home/Ashreem/airflow/dags/stage_dag.py
[2025-03-10T04:33:30.553+0000] {processor.py:914} INFO - Processing file /home/Ashreem/airflow/dags/stage_dag.py for tasks to queue
[2025-03-10T04:33:30.556+0000] {logging_mixin.py:190} INFO - [2025-03-10T04:33:30.556+0000] {dagbag.py:588} INFO - Filling up the DagBag from /home/Ashreem/airflow/dags/stage_dag.py
[2025-03-10T04:33:30.577+0000] {processor.py:925} INFO - DAG(s) 'source_to_stage' retrieved from /home/Ashreem/airflow/dags/stage_dag.py
[2025-03-10T04:33:30.627+0000] {logging_mixin.py:190} INFO - [2025-03-10T04:33:30.627+0000] {dag.py:3239} INFO - Sync 1 DAGs
[2025-03-10T04:33:30.642+0000] {logging_mixin.py:190} INFO - [2025-03-10T04:33:30.642+0000] {dag.py:4180} INFO - Setting next_dagrun for source_to_stage to None, run_after=None
[2025-03-10T04:33:30.677+0000] {processor.py:208} INFO - Processing /home/Ashreem/airflow/dags/stage_dag.py took 0.132 seconds
[2025-03-10T04:33:47.106+0000] {processor.py:186} INFO - Started process (PID=119379) to work on /home/Ashreem/airflow/dags/stage_dag.py
[2025-03-10T04:33:47.108+0000] {processor.py:914} INFO - Processing file /home/Ashreem/airflow/dags/stage_dag.py for tasks to queue
[2025-03-10T04:33:47.111+0000] {logging_mixin.py:190} INFO - [2025-03-10T04:33:47.110+0000] {dagbag.py:588} INFO - Filling up the DagBag from /home/Ashreem/airflow/dags/stage_dag.py
[2025-03-10T04:33:47.133+0000] {processor.py:925} INFO - DAG(s) 'source_to_stage' retrieved from /home/Ashreem/airflow/dags/stage_dag.py
[2025-03-10T04:33:47.184+0000] {logging_mixin.py:190} INFO - [2025-03-10T04:33:47.184+0000] {dag.py:3239} INFO - Sync 1 DAGs
[2025-03-10T04:33:47.199+0000] {logging_mixin.py:190} INFO - [2025-03-10T04:33:47.199+0000] {dag.py:4180} INFO - Setting next_dagrun for source_to_stage to None, run_after=None
[2025-03-10T04:33:47.232+0000] {processor.py:208} INFO - Processing /home/Ashreem/airflow/dags/stage_dag.py took 0.135 seconds
[2025-03-10T04:34:00.339+0000] {processor.py:186} INFO - Started process (PID=119453) to work on /home/Ashreem/airflow/dags/stage_dag.py
[2025-03-10T04:34:00.340+0000] {processor.py:914} INFO - Processing file /home/Ashreem/airflow/dags/stage_dag.py for tasks to queue
[2025-03-10T04:34:00.343+0000] {logging_mixin.py:190} INFO - [2025-03-10T04:34:00.343+0000] {dagbag.py:588} INFO - Filling up the DagBag from /home/Ashreem/airflow/dags/stage_dag.py
[2025-03-10T04:34:00.357+0000] {logging_mixin.py:190} INFO - [2025-03-10T04:34:00.354+0000] {dagbag.py:387} ERROR - Failed to import: /home/Ashreem/airflow/dags/stage_dag.py
Traceback (most recent call last):
  File "/home/Ashreem/airflow-env/lib/python3.12/site-packages/airflow/models/dagbag.py", line 383, in parse
    loader.exec_module(new_module)
  File "<frozen importlib._bootstrap_external>", line 995, in exec_module
  File "<frozen importlib._bootstrap>", line 488, in _call_with_frames_removed
  File "/home/Ashreem/airflow/dags/stage_dag.py", line 113, in <module>
    load_stage()
  File "/home/Ashreem/airflow-env/lib/python3.12/site-packages/airflow/models/dag.py", line 4307, in factory
    f(**f_kwargs)
  File "/home/Ashreem/airflow/dags/stage_dag.py", line 61, in load_stage
    load_to_stage=load()
                  ^^^^^^
  File "/home/Ashreem/airflow-env/lib/python3.12/site-packages/airflow/decorators/task_group.py", line 93, in __call__
    return self._create_task_group(TaskGroup, *args, **kwargs)
           ^^^^^^^^^^^^^^^^^^^^^^^^^^^^^^^^^^^^^^^^^^^^^^^^^^^
  File "/home/Ashreem/airflow-env/lib/python3.12/site-packages/airflow/decorators/task_group.py", line 101, in _create_task_group
    retval = self.function(*args, **kwargs)
             ^^^^^^^^^^^^^^^^^^^^^^^^^^^^^^
  File "/home/Ashreem/airflow/dags/stage_dag.py", line 59, in load
    load_stage_table=SQLExecuteQueryOperator()
                     ^^^^^^^^^^^^^^^^^^^^^^^^^
  File "/home/Ashreem/airflow-env/lib/python3.12/site-packages/airflow/models/baseoperator.py", line 491, in apply_defaults
    raise AirflowException(f"missing keyword argument {missing_args.pop()!r}")
airflow.exceptions.AirflowException: missing keyword argument 'sql'
[2025-03-10T04:34:00.358+0000] {processor.py:927} WARNING - No viable dags retrieved from /home/Ashreem/airflow/dags/stage_dag.py
[2025-03-10T04:34:00.391+0000] {processor.py:208} INFO - Processing /home/Ashreem/airflow/dags/stage_dag.py took 0.060 seconds
[2025-03-10T04:34:02.288+0000] {processor.py:186} INFO - Started process (PID=119466) to work on /home/Ashreem/airflow/dags/stage_dag.py
[2025-03-10T04:34:02.290+0000] {processor.py:914} INFO - Processing file /home/Ashreem/airflow/dags/stage_dag.py for tasks to queue
[2025-03-10T04:34:02.295+0000] {logging_mixin.py:190} INFO - [2025-03-10T04:34:02.294+0000] {dagbag.py:588} INFO - Filling up the DagBag from /home/Ashreem/airflow/dags/stage_dag.py
[2025-03-10T04:34:02.309+0000] {logging_mixin.py:190} INFO - [2025-03-10T04:34:02.306+0000] {dagbag.py:387} ERROR - Failed to import: /home/Ashreem/airflow/dags/stage_dag.py
Traceback (most recent call last):
  File "/home/Ashreem/airflow-env/lib/python3.12/site-packages/airflow/models/dagbag.py", line 383, in parse
    loader.exec_module(new_module)
  File "<frozen importlib._bootstrap_external>", line 995, in exec_module
  File "<frozen importlib._bootstrap>", line 488, in _call_with_frames_removed
  File "/home/Ashreem/airflow/dags/stage_dag.py", line 115, in <module>
    load_stage()
  File "/home/Ashreem/airflow-env/lib/python3.12/site-packages/airflow/models/dag.py", line 4307, in factory
    f(**f_kwargs)
  File "/home/Ashreem/airflow/dags/stage_dag.py", line 63, in load_stage
    load_to_stage=load()
                  ^^^^^^
  File "/home/Ashreem/airflow-env/lib/python3.12/site-packages/airflow/decorators/task_group.py", line 93, in __call__
    return self._create_task_group(TaskGroup, *args, **kwargs)
           ^^^^^^^^^^^^^^^^^^^^^^^^^^^^^^^^^^^^^^^^^^^^^^^^^^^
  File "/home/Ashreem/airflow-env/lib/python3.12/site-packages/airflow/decorators/task_group.py", line 101, in _create_task_group
    retval = self.function(*args, **kwargs)
             ^^^^^^^^^^^^^^^^^^^^^^^^^^^^^^
  File "/home/Ashreem/airflow/dags/stage_dag.py", line 59, in load
    load_stage_table=SQLExecuteQueryOperator(
                     ^^^^^^^^^^^^^^^^^^^^^^^^
  File "/home/Ashreem/airflow-env/lib/python3.12/site-packages/airflow/models/baseoperator.py", line 466, in apply_defaults
    raise AirflowException("Use keyword arguments when initializing operators")
airflow.exceptions.AirflowException: Use keyword arguments when initializing operators
[2025-03-10T04:34:02.310+0000] {processor.py:927} WARNING - No viable dags retrieved from /home/Ashreem/airflow/dags/stage_dag.py
[2025-03-10T04:34:02.344+0000] {processor.py:208} INFO - Processing /home/Ashreem/airflow/dags/stage_dag.py took 0.064 seconds
[2025-03-10T04:34:04.474+0000] {processor.py:186} INFO - Started process (PID=119477) to work on /home/Ashreem/airflow/dags/stage_dag.py
[2025-03-10T04:34:04.475+0000] {processor.py:914} INFO - Processing file /home/Ashreem/airflow/dags/stage_dag.py for tasks to queue
[2025-03-10T04:34:04.478+0000] {logging_mixin.py:190} INFO - [2025-03-10T04:34:04.477+0000] {dagbag.py:588} INFO - Filling up the DagBag from /home/Ashreem/airflow/dags/stage_dag.py
[2025-03-10T04:34:04.491+0000] {logging_mixin.py:190} INFO - [2025-03-10T04:34:04.488+0000] {dagbag.py:387} ERROR - Failed to import: /home/Ashreem/airflow/dags/stage_dag.py
Traceback (most recent call last):
  File "/home/Ashreem/airflow-env/lib/python3.12/site-packages/airflow/models/dagbag.py", line 383, in parse
    loader.exec_module(new_module)
  File "<frozen importlib._bootstrap_external>", line 995, in exec_module
  File "<frozen importlib._bootstrap>", line 488, in _call_with_frames_removed
  File "/home/Ashreem/airflow/dags/stage_dag.py", line 115, in <module>
    load_stage()
  File "/home/Ashreem/airflow-env/lib/python3.12/site-packages/airflow/models/dag.py", line 4307, in factory
    f(**f_kwargs)
  File "/home/Ashreem/airflow/dags/stage_dag.py", line 63, in load_stage
    load_to_stage=load()
                  ^^^^^^
  File "/home/Ashreem/airflow-env/lib/python3.12/site-packages/airflow/decorators/task_group.py", line 93, in __call__
    return self._create_task_group(TaskGroup, *args, **kwargs)
           ^^^^^^^^^^^^^^^^^^^^^^^^^^^^^^^^^^^^^^^^^^^^^^^^^^^
  File "/home/Ashreem/airflow-env/lib/python3.12/site-packages/airflow/decorators/task_group.py", line 101, in _create_task_group
    retval = self.function(*args, **kwargs)
             ^^^^^^^^^^^^^^^^^^^^^^^^^^^^^^
  File "/home/Ashreem/airflow/dags/stage_dag.py", line 59, in load
    load_stage_table=SQLExecuteQueryOperator(
                     ^^^^^^^^^^^^^^^^^^^^^^^^
  File "/home/Ashreem/airflow-env/lib/python3.12/site-packages/airflow/models/baseoperator.py", line 491, in apply_defaults
    raise AirflowException(f"missing keyword argument {missing_args.pop()!r}")
airflow.exceptions.AirflowException: missing keyword argument 'sql'
[2025-03-10T04:34:04.492+0000] {processor.py:927} WARNING - No viable dags retrieved from /home/Ashreem/airflow/dags/stage_dag.py
[2025-03-10T04:34:04.523+0000] {processor.py:208} INFO - Processing /home/Ashreem/airflow/dags/stage_dag.py took 0.058 seconds
[2025-03-10T04:34:23.521+0000] {processor.py:186} INFO - Started process (PID=119510) to work on /home/Ashreem/airflow/dags/stage_dag.py
[2025-03-10T04:34:23.522+0000] {processor.py:914} INFO - Processing file /home/Ashreem/airflow/dags/stage_dag.py for tasks to queue
[2025-03-10T04:34:23.527+0000] {logging_mixin.py:190} INFO - [2025-03-10T04:34:23.525+0000] {dagbag.py:588} INFO - Filling up the DagBag from /home/Ashreem/airflow/dags/stage_dag.py
[2025-03-10T04:34:23.554+0000] {processor.py:925} INFO - DAG(s) 'source_to_stage' retrieved from /home/Ashreem/airflow/dags/stage_dag.py
[2025-03-10T04:34:23.764+0000] {logging_mixin.py:190} INFO - [2025-03-10T04:34:23.763+0000] {dag.py:3239} INFO - Sync 1 DAGs
[2025-03-10T04:34:23.777+0000] {logging_mixin.py:190} INFO - [2025-03-10T04:34:23.776+0000] {dag.py:4180} INFO - Setting next_dagrun for source_to_stage to None, run_after=None
[2025-03-10T04:34:23.830+0000] {processor.py:208} INFO - Processing /home/Ashreem/airflow/dags/stage_dag.py took 0.318 seconds
[2025-03-10T04:34:26.009+0000] {processor.py:186} INFO - Started process (PID=119511) to work on /home/Ashreem/airflow/dags/stage_dag.py
[2025-03-10T04:34:26.010+0000] {processor.py:914} INFO - Processing file /home/Ashreem/airflow/dags/stage_dag.py for tasks to queue
[2025-03-10T04:34:26.013+0000] {logging_mixin.py:190} INFO - [2025-03-10T04:34:26.013+0000] {dagbag.py:588} INFO - Filling up the DagBag from /home/Ashreem/airflow/dags/stage_dag.py
[2025-03-10T04:34:26.046+0000] {processor.py:925} INFO - DAG(s) 'source_to_stage' retrieved from /home/Ashreem/airflow/dags/stage_dag.py
[2025-03-10T04:34:26.057+0000] {logging_mixin.py:190} INFO - [2025-03-10T04:34:26.057+0000] {dag.py:3239} INFO - Sync 1 DAGs
[2025-03-10T04:34:26.076+0000] {logging_mixin.py:190} INFO - [2025-03-10T04:34:26.075+0000] {dag.py:4180} INFO - Setting next_dagrun for source_to_stage to None, run_after=None
[2025-03-10T04:34:26.117+0000] {processor.py:208} INFO - Processing /home/Ashreem/airflow/dags/stage_dag.py took 0.117 seconds
[2025-03-10T04:34:37.880+0000] {processor.py:186} INFO - Started process (PID=119513) to work on /home/Ashreem/airflow/dags/stage_dag.py
[2025-03-10T04:34:37.881+0000] {processor.py:914} INFO - Processing file /home/Ashreem/airflow/dags/stage_dag.py for tasks to queue
[2025-03-10T04:34:37.884+0000] {logging_mixin.py:190} INFO - [2025-03-10T04:34:37.883+0000] {dagbag.py:588} INFO - Filling up the DagBag from /home/Ashreem/airflow/dags/stage_dag.py
[2025-03-10T04:34:37.911+0000] {processor.py:925} INFO - DAG(s) 'source_to_stage' retrieved from /home/Ashreem/airflow/dags/stage_dag.py
[2025-03-10T04:34:37.924+0000] {logging_mixin.py:190} INFO - [2025-03-10T04:34:37.922+0000] {dag.py:3239} INFO - Sync 1 DAGs
[2025-03-10T04:34:37.945+0000] {logging_mixin.py:190} INFO - [2025-03-10T04:34:37.944+0000] {dag.py:4180} INFO - Setting next_dagrun for source_to_stage to None, run_after=None
[2025-03-10T04:34:37.978+0000] {processor.py:208} INFO - Processing /home/Ashreem/airflow/dags/stage_dag.py took 0.106 seconds
[2025-03-10T04:34:40.167+0000] {processor.py:186} INFO - Started process (PID=119514) to work on /home/Ashreem/airflow/dags/stage_dag.py
[2025-03-10T04:34:40.168+0000] {processor.py:914} INFO - Processing file /home/Ashreem/airflow/dags/stage_dag.py for tasks to queue
[2025-03-10T04:34:40.171+0000] {logging_mixin.py:190} INFO - [2025-03-10T04:34:40.171+0000] {dagbag.py:588} INFO - Filling up the DagBag from /home/Ashreem/airflow/dags/stage_dag.py
[2025-03-10T04:34:40.187+0000] {logging_mixin.py:190} INFO - [2025-03-10T04:34:40.183+0000] {dagbag.py:387} ERROR - Failed to import: /home/Ashreem/airflow/dags/stage_dag.py
Traceback (most recent call last):
  File "/home/Ashreem/airflow-env/lib/python3.12/site-packages/airflow/models/dagbag.py", line 383, in parse
    loader.exec_module(new_module)
  File "<frozen importlib._bootstrap_external>", line 995, in exec_module
  File "<frozen importlib._bootstrap>", line 488, in _call_with_frames_removed
  File "/home/Ashreem/airflow/dags/stage_dag.py", line 123, in <module>
    load_stage()
  File "/home/Ashreem/airflow-env/lib/python3.12/site-packages/airflow/models/dag.py", line 4307, in factory
    f(**f_kwargs)
  File "/home/Ashreem/airflow/dags/stage_dag.py", line 71, in load_stage
    load_to_stage=load()
                  ^^^^^^
  File "/home/Ashreem/airflow-env/lib/python3.12/site-packages/airflow/decorators/task_group.py", line 93, in __call__
    return self._create_task_group(TaskGroup, *args, **kwargs)
           ^^^^^^^^^^^^^^^^^^^^^^^^^^^^^^^^^^^^^^^^^^^^^^^^^^^
  File "/home/Ashreem/airflow-env/lib/python3.12/site-packages/airflow/decorators/task_group.py", line 101, in _create_task_group
    retval = self.function(*args, **kwargs)
             ^^^^^^^^^^^^^^^^^^^^^^^^^^^^^^
  File "/home/Ashreem/airflow/dags/stage_dag.py", line 59, in load
    load_stage_table=SQLExecuteQueryOperator(
                     ^^^^^^^^^^^^^^^^^^^^^^^^
  File "/home/Ashreem/airflow-env/lib/python3.12/site-packages/airflow/models/baseoperator.py", line 508, in apply_defaults
    result = func(self, **kwargs, default_args=default_args)
             ^^^^^^^^^^^^^^^^^^^^^^^^^^^^^^^^^^^^^^^^^^^^^^^
  File "/home/Ashreem/airflow-env/lib/python3.12/site-packages/airflow/providers/common/sql/operators/sql.py", line 258, in __init__
    super().__init__(conn_id=conn_id, database=database, **kwargs)
  File "/home/Ashreem/airflow-env/lib/python3.12/site-packages/airflow/models/baseoperator.py", line 508, in apply_defaults
    result = func(self, **kwargs, default_args=default_args)
             ^^^^^^^^^^^^^^^^^^^^^^^^^^^^^^^^^^^^^^^^^^^^^^^
  File "/home/Ashreem/airflow-env/lib/python3.12/site-packages/airflow/providers/common/sql/operators/sql.py", line 147, in __init__
    super().__init__(**kwargs)
  File "/home/Ashreem/airflow-env/lib/python3.12/site-packages/airflow/models/baseoperator.py", line 508, in apply_defaults
    result = func(self, **kwargs, default_args=default_args)
             ^^^^^^^^^^^^^^^^^^^^^^^^^^^^^^^^^^^^^^^^^^^^^^^
  File "/home/Ashreem/airflow-env/lib/python3.12/site-packages/airflow/models/baseoperator.py", line 976, in __init__
    validate_key(self.task_id)
  File "/home/Ashreem/airflow-env/lib/python3.12/site-packages/airflow/utils/helpers.py", line 57, in validate_key
    raise AirflowException(
airflow.exceptions.AirflowException: The key 'Load_countries_into_stage.Load_{_into_stage' has to be made of alphanumeric characters, dashes, dots and underscores exclusively
[2025-03-10T04:34:40.188+0000] {processor.py:927} WARNING - No viable dags retrieved from /home/Ashreem/airflow/dags/stage_dag.py
[2025-03-10T04:34:40.220+0000] {processor.py:208} INFO - Processing /home/Ashreem/airflow/dags/stage_dag.py took 0.061 seconds
[2025-03-10T04:34:40.822+0000] {processor.py:186} INFO - Started process (PID=119515) to work on /home/Ashreem/airflow/dags/stage_dag.py
[2025-03-10T04:34:40.823+0000] {processor.py:914} INFO - Processing file /home/Ashreem/airflow/dags/stage_dag.py for tasks to queue
[2025-03-10T04:34:40.826+0000] {logging_mixin.py:190} INFO - [2025-03-10T04:34:40.825+0000] {dagbag.py:588} INFO - Filling up the DagBag from /home/Ashreem/airflow/dags/stage_dag.py
[2025-03-10T04:34:40.849+0000] {processor.py:925} INFO - DAG(s) 'source_to_stage' retrieved from /home/Ashreem/airflow/dags/stage_dag.py
[2025-03-10T04:34:40.859+0000] {logging_mixin.py:190} INFO - [2025-03-10T04:34:40.858+0000] {dag.py:3239} INFO - Sync 1 DAGs
[2025-03-10T04:34:40.875+0000] {logging_mixin.py:190} INFO - [2025-03-10T04:34:40.875+0000] {dag.py:4180} INFO - Setting next_dagrun for source_to_stage to None, run_after=None
[2025-03-10T04:34:40.925+0000] {processor.py:208} INFO - Processing /home/Ashreem/airflow/dags/stage_dag.py took 0.110 seconds
[2025-03-10T04:34:42.935+0000] {processor.py:186} INFO - Started process (PID=119517) to work on /home/Ashreem/airflow/dags/stage_dag.py
[2025-03-10T04:34:42.936+0000] {processor.py:914} INFO - Processing file /home/Ashreem/airflow/dags/stage_dag.py for tasks to queue
[2025-03-10T04:34:42.939+0000] {logging_mixin.py:190} INFO - [2025-03-10T04:34:42.939+0000] {dagbag.py:588} INFO - Filling up the DagBag from /home/Ashreem/airflow/dags/stage_dag.py
[2025-03-10T04:34:42.944+0000] {logging_mixin.py:190} INFO - [2025-03-10T04:34:42.943+0000] {dagbag.py:387} ERROR - Failed to import: /home/Ashreem/airflow/dags/stage_dag.py
Traceback (most recent call last):
  File "/home/Ashreem/airflow-env/lib/python3.12/site-packages/airflow/models/dagbag.py", line 383, in parse
    loader.exec_module(new_module)
  File "<frozen importlib._bootstrap_external>", line 991, in exec_module
  File "<frozen importlib._bootstrap_external>", line 1129, in get_code
  File "<frozen importlib._bootstrap_external>", line 1059, in source_to_code
  File "<frozen importlib._bootstrap>", line 488, in _call_with_frames_removed
  File "/home/Ashreem/airflow/dags/stage_dag.py", line 60
    task_id=Load__into_stage',
                            ^
SyntaxError: unterminated string literal (detected at line 60)
[2025-03-10T04:34:42.945+0000] {processor.py:927} WARNING - No viable dags retrieved from /home/Ashreem/airflow/dags/stage_dag.py
[2025-03-10T04:34:42.978+0000] {processor.py:208} INFO - Processing /home/Ashreem/airflow/dags/stage_dag.py took 0.051 seconds
[2025-03-10T04:34:44.883+0000] {processor.py:186} INFO - Started process (PID=119518) to work on /home/Ashreem/airflow/dags/stage_dag.py
[2025-03-10T04:34:44.884+0000] {processor.py:914} INFO - Processing file /home/Ashreem/airflow/dags/stage_dag.py for tasks to queue
[2025-03-10T04:34:44.889+0000] {logging_mixin.py:190} INFO - [2025-03-10T04:34:44.887+0000] {dagbag.py:588} INFO - Filling up the DagBag from /home/Ashreem/airflow/dags/stage_dag.py
[2025-03-10T04:34:44.911+0000] {logging_mixin.py:190} INFO - [2025-03-10T04:34:44.901+0000] {dagbag.py:387} ERROR - Failed to import: /home/Ashreem/airflow/dags/stage_dag.py
Traceback (most recent call last):
  File "/home/Ashreem/airflow-env/lib/python3.12/site-packages/airflow/models/dagbag.py", line 383, in parse
    loader.exec_module(new_module)
  File "<frozen importlib._bootstrap_external>", line 995, in exec_module
  File "<frozen importlib._bootstrap>", line 488, in _call_with_frames_removed
  File "/home/Ashreem/airflow/dags/stage_dag.py", line 123, in <module>
    load_stage()
  File "/home/Ashreem/airflow-env/lib/python3.12/site-packages/airflow/models/dag.py", line 4307, in factory
    f(**f_kwargs)
  File "/home/Ashreem/airflow/dags/stage_dag.py", line 71, in load_stage
    load_to_stage=load()
                  ^^^^^^
  File "/home/Ashreem/airflow-env/lib/python3.12/site-packages/airflow/decorators/task_group.py", line 93, in __call__
    return self._create_task_group(TaskGroup, *args, **kwargs)
           ^^^^^^^^^^^^^^^^^^^^^^^^^^^^^^^^^^^^^^^^^^^^^^^^^^^
  File "/home/Ashreem/airflow-env/lib/python3.12/site-packages/airflow/decorators/task_group.py", line 101, in _create_task_group
    retval = self.function(*args, **kwargs)
             ^^^^^^^^^^^^^^^^^^^^^^^^^^^^^^
  File "/home/Ashreem/airflow/dags/stage_dag.py", line 60, in load
    task_id=Load__into_stage,
            ^^^^^^^^^^^^^^^^
NameError: name 'Load__into_stage' is not defined
[2025-03-10T04:34:44.918+0000] {processor.py:927} WARNING - No viable dags retrieved from /home/Ashreem/airflow/dags/stage_dag.py
[2025-03-10T04:34:44.954+0000] {processor.py:208} INFO - Processing /home/Ashreem/airflow/dags/stage_dag.py took 0.080 seconds
[2025-03-10T04:34:46.944+0000] {processor.py:186} INFO - Started process (PID=119520) to work on /home/Ashreem/airflow/dags/stage_dag.py
[2025-03-10T04:34:46.945+0000] {processor.py:914} INFO - Processing file /home/Ashreem/airflow/dags/stage_dag.py for tasks to queue
[2025-03-10T04:34:46.949+0000] {logging_mixin.py:190} INFO - [2025-03-10T04:34:46.948+0000] {dagbag.py:588} INFO - Filling up the DagBag from /home/Ashreem/airflow/dags/stage_dag.py
[2025-03-10T04:34:46.954+0000] {logging_mixin.py:190} INFO - [2025-03-10T04:34:46.953+0000] {dagbag.py:387} ERROR - Failed to import: /home/Ashreem/airflow/dags/stage_dag.py
Traceback (most recent call last):
  File "/home/Ashreem/airflow-env/lib/python3.12/site-packages/airflow/models/dagbag.py", line 383, in parse
    loader.exec_module(new_module)
  File "<frozen importlib._bootstrap_external>", line 991, in exec_module
  File "<frozen importlib._bootstrap_external>", line 1129, in get_code
  File "<frozen importlib._bootstrap_external>", line 1059, in source_to_code
  File "<frozen importlib._bootstrap>", line 488, in _call_with_frames_removed
  File "/home/Ashreem/airflow/dags/stage_dag.py", line 60
    task_id=f"Load__into_stage,
            ^
SyntaxError: unterminated f-string literal (detected at line 60)
[2025-03-10T04:34:46.956+0000] {processor.py:927} WARNING - No viable dags retrieved from /home/Ashreem/airflow/dags/stage_dag.py
[2025-03-10T04:34:46.991+0000] {processor.py:208} INFO - Processing /home/Ashreem/airflow/dags/stage_dag.py took 0.053 seconds
[2025-03-10T04:34:49.150+0000] {processor.py:186} INFO - Started process (PID=119521) to work on /home/Ashreem/airflow/dags/stage_dag.py
[2025-03-10T04:34:49.152+0000] {processor.py:914} INFO - Processing file /home/Ashreem/airflow/dags/stage_dag.py for tasks to queue
[2025-03-10T04:34:49.155+0000] {logging_mixin.py:190} INFO - [2025-03-10T04:34:49.154+0000] {dagbag.py:588} INFO - Filling up the DagBag from /home/Ashreem/airflow/dags/stage_dag.py
[2025-03-10T04:34:49.181+0000] {processor.py:925} INFO - DAG(s) 'source_to_stage' retrieved from /home/Ashreem/airflow/dags/stage_dag.py
[2025-03-10T04:34:49.193+0000] {logging_mixin.py:190} INFO - [2025-03-10T04:34:49.192+0000] {dag.py:3239} INFO - Sync 1 DAGs
[2025-03-10T04:34:49.208+0000] {logging_mixin.py:190} INFO - [2025-03-10T04:34:49.208+0000] {dag.py:4180} INFO - Setting next_dagrun for source_to_stage to None, run_after=None
[2025-03-10T04:34:49.263+0000] {processor.py:208} INFO - Processing /home/Ashreem/airflow/dags/stage_dag.py took 0.123 seconds
[2025-03-10T04:34:51.070+0000] {processor.py:186} INFO - Started process (PID=119524) to work on /home/Ashreem/airflow/dags/stage_dag.py
[2025-03-10T04:34:51.072+0000] {processor.py:914} INFO - Processing file /home/Ashreem/airflow/dags/stage_dag.py for tasks to queue
[2025-03-10T04:34:51.075+0000] {logging_mixin.py:190} INFO - [2025-03-10T04:34:51.074+0000] {dagbag.py:588} INFO - Filling up the DagBag from /home/Ashreem/airflow/dags/stage_dag.py
[2025-03-10T04:34:51.080+0000] {logging_mixin.py:190} INFO - [2025-03-10T04:34:51.079+0000] {dagbag.py:387} ERROR - Failed to import: /home/Ashreem/airflow/dags/stage_dag.py
Traceback (most recent call last):
  File "/home/Ashreem/airflow-env/lib/python3.12/site-packages/airflow/models/dagbag.py", line 383, in parse
    loader.exec_module(new_module)
  File "<frozen importlib._bootstrap_external>", line 991, in exec_module
  File "<frozen importlib._bootstrap_external>", line 1129, in get_code
  File "<frozen importlib._bootstrap_external>", line 1059, in source_to_code
  File "<frozen importlib._bootstrap>", line 488, in _call_with_frames_removed
  File "/home/Ashreem/airflow/dags/stage_dag.py", line 60
    task_id=f"Load_{}_into_stage",
                    ^
SyntaxError: f-string: valid expression required before '}'
[2025-03-10T04:34:51.080+0000] {processor.py:927} WARNING - No viable dags retrieved from /home/Ashreem/airflow/dags/stage_dag.py
[2025-03-10T04:34:51.117+0000] {processor.py:208} INFO - Processing /home/Ashreem/airflow/dags/stage_dag.py took 0.055 seconds
[2025-03-10T04:34:56.494+0000] {processor.py:186} INFO - Started process (PID=119526) to work on /home/Ashreem/airflow/dags/stage_dag.py
[2025-03-10T04:34:56.495+0000] {processor.py:914} INFO - Processing file /home/Ashreem/airflow/dags/stage_dag.py for tasks to queue
[2025-03-10T04:34:56.498+0000] {logging_mixin.py:190} INFO - [2025-03-10T04:34:56.498+0000] {dagbag.py:588} INFO - Filling up the DagBag from /home/Ashreem/airflow/dags/stage_dag.py
[2025-03-10T04:34:56.524+0000] {processor.py:925} INFO - DAG(s) 'source_to_stage' retrieved from /home/Ashreem/airflow/dags/stage_dag.py
[2025-03-10T04:34:56.720+0000] {logging_mixin.py:190} INFO - [2025-03-10T04:34:56.720+0000] {dag.py:3239} INFO - Sync 1 DAGs
[2025-03-10T04:34:56.734+0000] {logging_mixin.py:190} INFO - [2025-03-10T04:34:56.734+0000] {dag.py:4180} INFO - Setting next_dagrun for source_to_stage to None, run_after=None
[2025-03-10T04:34:56.793+0000] {processor.py:208} INFO - Processing /home/Ashreem/airflow/dags/stage_dag.py took 0.307 seconds
[2025-03-10T04:35:10.835+0000] {processor.py:186} INFO - Started process (PID=119531) to work on /home/Ashreem/airflow/dags/stage_dag.py
[2025-03-10T04:35:10.836+0000] {processor.py:914} INFO - Processing file /home/Ashreem/airflow/dags/stage_dag.py for tasks to queue
[2025-03-10T04:35:10.840+0000] {logging_mixin.py:190} INFO - [2025-03-10T04:35:10.839+0000] {dagbag.py:588} INFO - Filling up the DagBag from /home/Ashreem/airflow/dags/stage_dag.py
[2025-03-10T04:35:10.850+0000] {logging_mixin.py:190} INFO - [2025-03-10T04:35:10.849+0000] {dagbag.py:387} ERROR - Failed to import: /home/Ashreem/airflow/dags/stage_dag.py
Traceback (most recent call last):
  File "/home/Ashreem/airflow-env/lib/python3.12/site-packages/airflow/models/dagbag.py", line 383, in parse
    loader.exec_module(new_module)
  File "<frozen importlib._bootstrap_external>", line 991, in exec_module
  File "<frozen importlib._bootstrap_external>", line 1129, in get_code
  File "<frozen importlib._bootstrap_external>", line 1059, in source_to_code
  File "<frozen importlib._bootstrap>", line 488, in _call_with_frames_removed
  File "/home/Ashreem/airflow/dags/stage_dag.py", line 67
    'table':
           ^
SyntaxError: expression expected after dictionary key and ':'
[2025-03-10T04:35:10.851+0000] {processor.py:927} WARNING - No viable dags retrieved from /home/Ashreem/airflow/dags/stage_dag.py
[2025-03-10T04:35:10.882+0000] {processor.py:208} INFO - Processing /home/Ashreem/airflow/dags/stage_dag.py took 0.055 seconds
[2025-03-10T04:35:15.895+0000] {processor.py:186} INFO - Started process (PID=119533) to work on /home/Ashreem/airflow/dags/stage_dag.py
[2025-03-10T04:35:15.896+0000] {processor.py:914} INFO - Processing file /home/Ashreem/airflow/dags/stage_dag.py for tasks to queue
[2025-03-10T04:35:15.900+0000] {logging_mixin.py:190} INFO - [2025-03-10T04:35:15.899+0000] {dagbag.py:588} INFO - Filling up the DagBag from /home/Ashreem/airflow/dags/stage_dag.py
[2025-03-10T04:35:15.924+0000] {processor.py:925} INFO - DAG(s) 'source_to_stage' retrieved from /home/Ashreem/airflow/dags/stage_dag.py
[2025-03-10T04:35:15.935+0000] {logging_mixin.py:190} INFO - [2025-03-10T04:35:15.934+0000] {dag.py:3239} INFO - Sync 1 DAGs
[2025-03-10T04:35:15.950+0000] {logging_mixin.py:190} INFO - [2025-03-10T04:35:15.950+0000] {dag.py:4180} INFO - Setting next_dagrun for source_to_stage to None, run_after=None
[2025-03-10T04:35:15.998+0000] {processor.py:208} INFO - Processing /home/Ashreem/airflow/dags/stage_dag.py took 0.113 seconds
[2025-03-10T04:35:26.023+0000] {processor.py:186} INFO - Started process (PID=119537) to work on /home/Ashreem/airflow/dags/stage_dag.py
[2025-03-10T04:35:26.024+0000] {processor.py:914} INFO - Processing file /home/Ashreem/airflow/dags/stage_dag.py for tasks to queue
[2025-03-10T04:35:26.027+0000] {logging_mixin.py:190} INFO - [2025-03-10T04:35:26.027+0000] {dagbag.py:588} INFO - Filling up the DagBag from /home/Ashreem/airflow/dags/stage_dag.py
[2025-03-10T04:35:26.053+0000] {processor.py:925} INFO - DAG(s) 'source_to_stage' retrieved from /home/Ashreem/airflow/dags/stage_dag.py
[2025-03-10T04:35:26.066+0000] {logging_mixin.py:190} INFO - [2025-03-10T04:35:26.065+0000] {dag.py:3239} INFO - Sync 1 DAGs
[2025-03-10T04:35:26.083+0000] {logging_mixin.py:190} INFO - [2025-03-10T04:35:26.083+0000] {dag.py:4180} INFO - Setting next_dagrun for source_to_stage to None, run_after=None
[2025-03-10T04:35:26.117+0000] {processor.py:208} INFO - Processing /home/Ashreem/airflow/dags/stage_dag.py took 0.103 seconds
[2025-03-10T04:35:35.323+0000] {processor.py:186} INFO - Started process (PID=119539) to work on /home/Ashreem/airflow/dags/stage_dag.py
[2025-03-10T04:35:35.325+0000] {processor.py:914} INFO - Processing file /home/Ashreem/airflow/dags/stage_dag.py for tasks to queue
[2025-03-10T04:35:35.328+0000] {logging_mixin.py:190} INFO - [2025-03-10T04:35:35.328+0000] {dagbag.py:588} INFO - Filling up the DagBag from /home/Ashreem/airflow/dags/stage_dag.py
[2025-03-10T04:35:35.357+0000] {processor.py:925} INFO - DAG(s) 'source_to_stage' retrieved from /home/Ashreem/airflow/dags/stage_dag.py
[2025-03-10T04:35:35.564+0000] {logging_mixin.py:190} INFO - [2025-03-10T04:35:35.563+0000] {dag.py:3239} INFO - Sync 1 DAGs
[2025-03-10T04:35:35.577+0000] {logging_mixin.py:190} INFO - [2025-03-10T04:35:35.576+0000] {dag.py:4180} INFO - Setting next_dagrun for source_to_stage to None, run_after=None
[2025-03-10T04:35:35.617+0000] {processor.py:208} INFO - Processing /home/Ashreem/airflow/dags/stage_dag.py took 0.305 seconds
[2025-03-10T04:35:39.333+0000] {processor.py:186} INFO - Started process (PID=119540) to work on /home/Ashreem/airflow/dags/stage_dag.py
[2025-03-10T04:35:39.334+0000] {processor.py:914} INFO - Processing file /home/Ashreem/airflow/dags/stage_dag.py for tasks to queue
[2025-03-10T04:35:39.337+0000] {logging_mixin.py:190} INFO - [2025-03-10T04:35:39.337+0000] {dagbag.py:588} INFO - Filling up the DagBag from /home/Ashreem/airflow/dags/stage_dag.py
[2025-03-10T04:35:39.354+0000] {logging_mixin.py:190} INFO - [2025-03-10T04:35:39.350+0000] {dagbag.py:387} ERROR - Failed to import: /home/Ashreem/airflow/dags/stage_dag.py
Traceback (most recent call last):
  File "/home/Ashreem/airflow-env/lib/python3.12/site-packages/airflow/models/dagbag.py", line 383, in parse
    loader.exec_module(new_module)
  File "<frozen importlib._bootstrap_external>", line 995, in exec_module
  File "<frozen importlib._bootstrap>", line 488, in _call_with_frames_removed
  File "/home/Ashreem/airflow/dags/stage_dag.py", line 127, in <module>
    load_stage()
  File "/home/Ashreem/airflow-env/lib/python3.12/site-packages/airflow/models/dag.py", line 4307, in factory
    f(**f_kwargs)
  File "/home/Ashreem/airflow/dags/stage_dag.py", line 75, in load_stage
    load_to_stage=load()
                  ^^^^^^
  File "/home/Ashreem/airflow-env/lib/python3.12/site-packages/airflow/decorators/task_group.py", line 93, in __call__
    return self._create_task_group(TaskGroup, *args, **kwargs)
           ^^^^^^^^^^^^^^^^^^^^^^^^^^^^^^^^^^^^^^^^^^^^^^^^^^^
  File "/home/Ashreem/airflow-env/lib/python3.12/site-packages/airflow/decorators/task_group.py", line 101, in _create_task_group
    retval = self.function(*args, **kwargs)
             ^^^^^^^^^^^^^^^^^^^^^^^^^^^^^^
  File "/home/Ashreem/airflow/dags/stage_dag.py", line 72, in load
    create
NameError: name 'create' is not defined
[2025-03-10T04:35:39.356+0000] {processor.py:927} WARNING - No viable dags retrieved from /home/Ashreem/airflow/dags/stage_dag.py
[2025-03-10T04:35:39.390+0000] {processor.py:208} INFO - Processing /home/Ashreem/airflow/dags/stage_dag.py took 0.066 seconds
[2025-03-10T04:35:46.074+0000] {processor.py:186} INFO - Started process (PID=119544) to work on /home/Ashreem/airflow/dags/stage_dag.py
[2025-03-10T04:35:46.075+0000] {processor.py:914} INFO - Processing file /home/Ashreem/airflow/dags/stage_dag.py for tasks to queue
[2025-03-10T04:35:46.078+0000] {logging_mixin.py:190} INFO - [2025-03-10T04:35:46.077+0000] {dagbag.py:588} INFO - Filling up the DagBag from /home/Ashreem/airflow/dags/stage_dag.py
[2025-03-10T04:35:46.092+0000] {logging_mixin.py:190} INFO - [2025-03-10T04:35:46.089+0000] {dagbag.py:387} ERROR - Failed to import: /home/Ashreem/airflow/dags/stage_dag.py
Traceback (most recent call last):
  File "/home/Ashreem/airflow-env/lib/python3.12/site-packages/airflow/models/dagbag.py", line 383, in parse
    loader.exec_module(new_module)
  File "<frozen importlib._bootstrap_external>", line 995, in exec_module
  File "<frozen importlib._bootstrap>", line 488, in _call_with_frames_removed
  File "/home/Ashreem/airflow/dags/stage_dag.py", line 128, in <module>
    load_stage()
  File "/home/Ashreem/airflow-env/lib/python3.12/site-packages/airflow/models/dag.py", line 4307, in factory
    f(**f_kwargs)
  File "/home/Ashreem/airflow/dags/stage_dag.py", line 76, in load_stage
    load_to_stage=load()
                  ^^^^^^
  File "/home/Ashreem/airflow-env/lib/python3.12/site-packages/airflow/decorators/task_group.py", line 93, in __call__
    return self._create_task_group(TaskGroup, *args, **kwargs)
           ^^^^^^^^^^^^^^^^^^^^^^^^^^^^^^^^^^^^^^^^^^^^^^^^^^^
  File "/home/Ashreem/airflow-env/lib/python3.12/site-packages/airflow/decorators/task_group.py", line 101, in _create_task_group
    retval = self.function(*args, **kwargs)
             ^^^^^^^^^^^^^^^^^^^^^^^^^^^^^^
  File "/home/Ashreem/airflow/dags/stage_dag.py", line 73, in load
    loa
NameError: name 'loa' is not defined
[2025-03-10T04:35:46.094+0000] {processor.py:927} WARNING - No viable dags retrieved from /home/Ashreem/airflow/dags/stage_dag.py
[2025-03-10T04:35:46.135+0000] {processor.py:208} INFO - Processing /home/Ashreem/airflow/dags/stage_dag.py took 0.069 seconds
[2025-03-10T04:35:48.281+0000] {processor.py:186} INFO - Started process (PID=119546) to work on /home/Ashreem/airflow/dags/stage_dag.py
[2025-03-10T04:35:48.282+0000] {processor.py:914} INFO - Processing file /home/Ashreem/airflow/dags/stage_dag.py for tasks to queue
[2025-03-10T04:35:48.289+0000] {logging_mixin.py:190} INFO - [2025-03-10T04:35:48.287+0000] {dagbag.py:588} INFO - Filling up the DagBag from /home/Ashreem/airflow/dags/stage_dag.py
[2025-03-10T04:35:48.321+0000] {processor.py:925} INFO - DAG(s) 'source_to_stage' retrieved from /home/Ashreem/airflow/dags/stage_dag.py
[2025-03-10T04:35:48.338+0000] {logging_mixin.py:190} INFO - [2025-03-10T04:35:48.338+0000] {dag.py:3239} INFO - Sync 1 DAGs
[2025-03-10T04:35:48.354+0000] {logging_mixin.py:190} INFO - [2025-03-10T04:35:48.354+0000] {dag.py:4180} INFO - Setting next_dagrun for source_to_stage to None, run_after=None
[2025-03-10T04:35:48.409+0000] {processor.py:208} INFO - Processing /home/Ashreem/airflow/dags/stage_dag.py took 0.136 seconds
[2025-03-10T04:36:18.570+0000] {processor.py:186} INFO - Started process (PID=119552) to work on /home/Ashreem/airflow/dags/stage_dag.py
[2025-03-10T04:36:18.571+0000] {processor.py:914} INFO - Processing file /home/Ashreem/airflow/dags/stage_dag.py for tasks to queue
[2025-03-10T04:36:18.574+0000] {logging_mixin.py:190} INFO - [2025-03-10T04:36:18.574+0000] {dagbag.py:588} INFO - Filling up the DagBag from /home/Ashreem/airflow/dags/stage_dag.py
[2025-03-10T04:36:18.598+0000] {processor.py:925} INFO - DAG(s) 'source_to_stage' retrieved from /home/Ashreem/airflow/dags/stage_dag.py
[2025-03-10T04:36:18.787+0000] {logging_mixin.py:190} INFO - [2025-03-10T04:36:18.786+0000] {dag.py:3239} INFO - Sync 1 DAGs
[2025-03-10T04:36:18.801+0000] {logging_mixin.py:190} INFO - [2025-03-10T04:36:18.801+0000] {dag.py:4180} INFO - Setting next_dagrun for source_to_stage to None, run_after=None
[2025-03-10T04:36:18.838+0000] {processor.py:208} INFO - Processing /home/Ashreem/airflow/dags/stage_dag.py took 0.277 seconds
[2025-03-10T04:36:33.607+0000] {processor.py:186} INFO - Started process (PID=119556) to work on /home/Ashreem/airflow/dags/stage_dag.py
[2025-03-10T04:36:33.609+0000] {processor.py:914} INFO - Processing file /home/Ashreem/airflow/dags/stage_dag.py for tasks to queue
[2025-03-10T04:36:33.612+0000] {logging_mixin.py:190} INFO - [2025-03-10T04:36:33.612+0000] {dagbag.py:588} INFO - Filling up the DagBag from /home/Ashreem/airflow/dags/stage_dag.py
[2025-03-10T04:36:33.621+0000] {logging_mixin.py:190} INFO - [2025-03-10T04:36:33.619+0000] {dagbag.py:387} ERROR - Failed to import: /home/Ashreem/airflow/dags/stage_dag.py
Traceback (most recent call last):
  File "/home/Ashreem/airflow-env/lib/python3.12/site-packages/airflow/models/dagbag.py", line 383, in parse
    loader.exec_module(new_module)
  File "<frozen importlib._bootstrap_external>", line 991, in exec_module
  File "<frozen importlib._bootstrap_external>", line 1129, in get_code
  File "<frozen importlib._bootstrap_external>", line 1059, in source_to_code
  File "<frozen importlib._bootstrap>", line 488, in _call_with_frames_removed
  File "/home/Ashreem/airflow/dags/stage_dag.py", line 72
    start_
    ^^^^^^^
SyntaxError: invalid syntax. Perhaps you forgot a comma?
[2025-03-10T04:36:33.622+0000] {processor.py:927} WARNING - No viable dags retrieved from /home/Ashreem/airflow/dags/stage_dag.py
[2025-03-10T04:36:33.652+0000] {processor.py:208} INFO - Processing /home/Ashreem/airflow/dags/stage_dag.py took 0.053 seconds
[2025-03-10T04:36:35.523+0000] {processor.py:186} INFO - Started process (PID=119557) to work on /home/Ashreem/airflow/dags/stage_dag.py
[2025-03-10T04:36:35.525+0000] {processor.py:914} INFO - Processing file /home/Ashreem/airflow/dags/stage_dag.py for tasks to queue
[2025-03-10T04:36:35.529+0000] {logging_mixin.py:190} INFO - [2025-03-10T04:36:35.528+0000] {dagbag.py:588} INFO - Filling up the DagBag from /home/Ashreem/airflow/dags/stage_dag.py
[2025-03-10T04:36:35.561+0000] {processor.py:925} INFO - DAG(s) 'source_to_stage' retrieved from /home/Ashreem/airflow/dags/stage_dag.py
[2025-03-10T04:36:35.573+0000] {logging_mixin.py:190} INFO - [2025-03-10T04:36:35.573+0000] {dag.py:3239} INFO - Sync 1 DAGs
[2025-03-10T04:36:35.589+0000] {logging_mixin.py:190} INFO - [2025-03-10T04:36:35.589+0000] {dag.py:4180} INFO - Setting next_dagrun for source_to_stage to None, run_after=None
[2025-03-10T04:36:35.638+0000] {processor.py:208} INFO - Processing /home/Ashreem/airflow/dags/stage_dag.py took 0.124 seconds
[2025-03-10T04:37:40.841+0000] {processor.py:186} INFO - Started process (PID=119613) to work on /home/Ashreem/airflow/dags/stage_dag.py
[2025-03-10T04:37:40.843+0000] {processor.py:914} INFO - Processing file /home/Ashreem/airflow/dags/stage_dag.py for tasks to queue
[2025-03-10T04:37:40.846+0000] {logging_mixin.py:190} INFO - [2025-03-10T04:37:40.846+0000] {dagbag.py:588} INFO - Filling up the DagBag from /home/Ashreem/airflow/dags/stage_dag.py
[2025-03-10T04:37:40.872+0000] {processor.py:925} INFO - DAG(s) 'source_to_stage' retrieved from /home/Ashreem/airflow/dags/stage_dag.py
[2025-03-10T04:37:40.948+0000] {logging_mixin.py:190} INFO - [2025-03-10T04:37:40.948+0000] {dag.py:3239} INFO - Sync 1 DAGs
[2025-03-10T04:37:40.963+0000] {logging_mixin.py:190} INFO - [2025-03-10T04:37:40.963+0000] {dag.py:4180} INFO - Setting next_dagrun for source_to_stage to None, run_after=None
[2025-03-10T04:37:41.002+0000] {processor.py:208} INFO - Processing /home/Ashreem/airflow/dags/stage_dag.py took 0.171 seconds
[2025-03-10T04:38:44.933+0000] {processor.py:186} INFO - Started process (PID=119707) to work on /home/Ashreem/airflow/dags/stage_dag.py
[2025-03-10T04:38:44.934+0000] {processor.py:914} INFO - Processing file /home/Ashreem/airflow/dags/stage_dag.py for tasks to queue
[2025-03-10T04:38:44.937+0000] {logging_mixin.py:190} INFO - [2025-03-10T04:38:44.937+0000] {dagbag.py:588} INFO - Filling up the DagBag from /home/Ashreem/airflow/dags/stage_dag.py
[2025-03-10T04:38:44.960+0000] {processor.py:925} INFO - DAG(s) 'source_to_stage' retrieved from /home/Ashreem/airflow/dags/stage_dag.py
[2025-03-10T04:38:45.037+0000] {logging_mixin.py:190} INFO - [2025-03-10T04:38:45.036+0000] {dag.py:3239} INFO - Sync 1 DAGs
[2025-03-10T04:38:45.055+0000] {logging_mixin.py:190} INFO - [2025-03-10T04:38:45.055+0000] {dag.py:4180} INFO - Setting next_dagrun for source_to_stage to None, run_after=None
[2025-03-10T04:38:45.094+0000] {processor.py:208} INFO - Processing /home/Ashreem/airflow/dags/stage_dag.py took 0.170 seconds
[2025-03-10T04:39:15.231+0000] {processor.py:186} INFO - Started process (PID=119717) to work on /home/Ashreem/airflow/dags/stage_dag.py
[2025-03-10T04:39:15.233+0000] {processor.py:914} INFO - Processing file /home/Ashreem/airflow/dags/stage_dag.py for tasks to queue
[2025-03-10T04:39:15.235+0000] {logging_mixin.py:190} INFO - [2025-03-10T04:39:15.235+0000] {dagbag.py:588} INFO - Filling up the DagBag from /home/Ashreem/airflow/dags/stage_dag.py
[2025-03-10T04:39:15.259+0000] {processor.py:925} INFO - DAG(s) 'source_to_stage' retrieved from /home/Ashreem/airflow/dags/stage_dag.py
[2025-03-10T04:39:15.339+0000] {logging_mixin.py:190} INFO - [2025-03-10T04:39:15.339+0000] {dag.py:3239} INFO - Sync 1 DAGs
[2025-03-10T04:39:15.363+0000] {logging_mixin.py:190} INFO - [2025-03-10T04:39:15.363+0000] {dag.py:4180} INFO - Setting next_dagrun for source_to_stage to None, run_after=None
[2025-03-10T04:39:15.456+0000] {processor.py:208} INFO - Processing /home/Ashreem/airflow/dags/stage_dag.py took 0.232 seconds
[2025-03-10T04:40:01.277+0000] {processor.py:186} INFO - Started process (PID=119772) to work on /home/Ashreem/airflow/dags/stage_dag.py
[2025-03-10T04:40:01.279+0000] {processor.py:914} INFO - Processing file /home/Ashreem/airflow/dags/stage_dag.py for tasks to queue
[2025-03-10T04:40:01.283+0000] {logging_mixin.py:190} INFO - [2025-03-10T04:40:01.282+0000] {dagbag.py:588} INFO - Filling up the DagBag from /home/Ashreem/airflow/dags/stage_dag.py
[2025-03-10T04:40:01.310+0000] {processor.py:925} INFO - DAG(s) 'source_to_stage' retrieved from /home/Ashreem/airflow/dags/stage_dag.py
[2025-03-10T04:40:01.407+0000] {logging_mixin.py:190} INFO - [2025-03-10T04:40:01.406+0000] {dag.py:3239} INFO - Sync 1 DAGs
[2025-03-10T04:40:01.421+0000] {logging_mixin.py:190} INFO - [2025-03-10T04:40:01.421+0000] {dag.py:4180} INFO - Setting next_dagrun for source_to_stage to None, run_after=None
[2025-03-10T04:40:01.457+0000] {processor.py:208} INFO - Processing /home/Ashreem/airflow/dags/stage_dag.py took 0.188 seconds
[2025-03-10T04:41:01.857+0000] {processor.py:186} INFO - Started process (PID=119851) to work on /home/Ashreem/airflow/dags/stage_dag.py
[2025-03-10T04:41:01.859+0000] {processor.py:914} INFO - Processing file /home/Ashreem/airflow/dags/stage_dag.py for tasks to queue
[2025-03-10T04:41:01.862+0000] {logging_mixin.py:190} INFO - [2025-03-10T04:41:01.862+0000] {dagbag.py:588} INFO - Filling up the DagBag from /home/Ashreem/airflow/dags/stage_dag.py
[2025-03-10T04:41:01.884+0000] {processor.py:925} INFO - DAG(s) 'source_to_stage' retrieved from /home/Ashreem/airflow/dags/stage_dag.py
[2025-03-10T04:41:01.965+0000] {logging_mixin.py:190} INFO - [2025-03-10T04:41:01.964+0000] {dag.py:3239} INFO - Sync 1 DAGs
[2025-03-10T04:41:01.979+0000] {logging_mixin.py:190} INFO - [2025-03-10T04:41:01.979+0000] {dag.py:4180} INFO - Setting next_dagrun for source_to_stage to None, run_after=None
[2025-03-10T04:41:02.011+0000] {processor.py:208} INFO - Processing /home/Ashreem/airflow/dags/stage_dag.py took 0.162 seconds
[2025-03-10T04:42:03.665+0000] {processor.py:186} INFO - Started process (PID=119913) to work on /home/Ashreem/airflow/dags/stage_dag.py
[2025-03-10T04:42:03.667+0000] {processor.py:914} INFO - Processing file /home/Ashreem/airflow/dags/stage_dag.py for tasks to queue
[2025-03-10T04:42:03.671+0000] {logging_mixin.py:190} INFO - [2025-03-10T04:42:03.670+0000] {dagbag.py:588} INFO - Filling up the DagBag from /home/Ashreem/airflow/dags/stage_dag.py
[2025-03-10T04:42:03.696+0000] {processor.py:925} INFO - DAG(s) 'source_to_stage' retrieved from /home/Ashreem/airflow/dags/stage_dag.py
[2025-03-10T04:42:03.777+0000] {logging_mixin.py:190} INFO - [2025-03-10T04:42:03.777+0000] {dag.py:3239} INFO - Sync 1 DAGs
[2025-03-10T04:42:03.792+0000] {logging_mixin.py:190} INFO - [2025-03-10T04:42:03.792+0000] {dag.py:4180} INFO - Setting next_dagrun for source_to_stage to None, run_after=None
[2025-03-10T04:42:03.822+0000] {processor.py:208} INFO - Processing /home/Ashreem/airflow/dags/stage_dag.py took 0.165 seconds
[2025-03-10T04:42:35.247+0000] {processor.py:186} INFO - Started process (PID=119932) to work on /home/Ashreem/airflow/dags/stage_dag.py
[2025-03-10T04:42:35.248+0000] {processor.py:914} INFO - Processing file /home/Ashreem/airflow/dags/stage_dag.py for tasks to queue
[2025-03-10T04:42:35.251+0000] {logging_mixin.py:190} INFO - [2025-03-10T04:42:35.251+0000] {dagbag.py:588} INFO - Filling up the DagBag from /home/Ashreem/airflow/dags/stage_dag.py
[2025-03-10T04:42:35.282+0000] {processor.py:925} INFO - DAG(s) 'source_to_stage' retrieved from /home/Ashreem/airflow/dags/stage_dag.py
[2025-03-10T04:42:35.360+0000] {logging_mixin.py:190} INFO - [2025-03-10T04:42:35.359+0000] {dag.py:3239} INFO - Sync 1 DAGs
[2025-03-10T04:42:35.380+0000] {logging_mixin.py:190} INFO - [2025-03-10T04:42:35.380+0000] {dag.py:4180} INFO - Setting next_dagrun for source_to_stage to None, run_after=None
[2025-03-10T04:42:35.417+0000] {processor.py:208} INFO - Processing /home/Ashreem/airflow/dags/stage_dag.py took 0.179 seconds
[2025-03-10T04:43:05.770+0000] {processor.py:186} INFO - Started process (PID=119942) to work on /home/Ashreem/airflow/dags/stage_dag.py
[2025-03-10T04:43:05.771+0000] {processor.py:914} INFO - Processing file /home/Ashreem/airflow/dags/stage_dag.py for tasks to queue
[2025-03-10T04:43:05.774+0000] {logging_mixin.py:190} INFO - [2025-03-10T04:43:05.774+0000] {dagbag.py:588} INFO - Filling up the DagBag from /home/Ashreem/airflow/dags/stage_dag.py
[2025-03-10T04:43:05.799+0000] {processor.py:925} INFO - DAG(s) 'source_to_stage' retrieved from /home/Ashreem/airflow/dags/stage_dag.py
[2025-03-10T04:43:05.878+0000] {logging_mixin.py:190} INFO - [2025-03-10T04:43:05.877+0000] {dag.py:3239} INFO - Sync 1 DAGs
[2025-03-10T04:43:05.897+0000] {logging_mixin.py:190} INFO - [2025-03-10T04:43:05.897+0000] {dag.py:4180} INFO - Setting next_dagrun for source_to_stage to None, run_after=None
[2025-03-10T04:43:05.931+0000] {processor.py:208} INFO - Processing /home/Ashreem/airflow/dags/stage_dag.py took 0.172 seconds
[2025-03-10T04:43:36.129+0000] {processor.py:186} INFO - Started process (PID=119950) to work on /home/Ashreem/airflow/dags/stage_dag.py
[2025-03-10T04:43:36.130+0000] {processor.py:914} INFO - Processing file /home/Ashreem/airflow/dags/stage_dag.py for tasks to queue
[2025-03-10T04:43:36.133+0000] {logging_mixin.py:190} INFO - [2025-03-10T04:43:36.132+0000] {dagbag.py:588} INFO - Filling up the DagBag from /home/Ashreem/airflow/dags/stage_dag.py
[2025-03-10T04:43:36.156+0000] {processor.py:925} INFO - DAG(s) 'source_to_stage' retrieved from /home/Ashreem/airflow/dags/stage_dag.py
[2025-03-10T04:43:36.234+0000] {logging_mixin.py:190} INFO - [2025-03-10T04:43:36.233+0000] {dag.py:3239} INFO - Sync 1 DAGs
[2025-03-10T04:43:36.252+0000] {logging_mixin.py:190} INFO - [2025-03-10T04:43:36.251+0000] {dag.py:4180} INFO - Setting next_dagrun for source_to_stage to None, run_after=None
[2025-03-10T04:43:36.288+0000] {processor.py:208} INFO - Processing /home/Ashreem/airflow/dags/stage_dag.py took 0.167 seconds
[2025-03-10T04:44:06.465+0000] {processor.py:186} INFO - Started process (PID=119965) to work on /home/Ashreem/airflow/dags/stage_dag.py
[2025-03-10T04:44:06.467+0000] {processor.py:914} INFO - Processing file /home/Ashreem/airflow/dags/stage_dag.py for tasks to queue
[2025-03-10T04:44:06.470+0000] {logging_mixin.py:190} INFO - [2025-03-10T04:44:06.470+0000] {dagbag.py:588} INFO - Filling up the DagBag from /home/Ashreem/airflow/dags/stage_dag.py
[2025-03-10T04:44:06.493+0000] {processor.py:925} INFO - DAG(s) 'source_to_stage' retrieved from /home/Ashreem/airflow/dags/stage_dag.py
[2025-03-10T04:44:06.575+0000] {logging_mixin.py:190} INFO - [2025-03-10T04:44:06.575+0000] {dag.py:3239} INFO - Sync 1 DAGs
[2025-03-10T04:44:06.591+0000] {logging_mixin.py:190} INFO - [2025-03-10T04:44:06.591+0000] {dag.py:4180} INFO - Setting next_dagrun for source_to_stage to None, run_after=None
[2025-03-10T04:44:06.627+0000] {processor.py:208} INFO - Processing /home/Ashreem/airflow/dags/stage_dag.py took 0.171 seconds
[2025-03-10T04:44:36.792+0000] {processor.py:186} INFO - Started process (PID=119971) to work on /home/Ashreem/airflow/dags/stage_dag.py
[2025-03-10T04:44:36.793+0000] {processor.py:914} INFO - Processing file /home/Ashreem/airflow/dags/stage_dag.py for tasks to queue
[2025-03-10T04:44:36.797+0000] {logging_mixin.py:190} INFO - [2025-03-10T04:44:36.796+0000] {dagbag.py:588} INFO - Filling up the DagBag from /home/Ashreem/airflow/dags/stage_dag.py
[2025-03-10T04:44:36.821+0000] {processor.py:925} INFO - DAG(s) 'source_to_stage' retrieved from /home/Ashreem/airflow/dags/stage_dag.py
[2025-03-10T04:44:36.899+0000] {logging_mixin.py:190} INFO - [2025-03-10T04:44:36.898+0000] {dag.py:3239} INFO - Sync 1 DAGs
[2025-03-10T04:44:36.914+0000] {logging_mixin.py:190} INFO - [2025-03-10T04:44:36.914+0000] {dag.py:4180} INFO - Setting next_dagrun for source_to_stage to None, run_after=None
[2025-03-10T04:44:36.960+0000] {processor.py:208} INFO - Processing /home/Ashreem/airflow/dags/stage_dag.py took 0.178 seconds
[2025-03-10T04:45:07.122+0000] {processor.py:186} INFO - Started process (PID=119980) to work on /home/Ashreem/airflow/dags/stage_dag.py
[2025-03-10T04:45:07.124+0000] {processor.py:914} INFO - Processing file /home/Ashreem/airflow/dags/stage_dag.py for tasks to queue
[2025-03-10T04:45:07.127+0000] {logging_mixin.py:190} INFO - [2025-03-10T04:45:07.127+0000] {dagbag.py:588} INFO - Filling up the DagBag from /home/Ashreem/airflow/dags/stage_dag.py
[2025-03-10T04:45:07.154+0000] {processor.py:925} INFO - DAG(s) 'source_to_stage' retrieved from /home/Ashreem/airflow/dags/stage_dag.py
[2025-03-10T04:45:07.233+0000] {logging_mixin.py:190} INFO - [2025-03-10T04:45:07.232+0000] {dag.py:3239} INFO - Sync 1 DAGs
[2025-03-10T04:45:07.248+0000] {logging_mixin.py:190} INFO - [2025-03-10T04:45:07.248+0000] {dag.py:4180} INFO - Setting next_dagrun for source_to_stage to None, run_after=None
[2025-03-10T04:45:07.286+0000] {processor.py:208} INFO - Processing /home/Ashreem/airflow/dags/stage_dag.py took 0.172 seconds
[2025-03-10T04:45:37.451+0000] {processor.py:186} INFO - Started process (PID=119986) to work on /home/Ashreem/airflow/dags/stage_dag.py
[2025-03-10T04:45:37.454+0000] {processor.py:914} INFO - Processing file /home/Ashreem/airflow/dags/stage_dag.py for tasks to queue
[2025-03-10T04:45:37.458+0000] {logging_mixin.py:190} INFO - [2025-03-10T04:45:37.457+0000] {dagbag.py:588} INFO - Filling up the DagBag from /home/Ashreem/airflow/dags/stage_dag.py
[2025-03-10T04:45:37.481+0000] {processor.py:925} INFO - DAG(s) 'source_to_stage' retrieved from /home/Ashreem/airflow/dags/stage_dag.py
[2025-03-10T04:45:37.561+0000] {logging_mixin.py:190} INFO - [2025-03-10T04:45:37.560+0000] {dag.py:3239} INFO - Sync 1 DAGs
[2025-03-10T04:45:37.577+0000] {logging_mixin.py:190} INFO - [2025-03-10T04:45:37.577+0000] {dag.py:4180} INFO - Setting next_dagrun for source_to_stage to None, run_after=None
[2025-03-10T04:45:37.611+0000] {processor.py:208} INFO - Processing /home/Ashreem/airflow/dags/stage_dag.py took 0.168 seconds
[2025-03-10T04:46:08.604+0000] {processor.py:186} INFO - Started process (PID=119994) to work on /home/Ashreem/airflow/dags/stage_dag.py
[2025-03-10T04:46:08.605+0000] {processor.py:914} INFO - Processing file /home/Ashreem/airflow/dags/stage_dag.py for tasks to queue
[2025-03-10T04:46:08.608+0000] {logging_mixin.py:190} INFO - [2025-03-10T04:46:08.608+0000] {dagbag.py:588} INFO - Filling up the DagBag from /home/Ashreem/airflow/dags/stage_dag.py
[2025-03-10T04:46:08.632+0000] {processor.py:925} INFO - DAG(s) 'source_to_stage' retrieved from /home/Ashreem/airflow/dags/stage_dag.py
[2025-03-10T04:46:08.713+0000] {logging_mixin.py:190} INFO - [2025-03-10T04:46:08.712+0000] {dag.py:3239} INFO - Sync 1 DAGs
[2025-03-10T04:46:08.729+0000] {logging_mixin.py:190} INFO - [2025-03-10T04:46:08.729+0000] {dag.py:4180} INFO - Setting next_dagrun for source_to_stage to None, run_after=None
[2025-03-10T04:46:08.767+0000] {processor.py:208} INFO - Processing /home/Ashreem/airflow/dags/stage_dag.py took 0.171 seconds
[2025-03-10T04:46:38.936+0000] {processor.py:186} INFO - Started process (PID=120007) to work on /home/Ashreem/airflow/dags/stage_dag.py
[2025-03-10T04:46:38.938+0000] {processor.py:914} INFO - Processing file /home/Ashreem/airflow/dags/stage_dag.py for tasks to queue
[2025-03-10T04:46:38.941+0000] {logging_mixin.py:190} INFO - [2025-03-10T04:46:38.941+0000] {dagbag.py:588} INFO - Filling up the DagBag from /home/Ashreem/airflow/dags/stage_dag.py
[2025-03-10T04:46:38.968+0000] {processor.py:925} INFO - DAG(s) 'source_to_stage' retrieved from /home/Ashreem/airflow/dags/stage_dag.py
[2025-03-10T04:46:39.052+0000] {logging_mixin.py:190} INFO - [2025-03-10T04:46:39.052+0000] {dag.py:3239} INFO - Sync 1 DAGs
[2025-03-10T04:46:39.068+0000] {logging_mixin.py:190} INFO - [2025-03-10T04:46:39.068+0000] {dag.py:4180} INFO - Setting next_dagrun for source_to_stage to None, run_after=None
[2025-03-10T04:46:39.106+0000] {processor.py:208} INFO - Processing /home/Ashreem/airflow/dags/stage_dag.py took 0.178 seconds
[2025-03-10T04:47:09.281+0000] {processor.py:186} INFO - Started process (PID=120014) to work on /home/Ashreem/airflow/dags/stage_dag.py
[2025-03-10T04:47:09.282+0000] {processor.py:914} INFO - Processing file /home/Ashreem/airflow/dags/stage_dag.py for tasks to queue
[2025-03-10T04:47:09.286+0000] {logging_mixin.py:190} INFO - [2025-03-10T04:47:09.285+0000] {dagbag.py:588} INFO - Filling up the DagBag from /home/Ashreem/airflow/dags/stage_dag.py
[2025-03-10T04:47:09.312+0000] {processor.py:925} INFO - DAG(s) 'source_to_stage' retrieved from /home/Ashreem/airflow/dags/stage_dag.py
[2025-03-10T04:47:09.398+0000] {logging_mixin.py:190} INFO - [2025-03-10T04:47:09.397+0000] {dag.py:3239} INFO - Sync 1 DAGs
[2025-03-10T04:47:09.415+0000] {logging_mixin.py:190} INFO - [2025-03-10T04:47:09.415+0000] {dag.py:4180} INFO - Setting next_dagrun for source_to_stage to None, run_after=None
[2025-03-10T04:47:09.452+0000] {processor.py:208} INFO - Processing /home/Ashreem/airflow/dags/stage_dag.py took 0.180 seconds
[2025-03-10T04:47:39.607+0000] {processor.py:186} INFO - Started process (PID=120020) to work on /home/Ashreem/airflow/dags/stage_dag.py
[2025-03-10T04:47:39.609+0000] {processor.py:914} INFO - Processing file /home/Ashreem/airflow/dags/stage_dag.py for tasks to queue
[2025-03-10T04:47:39.612+0000] {logging_mixin.py:190} INFO - [2025-03-10T04:47:39.612+0000] {dagbag.py:588} INFO - Filling up the DagBag from /home/Ashreem/airflow/dags/stage_dag.py
[2025-03-10T04:47:39.637+0000] {processor.py:925} INFO - DAG(s) 'source_to_stage' retrieved from /home/Ashreem/airflow/dags/stage_dag.py
[2025-03-10T04:47:39.721+0000] {logging_mixin.py:190} INFO - [2025-03-10T04:47:39.721+0000] {dag.py:3239} INFO - Sync 1 DAGs
[2025-03-10T04:47:39.738+0000] {logging_mixin.py:190} INFO - [2025-03-10T04:47:39.737+0000] {dag.py:4180} INFO - Setting next_dagrun for source_to_stage to None, run_after=None
[2025-03-10T04:47:39.774+0000] {processor.py:208} INFO - Processing /home/Ashreem/airflow/dags/stage_dag.py took 0.176 seconds
[2025-03-10T04:48:09.929+0000] {processor.py:186} INFO - Started process (PID=120028) to work on /home/Ashreem/airflow/dags/stage_dag.py
[2025-03-10T04:48:09.930+0000] {processor.py:914} INFO - Processing file /home/Ashreem/airflow/dags/stage_dag.py for tasks to queue
[2025-03-10T04:48:09.933+0000] {logging_mixin.py:190} INFO - [2025-03-10T04:48:09.932+0000] {dagbag.py:588} INFO - Filling up the DagBag from /home/Ashreem/airflow/dags/stage_dag.py
[2025-03-10T04:48:09.961+0000] {processor.py:925} INFO - DAG(s) 'source_to_stage' retrieved from /home/Ashreem/airflow/dags/stage_dag.py
[2025-03-10T04:48:10.039+0000] {logging_mixin.py:190} INFO - [2025-03-10T04:48:10.038+0000] {dag.py:3239} INFO - Sync 1 DAGs
[2025-03-10T04:48:10.053+0000] {logging_mixin.py:190} INFO - [2025-03-10T04:48:10.052+0000] {dag.py:4180} INFO - Setting next_dagrun for source_to_stage to None, run_after=None
[2025-03-10T04:48:10.095+0000] {processor.py:208} INFO - Processing /home/Ashreem/airflow/dags/stage_dag.py took 0.173 seconds
[2025-03-10T04:50:00.064+0000] {processor.py:186} INFO - Started process (PID=120144) to work on /home/Ashreem/airflow/dags/stage_dag.py
[2025-03-10T04:50:00.065+0000] {processor.py:914} INFO - Processing file /home/Ashreem/airflow/dags/stage_dag.py for tasks to queue
[2025-03-10T04:50:00.069+0000] {logging_mixin.py:190} INFO - [2025-03-10T04:50:00.068+0000] {dagbag.py:588} INFO - Filling up the DagBag from /home/Ashreem/airflow/dags/stage_dag.py
[2025-03-10T04:50:00.096+0000] {processor.py:925} INFO - DAG(s) 'source_to_stage' retrieved from /home/Ashreem/airflow/dags/stage_dag.py
[2025-03-10T04:50:00.177+0000] {logging_mixin.py:190} INFO - [2025-03-10T04:50:00.176+0000] {dag.py:3239} INFO - Sync 1 DAGs
[2025-03-10T04:50:00.196+0000] {logging_mixin.py:190} INFO - [2025-03-10T04:50:00.196+0000] {dag.py:4180} INFO - Setting next_dagrun for source_to_stage to None, run_after=None
[2025-03-10T04:50:00.254+0000] {processor.py:208} INFO - Processing /home/Ashreem/airflow/dags/stage_dag.py took 0.197 seconds
[2025-03-10T04:50:30.483+0000] {processor.py:186} INFO - Started process (PID=120168) to work on /home/Ashreem/airflow/dags/stage_dag.py
[2025-03-10T04:50:30.483+0000] {processor.py:914} INFO - Processing file /home/Ashreem/airflow/dags/stage_dag.py for tasks to queue
[2025-03-10T04:50:30.489+0000] {logging_mixin.py:190} INFO - [2025-03-10T04:50:30.488+0000] {dagbag.py:588} INFO - Filling up the DagBag from /home/Ashreem/airflow/dags/stage_dag.py
[2025-03-10T04:50:30.519+0000] {processor.py:925} INFO - DAG(s) 'source_to_stage' retrieved from /home/Ashreem/airflow/dags/stage_dag.py
[2025-03-10T04:50:30.602+0000] {logging_mixin.py:190} INFO - [2025-03-10T04:50:30.602+0000] {dag.py:3239} INFO - Sync 1 DAGs
[2025-03-10T04:50:30.618+0000] {logging_mixin.py:190} INFO - [2025-03-10T04:50:30.618+0000] {dag.py:4180} INFO - Setting next_dagrun for source_to_stage to None, run_after=None
[2025-03-10T04:50:30.655+0000] {processor.py:208} INFO - Processing /home/Ashreem/airflow/dags/stage_dag.py took 0.181 seconds
[2025-03-10T04:52:22.333+0000] {processor.py:186} INFO - Started process (PID=120285) to work on /home/Ashreem/airflow/dags/stage_dag.py
[2025-03-10T04:52:22.335+0000] {processor.py:914} INFO - Processing file /home/Ashreem/airflow/dags/stage_dag.py for tasks to queue
[2025-03-10T04:52:22.338+0000] {logging_mixin.py:190} INFO - [2025-03-10T04:52:22.337+0000] {dagbag.py:588} INFO - Filling up the DagBag from /home/Ashreem/airflow/dags/stage_dag.py
[2025-03-10T04:52:22.370+0000] {processor.py:925} INFO - DAG(s) 'source_to_stage' retrieved from /home/Ashreem/airflow/dags/stage_dag.py
[2025-03-10T04:52:22.452+0000] {logging_mixin.py:190} INFO - [2025-03-10T04:52:22.451+0000] {dag.py:3239} INFO - Sync 1 DAGs
[2025-03-10T04:52:22.469+0000] {logging_mixin.py:190} INFO - [2025-03-10T04:52:22.469+0000] {dag.py:4180} INFO - Setting next_dagrun for source_to_stage to None, run_after=None
[2025-03-10T04:52:22.507+0000] {processor.py:208} INFO - Processing /home/Ashreem/airflow/dags/stage_dag.py took 0.182 seconds
[2025-03-10T04:54:16.559+0000] {processor.py:186} INFO - Started process (PID=120432) to work on /home/Ashreem/airflow/dags/stage_dag.py
[2025-03-10T04:54:16.560+0000] {processor.py:914} INFO - Processing file /home/Ashreem/airflow/dags/stage_dag.py for tasks to queue
[2025-03-10T04:54:16.564+0000] {logging_mixin.py:190} INFO - [2025-03-10T04:54:16.563+0000] {dagbag.py:588} INFO - Filling up the DagBag from /home/Ashreem/airflow/dags/stage_dag.py
[2025-03-10T04:54:16.590+0000] {processor.py:925} INFO - DAG(s) 'source_to_stage' retrieved from /home/Ashreem/airflow/dags/stage_dag.py
[2025-03-10T04:54:16.683+0000] {logging_mixin.py:190} INFO - [2025-03-10T04:54:16.683+0000] {dag.py:3239} INFO - Sync 1 DAGs
[2025-03-10T04:54:16.699+0000] {logging_mixin.py:190} INFO - [2025-03-10T04:54:16.699+0000] {dag.py:4180} INFO - Setting next_dagrun for source_to_stage to None, run_after=None
[2025-03-10T04:54:16.732+0000] {processor.py:208} INFO - Processing /home/Ashreem/airflow/dags/stage_dag.py took 0.181 seconds
[2025-03-10T04:54:47.228+0000] {processor.py:186} INFO - Started process (PID=120458) to work on /home/Ashreem/airflow/dags/stage_dag.py
[2025-03-10T04:54:47.229+0000] {processor.py:914} INFO - Processing file /home/Ashreem/airflow/dags/stage_dag.py for tasks to queue
[2025-03-10T04:54:47.232+0000] {logging_mixin.py:190} INFO - [2025-03-10T04:54:47.232+0000] {dagbag.py:588} INFO - Filling up the DagBag from /home/Ashreem/airflow/dags/stage_dag.py
[2025-03-10T04:54:47.255+0000] {processor.py:925} INFO - DAG(s) 'source_to_stage' retrieved from /home/Ashreem/airflow/dags/stage_dag.py
[2025-03-10T04:54:47.328+0000] {logging_mixin.py:190} INFO - [2025-03-10T04:54:47.328+0000] {dag.py:3239} INFO - Sync 1 DAGs
[2025-03-10T04:54:47.342+0000] {logging_mixin.py:190} INFO - [2025-03-10T04:54:47.342+0000] {dag.py:4180} INFO - Setting next_dagrun for source_to_stage to None, run_after=None
[2025-03-10T04:54:47.383+0000] {processor.py:208} INFO - Processing /home/Ashreem/airflow/dags/stage_dag.py took 0.162 seconds
[2025-03-10T04:56:26.237+0000] {processor.py:186} INFO - Started process (PID=120588) to work on /home/Ashreem/airflow/dags/stage_dag.py
[2025-03-10T04:56:26.239+0000] {processor.py:914} INFO - Processing file /home/Ashreem/airflow/dags/stage_dag.py for tasks to queue
[2025-03-10T04:56:26.242+0000] {logging_mixin.py:190} INFO - [2025-03-10T04:56:26.242+0000] {dagbag.py:588} INFO - Filling up the DagBag from /home/Ashreem/airflow/dags/stage_dag.py
[2025-03-10T04:56:26.267+0000] {processor.py:925} INFO - DAG(s) 'source_to_stage' retrieved from /home/Ashreem/airflow/dags/stage_dag.py
[2025-03-10T04:56:26.343+0000] {logging_mixin.py:190} INFO - [2025-03-10T04:56:26.342+0000] {dag.py:3239} INFO - Sync 1 DAGs
[2025-03-10T04:56:26.358+0000] {logging_mixin.py:190} INFO - [2025-03-10T04:56:26.358+0000] {dag.py:4180} INFO - Setting next_dagrun for source_to_stage to None, run_after=None
[2025-03-10T04:56:26.393+0000] {processor.py:208} INFO - Processing /home/Ashreem/airflow/dags/stage_dag.py took 0.164 seconds
[2025-03-10T04:56:58.750+0000] {processor.py:186} INFO - Started process (PID=120622) to work on /home/Ashreem/airflow/dags/stage_dag.py
[2025-03-10T04:56:58.752+0000] {processor.py:914} INFO - Processing file /home/Ashreem/airflow/dags/stage_dag.py for tasks to queue
[2025-03-10T04:56:58.755+0000] {logging_mixin.py:190} INFO - [2025-03-10T04:56:58.754+0000] {dagbag.py:588} INFO - Filling up the DagBag from /home/Ashreem/airflow/dags/stage_dag.py
[2025-03-10T04:56:58.779+0000] {processor.py:925} INFO - DAG(s) 'source_to_stage' retrieved from /home/Ashreem/airflow/dags/stage_dag.py
[2025-03-10T04:56:58.860+0000] {logging_mixin.py:190} INFO - [2025-03-10T04:56:58.860+0000] {dag.py:3239} INFO - Sync 1 DAGs
[2025-03-10T04:56:58.876+0000] {logging_mixin.py:190} INFO - [2025-03-10T04:56:58.876+0000] {dag.py:4180} INFO - Setting next_dagrun for source_to_stage to None, run_after=None
[2025-03-10T04:56:58.910+0000] {processor.py:208} INFO - Processing /home/Ashreem/airflow/dags/stage_dag.py took 0.170 seconds
[2025-03-10T04:58:30.383+0000] {processor.py:186} INFO - Started process (PID=120734) to work on /home/Ashreem/airflow/dags/stage_dag.py
[2025-03-10T04:58:30.384+0000] {processor.py:914} INFO - Processing file /home/Ashreem/airflow/dags/stage_dag.py for tasks to queue
[2025-03-10T04:58:30.387+0000] {logging_mixin.py:190} INFO - [2025-03-10T04:58:30.387+0000] {dagbag.py:588} INFO - Filling up the DagBag from /home/Ashreem/airflow/dags/stage_dag.py
[2025-03-10T04:58:30.418+0000] {processor.py:925} INFO - DAG(s) 'source_to_stage' retrieved from /home/Ashreem/airflow/dags/stage_dag.py
[2025-03-10T04:58:30.500+0000] {logging_mixin.py:190} INFO - [2025-03-10T04:58:30.499+0000] {dag.py:3239} INFO - Sync 1 DAGs
[2025-03-10T04:58:30.515+0000] {logging_mixin.py:190} INFO - [2025-03-10T04:58:30.515+0000] {dag.py:4180} INFO - Setting next_dagrun for source_to_stage to None, run_after=None
[2025-03-10T04:58:30.545+0000] {processor.py:208} INFO - Processing /home/Ashreem/airflow/dags/stage_dag.py took 0.170 seconds
[2025-03-10T04:59:01.518+0000] {processor.py:186} INFO - Started process (PID=120763) to work on /home/Ashreem/airflow/dags/stage_dag.py
[2025-03-10T04:59:01.519+0000] {processor.py:914} INFO - Processing file /home/Ashreem/airflow/dags/stage_dag.py for tasks to queue
[2025-03-10T04:59:01.522+0000] {logging_mixin.py:190} INFO - [2025-03-10T04:59:01.521+0000] {dagbag.py:588} INFO - Filling up the DagBag from /home/Ashreem/airflow/dags/stage_dag.py
[2025-03-10T04:59:01.545+0000] {processor.py:925} INFO - DAG(s) 'source_to_stage' retrieved from /home/Ashreem/airflow/dags/stage_dag.py
[2025-03-10T04:59:01.626+0000] {logging_mixin.py:190} INFO - [2025-03-10T04:59:01.625+0000] {dag.py:3239} INFO - Sync 1 DAGs
[2025-03-10T04:59:01.641+0000] {logging_mixin.py:190} INFO - [2025-03-10T04:59:01.641+0000] {dag.py:4180} INFO - Setting next_dagrun for source_to_stage to None, run_after=None
[2025-03-10T04:59:01.673+0000] {processor.py:208} INFO - Processing /home/Ashreem/airflow/dags/stage_dag.py took 0.165 seconds
[2025-03-10T05:00:44.438+0000] {processor.py:186} INFO - Started process (PID=120889) to work on /home/Ashreem/airflow/dags/stage_dag.py
[2025-03-10T05:00:44.439+0000] {processor.py:914} INFO - Processing file /home/Ashreem/airflow/dags/stage_dag.py for tasks to queue
[2025-03-10T05:00:44.442+0000] {logging_mixin.py:190} INFO - [2025-03-10T05:00:44.442+0000] {dagbag.py:588} INFO - Filling up the DagBag from /home/Ashreem/airflow/dags/stage_dag.py
[2025-03-10T05:00:44.464+0000] {processor.py:925} INFO - DAG(s) 'source_to_stage' retrieved from /home/Ashreem/airflow/dags/stage_dag.py
[2025-03-10T05:00:44.540+0000] {logging_mixin.py:190} INFO - [2025-03-10T05:00:44.539+0000] {dag.py:3239} INFO - Sync 1 DAGs
[2025-03-10T05:00:44.556+0000] {logging_mixin.py:190} INFO - [2025-03-10T05:00:44.556+0000] {dag.py:4180} INFO - Setting next_dagrun for source_to_stage to None, run_after=None
[2025-03-10T05:00:44.589+0000] {processor.py:208} INFO - Processing /home/Ashreem/airflow/dags/stage_dag.py took 0.161 seconds
[2025-03-10T05:01:14.726+0000] {processor.py:186} INFO - Started process (PID=120909) to work on /home/Ashreem/airflow/dags/stage_dag.py
[2025-03-10T05:01:14.727+0000] {processor.py:914} INFO - Processing file /home/Ashreem/airflow/dags/stage_dag.py for tasks to queue
[2025-03-10T05:01:14.731+0000] {logging_mixin.py:190} INFO - [2025-03-10T05:01:14.730+0000] {dagbag.py:588} INFO - Filling up the DagBag from /home/Ashreem/airflow/dags/stage_dag.py
[2025-03-10T05:01:14.752+0000] {processor.py:925} INFO - DAG(s) 'source_to_stage' retrieved from /home/Ashreem/airflow/dags/stage_dag.py
[2025-03-10T05:01:14.823+0000] {logging_mixin.py:190} INFO - [2025-03-10T05:01:14.822+0000] {dag.py:3239} INFO - Sync 1 DAGs
[2025-03-10T05:01:14.839+0000] {logging_mixin.py:190} INFO - [2025-03-10T05:01:14.838+0000] {dag.py:4180} INFO - Setting next_dagrun for source_to_stage to None, run_after=None
[2025-03-10T05:01:14.873+0000] {processor.py:208} INFO - Processing /home/Ashreem/airflow/dags/stage_dag.py took 0.154 seconds
[2025-03-10T05:02:50.195+0000] {processor.py:186} INFO - Started process (PID=121023) to work on /home/Ashreem/airflow/dags/stage_dag.py
[2025-03-10T05:02:50.196+0000] {processor.py:914} INFO - Processing file /home/Ashreem/airflow/dags/stage_dag.py for tasks to queue
[2025-03-10T05:02:50.199+0000] {logging_mixin.py:190} INFO - [2025-03-10T05:02:50.199+0000] {dagbag.py:588} INFO - Filling up the DagBag from /home/Ashreem/airflow/dags/stage_dag.py
[2025-03-10T05:02:50.222+0000] {processor.py:925} INFO - DAG(s) 'source_to_stage' retrieved from /home/Ashreem/airflow/dags/stage_dag.py
[2025-03-10T05:02:50.301+0000] {logging_mixin.py:190} INFO - [2025-03-10T05:02:50.300+0000] {dag.py:3239} INFO - Sync 1 DAGs
[2025-03-10T05:02:50.316+0000] {logging_mixin.py:190} INFO - [2025-03-10T05:02:50.315+0000] {dag.py:4180} INFO - Setting next_dagrun for source_to_stage to None, run_after=None
[2025-03-10T05:02:50.348+0000] {processor.py:208} INFO - Processing /home/Ashreem/airflow/dags/stage_dag.py took 0.162 seconds
[2025-03-10T05:03:20.431+0000] {processor.py:186} INFO - Started process (PID=121043) to work on /home/Ashreem/airflow/dags/stage_dag.py
[2025-03-10T05:03:20.433+0000] {processor.py:914} INFO - Processing file /home/Ashreem/airflow/dags/stage_dag.py for tasks to queue
[2025-03-10T05:03:20.436+0000] {logging_mixin.py:190} INFO - [2025-03-10T05:03:20.436+0000] {dagbag.py:588} INFO - Filling up the DagBag from /home/Ashreem/airflow/dags/stage_dag.py
[2025-03-10T05:03:20.462+0000] {processor.py:925} INFO - DAG(s) 'source_to_stage' retrieved from /home/Ashreem/airflow/dags/stage_dag.py
[2025-03-10T05:03:20.544+0000] {logging_mixin.py:190} INFO - [2025-03-10T05:03:20.543+0000] {dag.py:3239} INFO - Sync 1 DAGs
[2025-03-10T05:03:20.560+0000] {logging_mixin.py:190} INFO - [2025-03-10T05:03:20.559+0000] {dag.py:4180} INFO - Setting next_dagrun for source_to_stage to None, run_after=None
[2025-03-10T05:03:20.594+0000] {processor.py:208} INFO - Processing /home/Ashreem/airflow/dags/stage_dag.py took 0.171 seconds
[2025-03-10T05:04:57.132+0000] {processor.py:186} INFO - Started process (PID=121165) to work on /home/Ashreem/airflow/dags/stage_dag.py
[2025-03-10T05:04:57.133+0000] {processor.py:914} INFO - Processing file /home/Ashreem/airflow/dags/stage_dag.py for tasks to queue
[2025-03-10T05:04:57.136+0000] {logging_mixin.py:190} INFO - [2025-03-10T05:04:57.135+0000] {dagbag.py:588} INFO - Filling up the DagBag from /home/Ashreem/airflow/dags/stage_dag.py
[2025-03-10T05:04:57.159+0000] {processor.py:925} INFO - DAG(s) 'source_to_stage' retrieved from /home/Ashreem/airflow/dags/stage_dag.py
[2025-03-10T05:04:57.239+0000] {logging_mixin.py:190} INFO - [2025-03-10T05:04:57.238+0000] {dag.py:3239} INFO - Sync 1 DAGs
[2025-03-10T05:04:57.254+0000] {logging_mixin.py:190} INFO - [2025-03-10T05:04:57.254+0000] {dag.py:4180} INFO - Setting next_dagrun for source_to_stage to None, run_after=None
[2025-03-10T05:04:57.290+0000] {processor.py:208} INFO - Processing /home/Ashreem/airflow/dags/stage_dag.py took 0.168 seconds
[2025-03-10T05:05:27.389+0000] {processor.py:186} INFO - Started process (PID=121191) to work on /home/Ashreem/airflow/dags/stage_dag.py
[2025-03-10T05:05:27.390+0000] {processor.py:914} INFO - Processing file /home/Ashreem/airflow/dags/stage_dag.py for tasks to queue
[2025-03-10T05:05:27.393+0000] {logging_mixin.py:190} INFO - [2025-03-10T05:05:27.393+0000] {dagbag.py:588} INFO - Filling up the DagBag from /home/Ashreem/airflow/dags/stage_dag.py
[2025-03-10T05:05:27.421+0000] {processor.py:925} INFO - DAG(s) 'source_to_stage' retrieved from /home/Ashreem/airflow/dags/stage_dag.py
[2025-03-10T05:05:27.500+0000] {logging_mixin.py:190} INFO - [2025-03-10T05:05:27.499+0000] {dag.py:3239} INFO - Sync 1 DAGs
[2025-03-10T05:05:27.513+0000] {logging_mixin.py:190} INFO - [2025-03-10T05:05:27.513+0000] {dag.py:4180} INFO - Setting next_dagrun for source_to_stage to None, run_after=None
[2025-03-10T05:05:27.549+0000] {processor.py:208} INFO - Processing /home/Ashreem/airflow/dags/stage_dag.py took 0.170 seconds
[2025-03-10T05:07:07.506+0000] {processor.py:186} INFO - Started process (PID=121307) to work on /home/Ashreem/airflow/dags/stage_dag.py
[2025-03-10T05:07:07.508+0000] {processor.py:914} INFO - Processing file /home/Ashreem/airflow/dags/stage_dag.py for tasks to queue
[2025-03-10T05:07:07.511+0000] {logging_mixin.py:190} INFO - [2025-03-10T05:07:07.510+0000] {dagbag.py:588} INFO - Filling up the DagBag from /home/Ashreem/airflow/dags/stage_dag.py
[2025-03-10T05:07:07.533+0000] {processor.py:925} INFO - DAG(s) 'source_to_stage' retrieved from /home/Ashreem/airflow/dags/stage_dag.py
[2025-03-10T05:07:07.610+0000] {logging_mixin.py:190} INFO - [2025-03-10T05:07:07.609+0000] {dag.py:3239} INFO - Sync 1 DAGs
[2025-03-10T05:07:07.625+0000] {logging_mixin.py:190} INFO - [2025-03-10T05:07:07.625+0000] {dag.py:4180} INFO - Setting next_dagrun for source_to_stage to None, run_after=None
[2025-03-10T05:07:07.658+0000] {processor.py:208} INFO - Processing /home/Ashreem/airflow/dags/stage_dag.py took 0.160 seconds
[2025-03-10T05:07:37.894+0000] {processor.py:186} INFO - Started process (PID=121327) to work on /home/Ashreem/airflow/dags/stage_dag.py
[2025-03-10T05:07:37.895+0000] {processor.py:914} INFO - Processing file /home/Ashreem/airflow/dags/stage_dag.py for tasks to queue
[2025-03-10T05:07:37.898+0000] {logging_mixin.py:190} INFO - [2025-03-10T05:07:37.898+0000] {dagbag.py:588} INFO - Filling up the DagBag from /home/Ashreem/airflow/dags/stage_dag.py
[2025-03-10T05:07:37.925+0000] {processor.py:925} INFO - DAG(s) 'source_to_stage' retrieved from /home/Ashreem/airflow/dags/stage_dag.py
[2025-03-10T05:07:38.009+0000] {logging_mixin.py:190} INFO - [2025-03-10T05:07:38.008+0000] {dag.py:3239} INFO - Sync 1 DAGs
[2025-03-10T05:07:38.026+0000] {logging_mixin.py:190} INFO - [2025-03-10T05:07:38.025+0000] {dag.py:4180} INFO - Setting next_dagrun for source_to_stage to None, run_after=None
[2025-03-10T05:07:38.066+0000] {processor.py:208} INFO - Processing /home/Ashreem/airflow/dags/stage_dag.py took 0.181 seconds
[2025-03-10T05:08:08.514+0000] {processor.py:186} INFO - Started process (PID=121338) to work on /home/Ashreem/airflow/dags/stage_dag.py
[2025-03-10T05:08:08.515+0000] {processor.py:914} INFO - Processing file /home/Ashreem/airflow/dags/stage_dag.py for tasks to queue
[2025-03-10T05:08:08.518+0000] {logging_mixin.py:190} INFO - [2025-03-10T05:08:08.518+0000] {dagbag.py:588} INFO - Filling up the DagBag from /home/Ashreem/airflow/dags/stage_dag.py
[2025-03-10T05:08:08.543+0000] {processor.py:925} INFO - DAG(s) 'source_to_stage' retrieved from /home/Ashreem/airflow/dags/stage_dag.py
[2025-03-10T05:08:08.622+0000] {logging_mixin.py:190} INFO - [2025-03-10T05:08:08.621+0000] {dag.py:3239} INFO - Sync 1 DAGs
[2025-03-10T05:08:08.638+0000] {logging_mixin.py:190} INFO - [2025-03-10T05:08:08.638+0000] {dag.py:4180} INFO - Setting next_dagrun for source_to_stage to None, run_after=None
[2025-03-10T05:08:08.679+0000] {processor.py:208} INFO - Processing /home/Ashreem/airflow/dags/stage_dag.py took 0.172 seconds
[2025-03-10T05:08:39.081+0000] {processor.py:186} INFO - Started process (PID=121345) to work on /home/Ashreem/airflow/dags/stage_dag.py
[2025-03-10T05:08:39.083+0000] {processor.py:914} INFO - Processing file /home/Ashreem/airflow/dags/stage_dag.py for tasks to queue
[2025-03-10T05:08:39.086+0000] {logging_mixin.py:190} INFO - [2025-03-10T05:08:39.085+0000] {dagbag.py:588} INFO - Filling up the DagBag from /home/Ashreem/airflow/dags/stage_dag.py
[2025-03-10T05:08:39.111+0000] {processor.py:925} INFO - DAG(s) 'source_to_stage' retrieved from /home/Ashreem/airflow/dags/stage_dag.py
[2025-03-10T05:08:39.198+0000] {logging_mixin.py:190} INFO - [2025-03-10T05:08:39.197+0000] {dag.py:3239} INFO - Sync 1 DAGs
[2025-03-10T05:08:39.213+0000] {logging_mixin.py:190} INFO - [2025-03-10T05:08:39.213+0000] {dag.py:4180} INFO - Setting next_dagrun for source_to_stage to None, run_after=None
[2025-03-10T05:08:39.252+0000] {processor.py:208} INFO - Processing /home/Ashreem/airflow/dags/stage_dag.py took 0.178 seconds
[2025-03-10T05:09:09.596+0000] {processor.py:186} INFO - Started process (PID=121355) to work on /home/Ashreem/airflow/dags/stage_dag.py
[2025-03-10T05:09:09.597+0000] {processor.py:914} INFO - Processing file /home/Ashreem/airflow/dags/stage_dag.py for tasks to queue
[2025-03-10T05:09:09.601+0000] {logging_mixin.py:190} INFO - [2025-03-10T05:09:09.600+0000] {dagbag.py:588} INFO - Filling up the DagBag from /home/Ashreem/airflow/dags/stage_dag.py
[2025-03-10T05:09:09.625+0000] {processor.py:925} INFO - DAG(s) 'source_to_stage' retrieved from /home/Ashreem/airflow/dags/stage_dag.py
[2025-03-10T05:09:09.703+0000] {logging_mixin.py:190} INFO - [2025-03-10T05:09:09.703+0000] {dag.py:3239} INFO - Sync 1 DAGs
[2025-03-10T05:09:09.718+0000] {logging_mixin.py:190} INFO - [2025-03-10T05:09:09.718+0000] {dag.py:4180} INFO - Setting next_dagrun for source_to_stage to None, run_after=None
[2025-03-10T05:09:09.752+0000] {processor.py:208} INFO - Processing /home/Ashreem/airflow/dags/stage_dag.py took 0.164 seconds
[2025-03-10T05:09:40.007+0000] {processor.py:186} INFO - Started process (PID=121364) to work on /home/Ashreem/airflow/dags/stage_dag.py
[2025-03-10T05:09:40.008+0000] {processor.py:914} INFO - Processing file /home/Ashreem/airflow/dags/stage_dag.py for tasks to queue
[2025-03-10T05:09:40.011+0000] {logging_mixin.py:190} INFO - [2025-03-10T05:09:40.010+0000] {dagbag.py:588} INFO - Filling up the DagBag from /home/Ashreem/airflow/dags/stage_dag.py
[2025-03-10T05:09:40.034+0000] {processor.py:925} INFO - DAG(s) 'source_to_stage' retrieved from /home/Ashreem/airflow/dags/stage_dag.py
[2025-03-10T05:09:40.113+0000] {logging_mixin.py:190} INFO - [2025-03-10T05:09:40.113+0000] {dag.py:3239} INFO - Sync 1 DAGs
[2025-03-10T05:09:40.129+0000] {logging_mixin.py:190} INFO - [2025-03-10T05:09:40.128+0000] {dag.py:4180} INFO - Setting next_dagrun for source_to_stage to None, run_after=None
[2025-03-10T05:09:40.166+0000] {processor.py:208} INFO - Processing /home/Ashreem/airflow/dags/stage_dag.py took 0.168 seconds
[2025-03-10T05:10:10.542+0000] {processor.py:186} INFO - Started process (PID=121372) to work on /home/Ashreem/airflow/dags/stage_dag.py
[2025-03-10T05:10:10.545+0000] {processor.py:914} INFO - Processing file /home/Ashreem/airflow/dags/stage_dag.py for tasks to queue
[2025-03-10T05:10:10.548+0000] {logging_mixin.py:190} INFO - [2025-03-10T05:10:10.547+0000] {dagbag.py:588} INFO - Filling up the DagBag from /home/Ashreem/airflow/dags/stage_dag.py
[2025-03-10T05:10:10.572+0000] {processor.py:925} INFO - DAG(s) 'source_to_stage' retrieved from /home/Ashreem/airflow/dags/stage_dag.py
[2025-03-10T05:10:10.646+0000] {logging_mixin.py:190} INFO - [2025-03-10T05:10:10.645+0000] {dag.py:3239} INFO - Sync 1 DAGs
[2025-03-10T05:10:10.663+0000] {logging_mixin.py:190} INFO - [2025-03-10T05:10:10.663+0000] {dag.py:4180} INFO - Setting next_dagrun for source_to_stage to None, run_after=None
[2025-03-10T05:10:10.705+0000] {processor.py:208} INFO - Processing /home/Ashreem/airflow/dags/stage_dag.py took 0.170 seconds
[2025-03-10T05:10:41.230+0000] {processor.py:186} INFO - Started process (PID=121382) to work on /home/Ashreem/airflow/dags/stage_dag.py
[2025-03-10T05:10:41.232+0000] {processor.py:914} INFO - Processing file /home/Ashreem/airflow/dags/stage_dag.py for tasks to queue
[2025-03-10T05:10:41.235+0000] {logging_mixin.py:190} INFO - [2025-03-10T05:10:41.234+0000] {dagbag.py:588} INFO - Filling up the DagBag from /home/Ashreem/airflow/dags/stage_dag.py
[2025-03-10T05:10:41.259+0000] {processor.py:925} INFO - DAG(s) 'source_to_stage' retrieved from /home/Ashreem/airflow/dags/stage_dag.py
[2025-03-10T05:10:41.346+0000] {logging_mixin.py:190} INFO - [2025-03-10T05:10:41.346+0000] {dag.py:3239} INFO - Sync 1 DAGs
[2025-03-10T05:10:41.364+0000] {logging_mixin.py:190} INFO - [2025-03-10T05:10:41.364+0000] {dag.py:4180} INFO - Setting next_dagrun for source_to_stage to None, run_after=None
[2025-03-10T05:10:41.400+0000] {processor.py:208} INFO - Processing /home/Ashreem/airflow/dags/stage_dag.py took 0.178 seconds
[2025-03-10T05:11:11.580+0000] {processor.py:186} INFO - Started process (PID=121391) to work on /home/Ashreem/airflow/dags/stage_dag.py
[2025-03-10T05:11:11.581+0000] {processor.py:914} INFO - Processing file /home/Ashreem/airflow/dags/stage_dag.py for tasks to queue
[2025-03-10T05:11:11.585+0000] {logging_mixin.py:190} INFO - [2025-03-10T05:11:11.584+0000] {dagbag.py:588} INFO - Filling up the DagBag from /home/Ashreem/airflow/dags/stage_dag.py
[2025-03-10T05:11:11.610+0000] {processor.py:925} INFO - DAG(s) 'source_to_stage' retrieved from /home/Ashreem/airflow/dags/stage_dag.py
[2025-03-10T05:11:11.691+0000] {logging_mixin.py:190} INFO - [2025-03-10T05:11:11.691+0000] {dag.py:3239} INFO - Sync 1 DAGs
[2025-03-10T05:11:11.707+0000] {logging_mixin.py:190} INFO - [2025-03-10T05:11:11.706+0000] {dag.py:4180} INFO - Setting next_dagrun for source_to_stage to None, run_after=None
[2025-03-10T05:11:11.747+0000] {processor.py:208} INFO - Processing /home/Ashreem/airflow/dags/stage_dag.py took 0.176 seconds
[2025-03-10T05:11:41.944+0000] {processor.py:186} INFO - Started process (PID=121407) to work on /home/Ashreem/airflow/dags/stage_dag.py
[2025-03-10T05:11:41.945+0000] {processor.py:914} INFO - Processing file /home/Ashreem/airflow/dags/stage_dag.py for tasks to queue
[2025-03-10T05:11:41.949+0000] {logging_mixin.py:190} INFO - [2025-03-10T05:11:41.948+0000] {dagbag.py:588} INFO - Filling up the DagBag from /home/Ashreem/airflow/dags/stage_dag.py
[2025-03-10T05:11:41.975+0000] {processor.py:925} INFO - DAG(s) 'source_to_stage' retrieved from /home/Ashreem/airflow/dags/stage_dag.py
[2025-03-10T05:11:42.049+0000] {logging_mixin.py:190} INFO - [2025-03-10T05:11:42.049+0000] {dag.py:3239} INFO - Sync 1 DAGs
[2025-03-10T05:11:42.067+0000] {logging_mixin.py:190} INFO - [2025-03-10T05:11:42.067+0000] {dag.py:4180} INFO - Setting next_dagrun for source_to_stage to None, run_after=None
[2025-03-10T05:11:42.110+0000] {processor.py:208} INFO - Processing /home/Ashreem/airflow/dags/stage_dag.py took 0.173 seconds
[2025-03-10T05:12:12.343+0000] {processor.py:186} INFO - Started process (PID=121560) to work on /home/Ashreem/airflow/dags/stage_dag.py
[2025-03-10T05:12:12.345+0000] {processor.py:914} INFO - Processing file /home/Ashreem/airflow/dags/stage_dag.py for tasks to queue
[2025-03-10T05:12:12.348+0000] {logging_mixin.py:190} INFO - [2025-03-10T05:12:12.347+0000] {dagbag.py:588} INFO - Filling up the DagBag from /home/Ashreem/airflow/dags/stage_dag.py
[2025-03-10T05:12:12.371+0000] {processor.py:925} INFO - DAG(s) 'source_to_stage' retrieved from /home/Ashreem/airflow/dags/stage_dag.py
[2025-03-10T05:12:12.453+0000] {logging_mixin.py:190} INFO - [2025-03-10T05:12:12.452+0000] {dag.py:3239} INFO - Sync 1 DAGs
[2025-03-10T05:12:12.468+0000] {logging_mixin.py:190} INFO - [2025-03-10T05:12:12.467+0000] {dag.py:4180} INFO - Setting next_dagrun for source_to_stage to None, run_after=None
[2025-03-10T05:12:12.506+0000] {processor.py:208} INFO - Processing /home/Ashreem/airflow/dags/stage_dag.py took 0.171 seconds
